&MODEL_GRIDS
 TLM0D=-94.0
 TPH0D=41.7
 IM=75
 JM=121
 LM=45
 PTINP=2500.
 DLMD=0.098
 DPHD=0.098
 DT=30.
 IDTAD=2
 IMONTH=04
 IDATE=24
 IYEAR=2001
 ISTRTIM=00
 NSOIL=4
 NINIT=9
 INIT_IN(1)='/home/models/iowaeta/worketa/data/eta_prep/01042400000.ETA_tile'
 INIT_IN(2)='/home/models/iowaeta/worketa/data/eta_prep/01042400003.ETA_tile'
 INIT_IN(3)='/home/models/iowaeta/worketa/data/eta_prep/01042400006.ETA_tile'
 INIT_IN(4)='/home/models/iowaeta/worketa/data/eta_prep/01042400009.ETA_tile'
 INIT_IN(5)='/home/models/iowaeta/worketa/data/eta_prep/01042400012.ETA_tile'
 INIT_IN(6)='/home/models/iowaeta/worketa/data/eta_prep/01042400015.ETA_tile'
 INIT_IN(7)='/home/models/iowaeta/worketa/data/eta_prep/01042400018.ETA_tile'
 INIT_IN(8)='/home/models/iowaeta/worketa/data/eta_prep/01042400021.ETA_tile'
 INIT_IN(9)='/home/models/iowaeta/worketa/data/eta_prep/01042400024.ETA_tile'
 INIT_GDSDIR='/home/models/iowaeta/worketa/data/eta_prep/gdsinfo.ETA_tile'
 INIT_OUT='/home/models/iowaeta/worketa/run_time'
 TBOCO=3.0
 NHOUR=24
&END
 
&SURFACE
 TOPO_IN='/home/models/iowaeta/worketa/data/topo/'
 TOPO_OUT='/home/models/iowaeta/worketa/run_time/etatopo.dat'
 GRIBSOIL=.TRUE.
 seares=2.
&END
 
&INIT_DIAG
 SIGMA=.FALSE.
 HIRES=.TRUE.
&END
FORTRAN STOP
  
 ETA grid parameters:
    im   =           75  jm  =          121
    imt  =          149  jmt =           61
    imjm =         9015
  
 soil levels  in ecommons             4
  centered at     41.70000       -94.00000    
 seares in eta_commons:     2.000000    
  
 Ingesting data - file = 
 /home/models/iowaeta/worketa/data/eta_prep/01042400000.ETA_tile
         9015           38           75          121
 In getdata
    - data sector size:            118           94           38
 reading in getdata           118           94           38
 U,V,Z,Q :     22.61735       -3.406476        13837.57       2.0366089E-05
 trying to open /home/models/iowaeta/worketa/data/eta_prep/gdsinfo.ETA_tile
 gds(1-14):             3          118           94        21617      -122746 
            8      -107000        32463        32463            0           64 
        50000        50000            0
 Horizontally interpolate data to ETA grid....             1
 calling with gproj= LC
 hibupt outside domain i,j=           75            1    35.44683     
   -85.13317        118.4881        54.85153    
