 gds in get_gds:            59           47        21617      -122746
 gds in get_gds:            59           47        23155      -105995
 gds in get_gds:            59           47        34077      -126088
 gds in get_gds:            59           47        36084      -105773
            1  eta.t00z.awip3200.09     
 gds in get_gds:            59           47        21617      -122746
 gds in get_gds:            59           47        21617      -122746
            2  eta.t00z.awip3200.10     
 gds in get_gds:            59           47        23155      -105995
 gds in get_gds:            59           47        23155      -105995
            3  eta.t00z.awip3200.15     
 gds in get_gds:            59           47        34077      -126088
 gds in get_gds:            59           47        34077      -126088
            4  eta.t00z.awip3200.16     
 gds in get_gds:            59           47        36084      -105773
 gds in get_gds:            59           47        36084      -105773
  
 WRITING THE DATA TO FILE
 gds based sw values     21.61700       -122.7460    
 gds based ne corner     46.19131       -80.57285    
 leaving get_fullgds
 writing kgds             3          118           94        21617      -122746
             8      -107000        32463        32463            0           64
         50000        50000            0
 level 20          118           94
 mixr * 1000.
    1.6     1.3     1.1     0.9     0.6     0.4     0.0     1.1     1.3     2.5
    1.6     1.0     1.1     1.0     0.6     0.6     0.0     0.9     1.0     2.6
    1.4     0.8     1.0     1.0     0.7     0.6     0.0     0.5     0.3     1.8
    1.6     1.2     1.1     0.9     0.7     0.5     0.2     0.5     0.1     1.2
    1.7     1.2     1.2     0.7     0.6     0.4     0.3     0.6     0.2     0.7
    1.3     0.6     0.9     0.7     0.8     0.4     0.3     0.2     0.0     0.7
    0.7     0.7     0.8     0.7     1.0     0.3     0.3     0.2     0.1     0.7
    0.4     0.9     0.5     0.4     0.9     0.3     0.3     0.2     1.5     0.5
    0.5     1.1     0.4     0.2     0.9     0.4     0.4     0.2     1.3     0.5
    0.8     1.5     0.9     0.7     0.8     0.5     0.4     0.4     1.3     0.4
    0.8     1.5     1.1     0.6     0.5     0.3     0.3     0.7     0.1     0.5
    0.7     1.3     1.4     0.8     0.5     0.3     0.6     1.0     1.0     0.5
    0.6     1.1     1.6     0.8     0.6     0.5     1.2     1.4     2.3     0.6
    2.3     2.2     2.8     1.4     0.0     0.3     1.3     2.4     0.8     0.6
    0.8     2.3     2.6     1.2     0.0     0.3     1.4     2.0     0.6     0.2
    0.5     1.5     1.9     1.3     0.2     0.8     3.0     1.2     0.3     0.1
 HT
 5605.7  5653.8  5648.7  5617.5  5551.4  5511.5  5460.3  5407.6  5493.9  5644.8
 5663.9  5698.0  5689.2  5662.4  5594.3  5543.5  5485.6  5433.5  5511.3  5674.4
 5720.9  5723.2  5724.3  5703.2  5640.0  5580.9  5509.5  5473.1  5548.9  5703.6
 5766.7  5747.4  5744.4  5728.5  5667.8  5610.6  5542.1  5518.0  5594.0  5735.1
 5787.7  5772.2  5759.0  5742.4  5692.0  5642.9  5579.8  5561.1  5635.3  5759.1
 5791.3  5789.8  5767.9  5739.9  5712.9  5673.0  5615.5  5604.8  5682.9  5788.3
 5804.5  5808.2  5782.8  5749.7  5727.4  5698.1  5650.8  5660.8  5732.6  5817.4
 5822.8  5820.5  5799.5  5766.5  5743.4  5721.0  5692.4  5714.5  5768.9  5841.3
 5825.2  5818.5  5811.2  5786.4  5758.9  5740.8  5727.5  5758.3  5798.4  5849.3
 5822.2  5821.3  5810.8  5799.3  5771.8  5767.0  5761.3  5793.2  5820.0  5858.4
 5815.2  5820.3  5810.5  5811.7  5790.2  5792.3  5797.4  5818.2  5842.0  5864.4
 5809.5  5807.5  5809.8  5820.5  5809.9  5813.7  5830.7  5843.8  5848.7  5870.2
 5812.9  5793.9  5813.7  5827.0  5830.5  5826.8  5849.7  5853.4  5846.9  5871.5
 5811.2  5788.0  5818.5  5836.9  5849.7  5831.8  5855.2  5858.2  5857.9  5873.4
 5812.5  5799.8  5826.4  5846.2  5862.3  5839.4  5861.9  5864.2  5860.0  5868.0
 5824.8  5814.3  5830.4  5853.4  5864.2  5853.8  5863.2  5854.9  5863.5  5860.0
 UW
   24.4    23.7    18.0    17.8    15.9    14.6     9.4     7.4    16.8    28.6
   19.3    19.6    17.3    21.1    18.1    16.9     9.0    13.0    17.6    24.8
   16.3    12.5    12.3    16.3    16.5    17.5    13.4    18.5    20.7    23.8
   11.2    12.0    10.2    10.1    11.0    12.0    15.5    20.7    24.9    24.6
    6.5     9.1    11.6    10.3    10.6    12.6    14.8    20.4    25.0    22.1
    8.2     6.6     9.0     7.7     9.1    10.2    14.9    24.3    29.4    17.2
   12.1     5.1     7.3     6.2    11.7     9.5    19.6    26.1    27.1    17.4
    6.4     1.4     3.5     5.1    10.0    11.3    20.1    23.2    21.6    13.2
    3.1     1.9     0.1     3.1    10.3    12.2    21.9    21.1    19.9     7.2
    0.9     2.3     0.0     7.0    11.8    17.9    22.6    16.0    12.6     4.2
   -1.6    -0.6    -1.0     6.0     8.9    14.6    16.9    14.9    12.0     4.5
   -0.7     1.3     3.3     7.0    12.1    14.2    15.9    12.0     0.4     2.2
   -1.5     0.5     8.2    11.6     7.8     8.3    10.0    10.0     3.1     2.1
   -0.2    -0.4     6.6     9.1     6.4     7.3     7.2     7.6     4.0     2.7
    6.9     8.3     0.8     7.4     7.3     9.3     8.8     8.3     0.8     0.0
   15.8     7.4     1.5     3.7     7.4     9.8    11.4 TILES TO GRIB
    5.1     0.7    -1.7
 VW
   15.7     5.0    -3.3    -5.9   -11.8   -11.0   -15.5    -0.1    27.5    27.0
   12.8     1.2    -2.3    -5.3   -13.2   -13.3   -15.7    -1.8    31.3    29.8
   11.3    -1.6    -2.8    -5.9   -12.1   -14.1   -15.4     2.6    24.4    27.4
    8.4    -3.3    -4.2    -8.3   -10.1   -13.7   -15.2     1.8    19.2    28.1
    4.6    -2.2    -5.5    -8.4    -9.2   -15.1   -10.5     4.0    19.1    27.6
    2.9    -0.5    -7.2    -8.6   -11.0   -17.2    -8.1     4.4    21.5    24.1
    2.8    -1.4    -8.6    -8.2    -8.1   -12.8    -8.0     6.5    20.0    20.4
   -0.7    -3.3    -7.5    -8.3    -5.2    -7.1    -5.6     9.9    15.9    15.3
   -3.4    -5.0    -6.4    -9.1    -5.4    -3.6     0.5     9.2    10.9    11.6
   -3.5    -5.2    -4.6    -4.4    -5.2     0.5     1.6     7.9     8.4     8.6
   -4.7    -4.7    -1.2    -1.1    -0.1     1.8     2.8     4.5     9.8     6.0
   -6.3    -6.1     1.0     1.0     1.9     1.0     3.0    -2.2     5.7     5.4
   -5.9    -6.3     4.8     1.2     2.3     1.6     2.4    -3.6     6.9     5.7
   -2.6    -3.4     7.7     0.1     0.3     1.5     2.9    -2.3     7.8     6.5
   -0.3     7.3     9.4     0.0    -0.2     1.4     1.3    -4.0     4.9     6.6
   -1.5     7.3     8.5     3.1    -0.3     3.9     1.6    -0.4     2.2     4.7
 TH
  311.4   309.6   309.0   308.2   303.5   301.5   298.9   306.8   312.3   317.5
  311.8   309.8   309.3   309.0   304.6   302.1   299.8   308.5   313.6   317.4
  312.1   310.2   310.5   309.6   305.4   303.5   301.7   310.0   313.6   318.3
  313.1   312.7   312.7   310.8   307.2   304.6   304.1   310.0   312.3   318.6
  314.6   314.8   313.9   312.1   308.2   305.2   304.7   308.4   311.4   318.6
  316.2   316.6   315.3   312.1   307.8   306.2   305.0   307.9   314.9   319.2
  316.3   317.4   316.2   313.7   308.4   306.8   306.2   311.3   317.4   320.0
  316.9   317.7   317.8   316.8   310.4   308.2   310.0   313.9   316.6   320.1
  317.4   317.3   318.9   318.3   312.8   312.4   312.9   316.1   317.1   320.0
  317.4   316.5   318.3   318.0   315.7   316.1   316.4   316.5   318.1   320.3
  317.9   317.1   318.9   319.2   318.2   318.1   317.9   317.9   319.9   320.6
  318.8   318.5   319.2   320.2   319.5   319.9   319.3   318.8   319.9   321.6
  319.5   319.2   320.2   320.8   318.3   320.5   320.8   320.0   319.9   322.0
  317.6   318.9   319.7   320.8   319.5   321.3   321.9   319.7   320.8   322.6
  318.3   320.6   320.2   320.9   320.6   321.3   322.6   320.2   322.3   323.4
  321.2   321.1   321.8   321.2   321.7   321.9   322.3   322.5   324.0   324.3
 field, value             1    1.000000    
 field, value             2    102024.9    
 field, value             3    79734.88    
 field, value             4    2074.750    
 field, value             5    287.2051    
 field, value             6   0.2607085    
 field, value             7    279.1753    
 field, value             8   0.2855357    
 field, value             9    278.1309    
 field, value            10   0.3049671    
 field, value            11    275.3809    
 field, value            12   0.3141860    
 gds in get_gds:            59           47        21617      -122746
 gds in get_gds:            59           47        23155      -105995
 gds in get_gds:            59           47        34077      -126088
 gds in get_gds:            59           47        36084      -105773
            1  eta.t00z.awip3203.09     
 gds in get_gds:            59           47        21617      -122746
 gds in get_gds:            59           47        21617      -122746
            2  eta.t00z.awip3203.10     
 gds in get_gds:            59           47        23155      -105995
 gds in get_gds:            59           47        23155      -105995
            3  eta.t00z.awip3203.15     
 gds in get_gds:            59           47        34077      -126088
 gds in get_gds:            59           47        34077      -126088
            4  eta.t00z.awip3203.16     
 gds in get_gds:            59           47        36084      -105773
 gds in get_gds:            59           47        36084      -105773
  
 WRITING THE DATA TO FILE
 gds based sw values     21.61700       -122.7460    
 gds based ne corner     46.19131       -80.57285    
 leaving get_fullgds
 writing kgds             3          118           94        21617      -122746
             8      -107000        32463        32463            0           64
         50000        50000            0
 level 20          118           94
 mixr * 1000.
    1.6     1.5     1.0     0.9     0.6     0.5     0.0     0.5     0.5     2.3
    1.5     1.3     1.1     1.1     0.8     0.6     0.0     0.4     0.2     1.6
    1.1     1.2     0.8     1.2     0.9     0.7     0.1     0.1     0.5     1.4
    1.4     1.3     1.0     1.1     0.7     0.7     0.2     0.1     0.2     1.4
    1.5     1.1     1.3     1.0     0.5     0.7     0.2     0.2     0.1     1.7
    0.8     0.8     1.0     0.7     0.6     0.7     0.2     0.1     0.1     1.5
    0.5     0.8     0.9     0.6     0.7     0.5     0.2     0.2     0.1     0.9
    0.4     0.8     0.5     0.6     0.9     0.4     0.2     0.3     0.0     0.5
    0.4     0.9     0.3     0.3     0.9     0.3     0.4     0.4     2.1     0.4
    0.6     1.3     0.7     0.4     0.8     0.6     0.4     0.2     2.5     0.6
    0.8     1.3     1.1     0.6     0.6     0.4     0.2     0.2     0.8     0.6
    0.6     1.3     1.5     0.8     0.5     0.4     0.4     0.6     1.2     0.5
    0.6     1.1     1.9     1.0     0.6     0.4     0.8     0.8     2.5     0.7
    1.4     2.1     3.3     1.7     0.2     0.2     1.1     2.6     0.5     0.7
    0.5     2.0     2.2     1.4     0.0     0.3     1.2     1.8     0.3     0.2
    0.9     1.9     1.8     1.4     0.5     2.0     2.4     1.9     0.1     0.0
 HT
 5626.0  5649.1  5661.8  5634.5  5585.0  5538.0  5472.0  5417.5  5444.4  5634.4
 5692.2  5695.8  5698.8  5672.6  5622.5  5572.2  5501.5  5430.0  5471.7  5647.8
 5735.3  5735.7  5725.6  5714.8  5657.1  5602.2  5533.3  5458.0  5517.4  5673.7
 5764.1  5765.6  5747.3  5735.6  5677.2  5629.7  5573.3  5510.0  5567.2  5712.5
 5781.1  5787.7  5768.8  5739.8  5698.0  5658.3  5614.7  5567.9  5619.8  5743.3
 5786.5  5798.6  5789.5  5750.7  5727.1  5693.8  5646.9  5617.9  5677.4  5774.9
 5794.5  5808.7  5800.1  5768.6  5744.3  5722.4  5674.4  5669.0  5737.4  5801.5
 5807.7  5820.7  5813.5  5789.6  5752.0  5739.2  5706.8  5725.0  5788.7  5826.8
 5815.9  5823.5  5813.3  5796.7  5758.5  5747.6  5742.0  5770.3  5819.1  5845.3
 5824.9  5820.0  5810.4  5801.4  5773.0  5761.3  5785.1  5810.8  5831.9  5855.0
 5826.9  5811.8  5809.4  5816.4  5796.0  5780.0  5819.9  5837.9  5846.6  5861.5
 5822.9  5798.7  5811.2  5826.3  5817.7  5803.9  5839.8  5859.0  5853.9  5869.6
 5819.9  5793.7  5815.4  5834.7  5838.0  5821.3  5847.0  5863.0  5848.6  5877.3
 5819.3  5795.9  5818.3  5839.7  5849.7  5837.6  5846.5  5842.4  5853.4  5877.1
 5821.0  5809.7  5832.4  5840.4  5854.0  5850.0  5852.3  5850.1  5857.1  5874.1
 5837.2  5822.2  5832.9  5841.5  5858.3  5864.0  5850.8  5863.3  5855.3  5870.8
 UW
   22.0    22.1    17.7    15.3    16.5    13.3    11.0     8.2    16.5    22.8
   19.4    18.2    15.9    21.3    17.5    15.9    11.3    10.1    23.7    27.0
   15.6    14.1    12.5    17.5    17.4    18.4    14.7    18.1    23.1    27.3
   12.4    12.3     9.1    10.1    11.7    15.4    17.4    19.1    23.6    26.5
    8.5     9.0     9.1     8.2     8.5    13.5    14.3    19.3    29.5    25.2
    9.7     7.8     9.1     6.5     6.9    11.1    14.5    21.2    30.1    25.5
   12.5     7.1     6.3     5.5     7.0     7.8    16.0    23.4    26.9    19.4
    7.2     2.4     2.9     4.9     8.8    10.0    16.1    25.9    23.0    13.0
    2.8    -0.1    -0.3     2.8     7.4    10.6    18.6    23.1    17.3     8.5
    0.9     0.7    -0.8     2.8     9.5    17.2    20.9    18.3     9.3     5.3
   -1.8    -2.5    -0.8     4.5     9.3    15.8    16.6    14.5     9.7     3.8
   -1.2    -2.0     1.9     5.8    10.5    14.2    15.2    11.2     2.6     1.6
   -1.7    -1.8     4.7    10.4     8.6     9.8    10.2     4.6     6.8     1.9
   -3.2    -2.2     1.0     7.8     6.5     7.2    10.2    -2.4    10.1     2.3
    4.8     9.5     3.2     5.2     5.5     9.9    10.3     1.4     4.8     2.1
   18.8     9.4     6.3     2.3     5.9     9.8    11.5 TILES TO GRIB
    4.1     2.5     0.2
 VW
   18.1     9.7    -6.9    -7.3   -13.5   -11.1   -14.4    -5.3    20.6    29.7
   14.3     6.6    -8.9    -6.4   -12.2   -12.1   -12.9    -6.9    15.0    28.2
   12.3     2.7    -8.5    -7.0   -13.8   -12.2   -14.6    -7.0    17.4    26.4
   10.2    -1.3    -5.8    -5.9   -14.6   -13.0   -17.2    -5.7    20.1    27.1
    6.5     0.7    -5.7    -7.9   -11.5   -12.0   -14.0    -5.8    21.7    24.8
    2.7     2.3    -5.9    -8.3   -10.2   -11.0   -12.7    -2.9    19.8    22.1
    1.7     0.5    -6.0    -7.0   -10.7    -9.3   -10.9     3.7    16.4    20.4
   -0.3    -2.7    -5.6    -6.7    -7.8    -8.5    -7.2     7.1    10.5    16.4
   -3.0    -3.4    -4.2    -5.2    -7.4    -5.1     0.0     6.5     5.7    12.2
   -3.9    -4.1    -2.2    -3.7    -6.3    -0.8     2.8     2.3     6.6     8.0
   -4.3    -5.4    -1.7    -1.4    -1.2     2.4     2.3    -0.3    10.7     4.4
   -5.0    -6.3     0.1     1.3     0.7     2.2     0.1    -3.3     0.3     4.4
   -5.4    -6.3     3.0     2.2     1.5     0.9     0.6    -3.7     8.7     4.3
   -6.1    -3.5     8.6     1.7    -1.3     0.5     1.6    -4.3     5.5     4.9
   -3.8     6.8    13.4     2.2    -1.4     1.4     0.6     2.5     2.1     4.4
   -0.1     4.2    10.9     4.6    -0.4     4.4    -0.5    -0.9     3.4     4.6
 TH
  311.6   311.1   309.9   308.4   304.9   301.5   299.0   302.7   309.6   316.3
  312.3   311.1   310.2   309.0   306.1   301.9   299.7   303.0   311.1   316.1
  312.8   311.9   310.7   309.3   305.8   303.2   300.9   305.6   311.4   316.9
  313.4   314.0   311.7   311.0   307.9   304.8   303.0   307.3   310.9   317.6
  314.9   315.5   313.4   311.0   309.7   305.6   304.7   306.8   312.2   316.7
  316.4   316.9   315.2   312.5   309.9   306.7   305.9   307.1   313.8   317.5
  316.6   317.5   316.7   314.6   310.3   306.8   307.7   308.8   316.3   318.6
  316.7   317.7   318.0   316.9   310.8   308.6   310.9   312.6   316.9   319.3
  317.5   318.0   319.2   318.9   312.5   311.8   313.9   316.0   316.8   319.7
  317.8   317.4   318.3   318.3   315.4   315.3   316.9   317.5   317.8   320.0
  318.6   317.7   318.4   319.2   318.4   318.6   318.8   318.2   319.4   320.4
  319.2   318.3   318.6   320.0   319.3   319.8   320.3   318.9   319.8   321.5
  319.3   319.0   319.7   320.9   319.0   319.8   321.0   319.4   320.0   321.0
  318.4   318.1   320.7   320.9   320.0   320.3   321.8   320.4   322.1   321.5
  319.8   319.8   319.5   320.6   320.4   321.0   322.6   320.6   323.5   323.2
  322.1   320.4   320.9   320.7   321.6   320.7   323.6   322.1   324.9   324.6
 field, value             1    1.000000    
 field, value             2    102174.1    
 field, value             3    79814.81    
 field, value             4    2074.750    
 field, value             5    282.1689    
 field, value             6   0.2635560    
 field, value             7    279.4128    
 field, value             8   0.2855305    
 field, value             9    278.1406    
 field, value            10   0.3050055    
 field, value            11    275.3887    
 field, value            12   0.3141860    
 gds in get_gds:            59           47        21617      -122746
 gds in get_gds:            59           47        23155      -105995
 gds in get_gds:            59           47        34077      -126088
 gds in get_gds:            59           47        36084      -105773
            1  eta.t00z.awip3206.09     
 gds in get_gds:            59           47        21617      -122746
 gds in get_gds:            59           47        21617      -122746
            2  eta.t00z.awip3206.10     
 gds in get_gds:            59           47        23155      -105995
 gds in get_gds:            59           47        23155      -105995
            3  eta.t00z.awip3206.15     
 gds in get_gds:            59           47        34077      -126088
 gds in get_gds:            59           47        34077      -126088
            4  eta.t00z.awip3206.16     
 gds in get_gds:            59           47        36084      -105773
 gds in get_gds:            59           47        36084      -105773
  
 WRITING THE DATA TO FILE
 gds based sw values     21.61700       -122.7460    
 gds based ne corner     46.19131       -80.57285    
 leaving get_fullgds
 writing kgds             3          118           94        21617      -122746
             8      -107000        32463        32463            0           64
         50000        50000            0
 level 20          118           94
 mixr * 1000.
    1.6     1.5     1.2     0.7     0.5     0.4     0.0     0.1     0.8     0.1
    0.7     1.4     1.1     0.9     0.7     0.5     0.1     0.1     0.5     0.1
    0.3     1.2     1.0     1.1     1.0     0.6     0.3     0.1     0.5     0.1
    0.4     1.2     0.8     1.1     1.0     0.7     0.5     0.0     0.4     0.3
    0.4     1.1     1.0     1.2     0.7     0.7     0.5     0.1     0.1     1.0
    0.4     1.0     1.1     0.9     0.5     0.8     0.2     0.2     0.2     1.4
    0.4     0.8     0.7     0.7     0.4     0.6     0.2     0.2     0.3     1.6
    0.4     0.8     0.6     0.6     0.4     0.6     0.2     0.2     0.2     1.1
    0.3     0.9     0.3     0.4     0.4     0.4     0.4     0.4     0.9     1.1
    0.6     1.1     0.5     0.2     0.2     0.7     0.5     0.3     2.4     0.9
    0.9     1.2     1.0     0.7     0.7     0.4     0.2     0.3     1.7     0.9
    0.8     1.3     1.5     0.9     0.5     0.4     0.4     0.7     1.4     0.7
    0.6     1.1     2.0     1.5     0.7     0.3     0.8     2.3     2.8     0.7
    0.6     2.0     2.7     1.8     0.5     0.2     1.3     2.7     0.8     0.4
    1.0     1.0     2.2     1.5     0.0     1.4     1.1     2.7     0.4     0.1
    0.7     0.6     1.6     1.3     0.8     2.1     1.9     2.2     0.1     0.1
 HT
 5617.5  5672.9  5683.6  5644.9  5615.6  5548.3  5479.1  5417.8  5431.7  5553.2
 5679.6  5720.4  5708.6  5677.9  5647.5  5580.7  5511.9  5443.7  5467.1  5591.7
 5724.5  5751.7  5730.7  5715.5  5674.9  5614.9  5553.1  5475.4  5501.1  5634.3
 5756.7  5769.7  5749.1  5740.9  5701.2  5651.4  5598.6  5524.9  5544.2  5677.4
 5778.4  5783.9  5771.2  5756.7  5724.1  5680.1  5638.6  5583.7  5595.7  5718.1
 5797.0  5794.9  5795.9  5774.4  5741.9  5702.6  5667.7  5633.9  5652.6  5752.7
 5810.2  5802.9  5812.4  5787.0  5753.6  5721.6  5692.7  5679.2  5707.8  5781.9
 5821.6  5810.5  5820.0  5797.4  5768.7  5738.2  5719.6  5726.7  5758.2  5807.6
 5829.8  5815.1  5823.5  5809.8  5784.3  5753.5  5748.5  5764.3  5802.4  5829.3
 5832.5  5820.5  5823.2  5823.6  5804.8  5779.9  5782.5  5798.5  5826.8  5849.3
 5830.3  5819.6  5819.2  5834.7  5825.1  5806.8  5810.7  5817.0  5838.9  5865.2
 5828.2  5814.1  5814.7  5838.6  5837.7  5828.8  5830.0  5830.8  5846.2  5873.9
 5830.0  5815.1  5819.6  5845.0  5846.7  5845.9  5846.7  5840.8  5852.2  5879.2
 5828.5  5814.6  5828.3  5849.8  5850.8  5858.3  5856.7  5853.7  5862.4  5881.8
 5825.0  5819.8  5839.8  5855.0  5856.3  5868.8  5867.8  5856.9  5864.3  5879.3
 5832.8  5835.5  5849.3  5861.2  5867.6  5880.3  5869.5  5868.0  5871.4  5878.0
 UW
   22.4    20.0    17.4    13.9    14.2    12.3    10.5     9.0    18.5    29.5
   17.7    19.1    15.0    15.5    14.6    14.8    10.7    10.6    16.4    29.8
   14.8    15.0    10.4    14.3    16.4    16.8    14.0    12.9    20.4    29.6
   12.1    10.2     6.9     9.1    12.4    15.6    16.8    17.9    23.0    30.0
   10.0     7.6     8.9     7.6     7.6    12.9    15.2    19.9    29.1    27.6
   10.6     8.0     9.2     4.9     8.1    11.6    12.4    18.1    29.8    25.0
   10.6     7.7     6.9     4.2     7.0     9.5    12.1    23.7    28.7    20.3
    7.4     2.6     4.0     4.6     5.2     9.3    12.7    24.3    23.9    13.2
    2.5    -0.7     0.2     3.7     4.2     9.9    14.0    23.3    18.7     7.2
    0.0     0.3    -1.5     0.3     5.5    16.1    18.8    18.8     9.1     4.8
   -2.4    -1.9    -2.4     2.6     8.7    16.9    16.7    13.8    10.1     2.5
   -1.7    -2.8    -1.1     4.2     9.5    13.3    14.0    12.1     3.1     2.1
   -1.6    -2.3     1.3     7.4    11.5     8.4     8.9     5.2     6.7     2.7
   -3.5    -2.5    10.3     4.5     7.3     4.7    10.0     0.7     9.0     3.2
    1.9     8.4     7.1     3.4     5.8    10.1     9.9     4.2     4.8     2.3
   15.5     9.7     8.3     6.1     6.4     7.3     9.4 TILES TO GRIB
    3.1     3.7     0.5
 VW
   23.0    11.6    -1.3   -10.7   -13.5   -12.0   -14.3   -13.1     4.8    28.3
   16.3     8.8    -7.1   -11.4   -12.9   -13.4   -13.9   -15.7    11.5    25.7
   12.9     4.6    -9.5    -9.0   -13.5   -13.7   -16.5   -17.0    12.4    25.5
    9.9     1.0    -8.2    -4.9   -13.8   -12.3   -17.3   -13.7    12.2    23.6
    5.6     1.3    -6.4    -5.5   -10.8    -9.2   -15.8    -8.9    16.9    22.1
    1.4     1.3    -6.1    -5.3    -9.2    -4.7   -12.1    -5.3    17.7    21.6
    0.3     0.7    -5.2    -5.3    -8.5    -4.5    -9.7    -2.1    14.4    19.4
    0.6    -1.4    -4.1    -4.2    -9.6    -7.3    -5.4     1.8    10.2    15.6
   -1.7    -1.9    -2.3    -3.1   -10.7    -7.2    -0.3     4.9     7.0    13.0
   -2.6    -2.6    -1.0    -0.7    -4.9    -2.8     2.3     2.8     3.9     9.1
   -3.3    -4.4    -1.0     1.4    -1.6    -0.1     2.8    -1.4     7.6     5.4
   -4.4    -4.5     0.0     2.5    -0.7     2.1    -0.7    -3.9     1.7     5.2
   -4.7    -4.2     3.0     3.3     0.2     1.1    -0.8    -3.1    -2.6     3.1
   -6.3    -2.3    13.8     4.0    -1.7     0.5     1.0     1.6     4.2     2.6
   -5.6     5.2     8.7     6.6    -0.1     0.9    -0.9     4.2     2.7     4.3
    0.0     2.7     6.7     7.6     0.9     4.9    -2.1    -0.4     1.0     4.4
 TH
  311.8   311.7   310.9   309.5   306.3   301.7   300.1   298.9   310.2   313.4
  312.1   312.1   310.9   310.9   307.6   302.7   301.2   299.5   310.2   313.7
  312.4   313.4   311.5   310.5   307.7   303.6   301.8   300.6   309.9   315.7
  313.8   314.4   312.4   310.2   307.4   304.5   302.9   302.9   308.5   316.1
  315.6   315.3   314.9   311.2   308.8   305.8   304.5   305.2   310.3   316.6
  317.0   316.9   316.6   312.9   310.8   306.7   306.5   306.2   312.5   317.7
  317.5   317.5   317.2   314.9   312.9   307.0   308.4   309.6   315.2   317.7
  317.5   317.3   317.8   316.2   313.8   308.4   310.6   314.1   316.9   318.1
  318.0   317.7   319.1   318.5   314.5   311.4   312.5   315.7   317.2   318.6
  318.2   317.9   318.9   319.7   316.2   314.5   315.2   317.7   317.8   319.3
  318.0   318.0   318.3   319.2   317.9   317.8   318.3   318.1   319.3   319.6
  318.5   317.9   318.2   319.5   319.4   319.3   319.6   318.7   320.4   320.4
  319.5   318.6   319.4   320.3   319.8   319.5   319.8   320.3   319.3   321.0
  320.3   318.3   319.1   320.1   319.8   319.3   321.0   321.0   320.1   321.9
  320.4   319.4   319.5   320.4   320.7   319.8   321.8   321.0   322.2   323.8
  322.0   321.4   320.9   321.5   321.7   320.1   322.2   321.6   323.6   324.4
 field, value             1    1.000000    
 field, value             2    102455.2    
 field, value             3    80017.75    
 field, value             4    2074.750    
 field, value             5    277.6978    
 field, value             6   0.2659215    
 field, value             7    279.3848    
 field, value             8   0.2855304    
 field, value             9    277.8989    
 field, value            10   0.3050551    
 field, value            11    275.3962    
 field, value            12   0.3141860    
 gds in get_gds:            59           47        21617      -122746
 gds in get_gds:            59           47        23155      -105995
 gds in get_gds:            59           47        34077      -126088
 gds in get_gds:            59           47        36084      -105773
            1  eta.t00z.awip3209.09     
 gds in get_gds:            59           47        21617      -122746
 gds in get_gds:            59           47        21617      -122746
            2  eta.t00z.awip3209.10     
 gds in get_gds:            59           47        23155      -105995
 gds in get_gds:            59           47        23155      -105995
            3  eta.t00z.awip3209.15     
 gds in get_gds:            59           47        34077      -126088
 gds in get_gds:            59           47        34077      -126088
            4  eta.t00z.awip3209.16     
 gds in get_gds:            59           47        36084      -105773
 gds in get_gds:            59           47        36084      -105773
  
 WRITING THE DATA TO FILE
 gds based sw values     21.61700       -122.7460    
 gds based ne corner     46.19131       -80.57285    
 leaving get_fullgds
 writing kgds             3          118           94        21617      -122746
             8      -107000        32463        32463            0           64
         50000        50000            0
 level 20          118           94
 mixr * 1000.
    1.6     1.5     1.4     0.8     0.6     0.4     0.1     0.1     0.9     0.1
    0.9     1.1     1.2     0.8     0.7     0.4     0.2     0.1     0.3     0.1
    0.1     1.3     1.0     0.9     1.1     0.6     0.5     0.0     0.1     0.1
    0.0     1.2     0.8     1.1     1.1     0.7     0.6     0.0     0.1     0.1
    0.0     1.0     0.9     1.2     0.9     0.7     0.7     0.2     0.2     0.1
    0.1     1.0     0.8     1.1     0.7     0.7     0.4     0.1     0.2     0.2
    0.2     0.7     0.5     0.7     0.5     0.5     0.3     0.1     0.2     1.5
    0.3     0.7     0.6     0.6     0.3     0.5     0.2     0.2     0.3     2.4
    0.3     0.8     0.3     0.4     0.2     0.7     0.3     0.5     0.2     2.0
    0.5     1.1     0.4     0.2     0.1     0.4     0.6     0.3     2.2     1.1
    0.8     1.2     1.0     0.7     0.6     0.6     0.3     0.3     2.3     0.9
    0.8     1.2     1.2     0.9     0.6     0.6     0.5     0.7     1.5     0.9
    0.6     1.0     2.1     2.1     0.8     0.4     0.7     2.0     2.3     0.8
    0.5     2.0     2.2     1.8     0.5     0.3     0.6     2.7     1.2     0.5
    1.2     0.5     1.7     1.5     0.2     1.3     0.9     2.8     0.5     0.2
    0.5     0.6     1.3     0.7     1.2     1.1     2.0     2.5     0.1     0.2
 HT
 5611.0  5668.8  5688.8  5669.5  5624.7  5548.0  5498.9  5431.1  5404.0  5501.1
 5671.4  5710.0  5722.8  5696.0  5651.3  5580.9  5530.7  5462.4  5427.6  5536.6
 5715.4  5741.9  5753.5  5722.4  5677.4  5619.1  5562.1  5498.9  5466.2  5583.2
 5745.5  5763.4  5770.4  5746.2  5706.2  5654.2  5595.0  5537.7  5518.9  5636.7
 5765.4  5778.7  5782.0  5759.7  5725.7  5683.1  5633.5  5584.1  5578.9  5687.2
 5786.5  5792.5  5797.5  5772.8  5740.4  5707.6  5670.5  5633.9  5640.5  5734.2
 5807.8  5806.0  5809.2  5781.9  5759.7  5732.1  5702.9  5676.5  5698.4  5770.2
 5823.5  5816.9  5816.7  5789.2  5778.7  5752.6  5726.2  5720.2  5748.9  5793.9
 5830.4  5821.4  5817.6  5800.8  5797.9  5769.0  5748.7  5758.9  5787.8  5814.8
 5831.3  5824.0  5816.1  5810.8  5815.3  5788.8  5771.5  5794.3  5813.2  5831.3
 5832.5  5826.3  5814.6  5820.0  5822.1  5808.8  5798.2  5814.4  5827.5  5839.0
 5833.9  5821.8  5811.9  5828.1  5832.5  5825.2  5821.2  5829.0  5832.4  5841.7
 5834.9  5816.5  5807.9  5840.1  5842.4  5837.8  5838.3  5835.7  5840.7  5843.5
 5830.4  5807.4  5815.1  5850.3  5849.4  5845.8  5847.5  5835.9  5845.4  5846.2
 5825.6  5810.4  5822.4  5852.8  5852.8  5855.8  5853.8  5844.2  5842.8  5845.2
 5831.3  5823.3  5835.3  5853.4  5856.4  5865.2  5860.4  5847.0  5845.5  5848.3
 UW
   22.3    20.8    18.3    13.6    12.1    11.9    10.3     9.0    13.0    27.9
   17.5    16.8    14.9    11.7    11.3    13.9    10.7    12.1    15.3    31.0
   15.3    13.2     8.9    10.4    14.5    14.6    13.9    13.8    20.2    31.6
   13.2     8.3     4.7     8.6    13.9    13.4    17.1    15.6    24.0    31.2
   11.3     6.0     6.9     7.2    11.2    12.6    18.1    19.5    25.3    28.7
   12.4     5.8     7.6     6.8     9.2    13.2    14.5    18.5    29.9    24.3
   11.0     6.9     5.9     5.6     8.0     9.8    12.4    21.2    29.0    19.0
    8.1     3.7     2.8     5.7     6.4     8.1    11.7    20.3    24.1    12.9
    3.1     0.4    -0.3     4.0     2.7     9.0    13.3    22.3    17.5    13.3
    0.5     0.6    -2.1     1.7     3.5    13.3    17.6    18.0     9.7     6.9
   -1.6    -1.3    -3.9     2.7     8.1    15.2    17.9    13.2     9.4     2.5
   -1.4    -2.8    -1.9     3.6     7.9    13.5    14.7    11.3     5.1     2.2
   -0.6    -1.2     2.5     5.0    10.0     7.1     9.0     8.5     2.0     1.8
   -1.8    -0.5     8.7     4.5     7.9     4.6     9.2     3.1     6.9     1.7
   -0.8     7.9     6.4     4.5     7.0     7.6     9.9     6.4     4.1     2.6
   11.7    12.1     8.1     6.6     6.9     8.7     8.2 TILES TO GRIB
    4.2     3.6     1.7
 VW
   25.0    12.3     3.8   -10.4   -12.5   -13.0   -11.2   -18.1     7.2    24.9
   17.3     9.4     0.4   -11.4   -11.1   -13.2   -11.4   -18.2     7.2    25.8
   12.5     7.1    -4.3    -9.8   -11.2   -13.7   -12.6   -17.7     6.9    25.0
    8.3     4.2    -7.6    -6.4   -11.1   -13.6   -15.0   -13.9     5.0    23.8
    5.1     1.9    -7.0    -4.6    -9.2   -10.4   -12.5   -11.3     5.0    21.0
    3.2     0.5    -6.4    -1.3    -7.6    -4.7    -9.1    -7.5     8.9    18.4
    0.2     0.3    -4.9    -2.3    -6.5    -4.4   -11.2    -7.1     9.1    14.6
    0.2    -1.1    -4.6    -2.8    -5.9    -7.4    -6.3     0.7     8.9    13.0
   -1.4    -1.8    -2.8    -1.9    -8.2    -8.1    -0.8     2.7     6.3    14.8
   -2.3    -2.4     0.0     0.8    -4.4    -4.4    -1.5     2.0     3.5     9.8
   -2.3    -3.5     0.5     3.4    -0.9    -5.7    -0.9     0.9     3.1     8.0
   -3.4    -3.7     2.3     4.3    -0.9    -1.8     0.7    -1.1     1.4     5.7
   -4.4    -2.0     3.0     6.6    -2.5     0.8    -0.5    -0.3    -2.0     3.4
   -5.3    -2.6     5.7    10.1    -0.7     0.5    -0.6     1.3     0.9     1.9
   -4.6     4.7     7.2     9.7     1.0     2.2    -1.7     1.3     2.6     3.0
    1.0     5.1     8.1     7.3     2.4     3.5    -3.4     2.3     1.4     2.9
 TH
  311.9   311.5   311.0   309.6   306.4   301.6   300.2   298.1   307.4   311.5
  312.7   311.8   311.1   311.0   307.6   303.6   301.3   298.7   308.0   313.3
  312.8   312.5   311.9   312.2   307.8   304.5   301.4   300.5   307.5   314.4
  313.7   314.0   313.1   311.9   308.6   305.9   301.9   302.1   307.2   315.3
  315.4   315.9   315.4   312.4   310.2   306.3   303.7   304.6   307.5   315.6
  317.7   317.4   317.4   313.7   312.1   307.1   306.2   306.3   310.1   316.8
  318.8   318.0   318.2   315.4   313.1   309.2   308.0   310.1   313.8   316.8
  318.5   317.4   318.2   316.9   315.1   309.5   309.8   312.9   315.9   317.4
  318.5   317.8   319.0   318.4   317.0   310.8   311.1   314.0   317.0   318.2
  318.2   317.3   319.0   319.3   318.1   313.7   313.8   316.2   317.8   318.5
  317.9   317.5   318.5   319.0   318.2   316.7   316.5   317.5   318.5   318.7
  318.5   317.6   318.4   319.5   318.8   317.5   318.2   318.4   319.1   319.0
  319.6   318.5   319.6   319.8   319.8   318.1   319.0   320.1   320.2   320.1
  320.2   318.2   319.6   319.6   320.7   318.2   319.9   320.5   320.4   321.0
  320.4   319.5   319.3   320.5   321.4   319.0   321.1   321.0   321.6   322.3
  321.7   321.4   320.8   322.0   321.9   320.5   321.9   321.7   323.4   323.9
 field, value             1    1.000000    
 field, value             2    102617.4    
 field, value             3    80131.88    
 field, value             4    2074.750    
 field, value             5    274.6196    
 field, value             6   0.2665001    
 field, value             7    279.1111    
 field, value             8   0.2855301    
 field, value             9    277.9055    
 field, value            10   0.3051045    
 field, value            11    275.4036    
 field, value            12   0.3141860    
 gds in get_gds:            59           47        21617      -122746
 gds in get_gds:            59           47        23155      -105995
 gds in get_gds:            59           47        34077      -126088
 gds in get_gds:            59           47        36084      -105773
            1  eta.t00z.awip3212.09     
 gds in get_gds:            59           47        21617      -122746
 gds in get_gds:            59           47        21617      -122746
            2  eta.t00z.awip3212.10     
 gds in get_gds:            59           47        23155      -105995
 gds in get_gds:            59           47        23155      -105995
            3  eta.t00z.awip3212.15     
 gds in get_gds:            59           47        34077      -126088
 gds in get_gds:            59           47        34077      -126088
            4  eta.t00z.awip3212.16     
 gds in get_gds:            59           47        36084      -105773
 gds in get_gds:            59           47        36084      -105773
  
 WRITING THE DATA TO FILE
 gds based sw values     21.61700       -122.7460    
 gds based ne corner     46.19131       -80.57285    
 leaving get_fullgds
 writing kgds             3          118           94        21617      -122746
             8      -107000        32463        32463            0           64
         50000        50000            0
 level 20          118           94
 mixr * 1000.
    1.6     0.5     1.4     1.0     0.7     0.4     0.3     0.0     0.7     0.2
    1.3     0.6     1.3     0.8     0.7     0.4     0.4     0.1     0.6     0.1
    0.8     1.0     1.2     0.8     0.8     0.6     0.5     0.0     0.1     0.2
    0.4     1.3     0.9     1.0     1.1     0.7     0.7     0.0     0.0     0.2
    0.2     1.0     0.9     1.1     1.1     0.8     0.7     0.3     0.1     0.3
    0.1     1.0     0.7     1.2     0.8     0.7     0.7     0.3     0.1     0.3
    0.1     0.6     0.4     0.9     0.5     0.4     0.6     0.2     0.2     1.2
    0.3     0.6     0.5     0.7     0.3     0.2     0.3     0.2     0.4     2.4
    0.4     0.6     0.3     0.4     0.2     0.2     0.3     0.5     0.3     1.7
    0.5     0.9     0.4     0.2     0.1     0.4     0.5     0.2     2.1     1.1
    0.8     1.1     1.1     0.8     0.5     0.6     0.4     0.2     2.3     0.9
    0.8     1.2     1.3     1.4     0.6     0.6     0.5     0.9     2.2     1.0
    0.6     1.0     2.1     1.9     0.9     0.7     0.6     2.4     1.8     0.8
    0.4     1.5     2.3     1.4     0.7     0.2     0.8     2.7     1.6     0.5
    1.0     0.6     1.7     0.6     0.7     0.3     0.6     2.8     0.5     0.3
    0.5     0.7     1.5     0.5     1.4     0.9     1.4     2.8     0.1     0.3
 HT
 5598.8  5661.8  5686.7  5682.2  5629.5  5560.7  5506.7  5454.6  5395.0  5466.0
 5659.3  5698.6  5716.8  5708.5  5659.0  5593.1  5533.7  5483.6  5427.1  5507.5
 5703.6  5732.8  5747.6  5727.0  5687.2  5629.2  5565.6  5521.5  5468.8  5555.5
 5735.5  5760.0  5768.2  5741.8  5716.8  5659.7  5602.3  5560.6  5529.6  5612.5
 5758.6  5776.5  5780.5  5756.1  5738.7  5684.2  5637.5  5603.3  5593.0  5673.6
 5780.1  5788.2  5791.8  5767.5  5752.0  5709.5  5670.0  5645.7  5646.5  5725.0
 5801.5  5798.1  5801.7  5780.5  5765.8  5733.6  5700.6  5678.8  5692.0  5760.3
 5813.2  5807.6  5809.3  5793.3  5779.6  5754.7  5729.1  5711.1  5732.3  5781.1
 5817.8  5811.5  5811.5  5803.4  5794.9  5771.0  5747.7  5743.5  5769.5  5802.0
 5819.8  5812.8  5806.8  5804.5  5808.6  5784.7  5763.2  5776.2  5793.5  5816.7
 5820.6  5813.8  5801.6  5804.4  5814.1  5800.2  5787.9  5800.4  5808.6  5825.4
 5821.0  5809.5  5793.8  5810.0  5820.5  5816.6  5812.0  5817.0  5819.2  5832.7
 5820.1  5803.5  5794.6  5821.5  5831.3  5830.0  5828.4  5828.1  5826.9  5838.1
 5816.9  5798.6  5806.8  5830.9  5840.0  5839.1  5839.0  5836.0  5838.4  5843.2
 5814.4  5803.3  5814.9  5836.4  5846.4  5851.5  5847.4  5844.0  5843.5  5847.6
 5820.4  5815.6  5825.9  5842.6  5853.4  5858.4  5851.6  5846.5  5844.4  5850.4
 UW
   23.3    19.5    17.9    15.4    14.0    14.0    10.5     7.6     9.9    24.3
   18.5    15.1    15.7    11.4    10.4    14.2    10.9     8.9    13.3    29.2
   14.6    12.3     9.3     8.2    12.4    14.2    13.1    11.5    19.3    33.0
   12.9     8.1     4.1     6.6    13.2    12.8    16.7    12.8    23.7    34.3
   11.7     5.1     5.0     6.3    11.7    12.6    18.3    18.9    26.7    32.1
   12.5     4.5     6.4     9.9    10.4    12.2    18.4    19.2    26.3    26.9
   11.6     6.2     4.9     7.6     9.9    12.1    14.9    15.9    25.1    20.9
    7.2     4.6     2.2     6.4     8.4     7.6     9.3    16.6    23.5    13.5
    3.0     0.8    -0.7     5.0     5.9     5.4    13.2    18.6    17.2    14.5
    1.2     0.8    -1.1     2.5     2.7     9.3    15.0    15.4    10.7     8.0
   -0.1     0.1    -2.2     2.8     7.2    13.6    16.1    13.7     7.9     5.2
   -0.9    -1.0    -0.9     4.6     6.4    11.1    15.5    11.3     6.2     3.9
    0.4     1.6     4.6     6.0     9.0     6.3     9.2     5.7     3.8     3.0
    0.0     2.2     7.7     5.3     7.5     6.3     8.5     4.1     6.4     2.0
   -1.3     8.4     7.3     6.5     8.4     9.4    10.8     7.5     4.5     2.2
    8.2    13.9     9.0     6.3     7.4    11.3     9.2 TILES TO GRIB
    7.3     4.2     2.0
 VW
   27.4    15.8     4.5    -7.7   -12.0   -15.3   -10.7   -16.3    -6.2    19.9
   19.8    12.1     2.7   -10.4   -10.6   -16.6    -9.9   -16.8    -5.9    23.4
   11.9     8.9    -0.2   -10.2   -11.1   -14.7    -9.9   -14.7    -5.6    24.7
    7.6     6.1    -4.2    -8.0    -9.8   -12.5   -10.1   -11.4    -3.8    23.8
    4.0     3.5    -5.9    -4.7    -7.6   -11.8   -11.0   -10.7     0.3    20.1
    2.5     1.9    -4.7    -3.8    -7.0    -9.8    -8.7    -7.7     0.4    16.2
    0.8     0.8    -3.3    -4.2    -4.9    -7.2    -8.9    -5.9     3.2    11.3
   -1.5    -2.0    -3.8    -2.5    -3.2    -6.8    -7.3    -1.3     7.6     8.5
   -1.4    -3.2    -2.8    -1.8    -1.1    -7.9    -6.1     0.7     5.9    13.5
   -1.4    -2.3     0.2     0.6    -1.3    -7.5    -4.1     2.1     3.2    10.6
   -1.5    -2.3     2.4     4.6    -0.5    -6.1    -2.9     2.1     0.7     9.1
   -2.4    -2.8     2.8     7.8    -0.5    -5.7    -0.7    -0.3     0.7     7.2
   -3.2    -2.1     3.7    11.4    -1.9    -0.7    -0.4    -0.5    -2.0     5.1
   -3.7    -3.1     6.6    11.4     0.0    -0.2    -1.4     0.4     0.8     2.4
   -3.7     2.5     7.8     9.1     1.2    -1.3    -2.0    -0.4     1.7     1.4
    0.6     5.0     7.9     7.2     2.0    -1.4    -4.8     2.7     1.7     2.8
 TH
  311.7   310.8   310.8   310.6   307.0   302.4   300.2   298.1   301.4   310.1
  312.6   310.6   311.2   311.5   308.0   304.2   300.8   299.2   300.8   311.0
  313.5   312.1   312.1   312.0   309.1   305.1   300.8   300.5   301.6   311.8
  314.0   314.1   313.5   312.3   309.4   306.2   301.4   302.0   304.3   313.2
  315.0   316.1   315.8   312.6   310.3   306.8   302.8   303.6   306.6   315.2
  316.9   317.3   317.0   314.3   313.0   308.9   305.1   306.3   308.9   315.9
  318.8   317.9   318.2   316.6   315.0   311.7   307.1   309.8   313.2   316.1
  318.2   317.9   318.4   317.5   316.6   313.2   308.9   311.0   315.3   316.8
  317.7   318.5   319.2   318.5   317.6   312.6   309.8   312.7   316.4   317.5
  317.6   317.9   319.2   319.2   318.6   313.0   312.6   315.3   317.1   317.5
  317.4   317.6   318.3   318.8   318.5   314.9   315.5   317.1   317.9   317.9
  318.2   317.7   317.9   319.4   318.6   316.1   317.6   318.2   318.7   318.5
  319.2   318.3   318.6   319.4   320.0   316.7   317.9   319.3   320.0   319.6
  320.3   318.8   318.5   319.5   320.8   318.4   318.8   320.0   319.7   320.8
  320.6   319.2   318.8   320.4   321.7   320.2   320.5   321.0   321.6   321.6
  321.4   320.6   320.8   322.0   322.0   321.6   321.6   322.2   323.2   322.6
 field, value             1    1.000000    
 field, value             2    102642.5    
 field, value             3    80105.38    
 field, value             4    2074.750    
 field, value             5    272.2825    
 field, value             6   0.2661691    
 field, value             7    278.7065    
 field, value             8   0.2855301    
 field, value             9    277.9111    
 field, value            10   0.3051533    
 field, value            11    275.4109    
 field, value            12   0.3141860    
 gds in get_gds:            59           47        21617      -122746
 gds in get_gds:            59           47        23155      -105995
 gds in get_gds:            59           47        34077      -126088
 gds in get_gds:            59           47        36084      -105773
            1  eta.t00z.awip3215.09     
 gds in get_gds:            59           47        21617      -122746
 gds in get_gds:            59           47        21617      -122746
            2  eta.t00z.awip3215.10     
 gds in get_gds:            59           47        23155      -105995
 gds in get_gds:            59           47        23155      -105995
            3  eta.t00z.awip3215.15     
 gds in get_gds:            59           47        34077      -126088
 gds in get_gds:            59           47        34077      -126088
            4  eta.t00z.awip3215.16     
 gds in get_gds:            59           47        36084      -105773
 gds in get_gds:            59           47        36084      -105773
  
 WRITING THE DATA TO FILE
 gds based sw values     21.61700       -122.7460    
 gds based ne corner     46.19131       -80.57285    
 leaving get_fullgds
 writing kgds             3          118           94        21617      -122746
             8      -107000        32463        32463            0           64
         50000        50000            0
 level 20          118           94
 mixr * 1000.
    1.5     0.8     1.2     1.2     0.8     0.6     0.4     0.1     0.1     0.2
    1.5     0.1     1.2     1.2     0.6     0.6     0.4     0.0     0.2     0.1
    0.8     0.3     1.3     0.8     0.6     0.4     0.4     0.0     0.1     0.1
    0.8     1.3     1.0     0.8     0.8     0.7     0.5     0.2     0.0     0.1
    0.6     1.2     0.9     1.0     1.1     1.0     0.8     0.5     0.2     0.1
    0.4     0.9     0.7     1.1     0.9     0.9     0.7     0.5     0.2     0.3
    0.2     0.5     0.4     1.1     0.6     0.6     0.5     0.3     0.1     0.3
    0.2     0.4     0.4     0.8     0.3     0.4     0.4     0.2     0.5     2.1
    0.4     0.6     0.4     0.5     0.2     0.2     0.5     0.4     0.3     1.6
    0.4     0.8     0.4     0.3     0.1     0.2     0.4     0.4     0.7     0.9
    0.7     1.0     1.1     1.0     0.4     0.2     0.7     0.3     2.1     1.1
    0.8     1.0     1.3     2.4     0.7     0.6     0.5     0.5     2.4     1.1
    0.5     0.9     2.0     1.4     1.2     0.8     0.5     2.3     1.6     0.8
    0.4     1.0     2.1     0.7     1.0     0.2     0.5     2.6     1.6     0.4
    0.7     0.9     1.7     0.6     1.1     0.1     1.2     2.8     0.6     0.2
    0.5     0.7     1.4     0.5     1.1     1.1     1.5     2.8     0.3     0.2
 HT
 5596.0  5661.8  5697.7  5692.6  5651.3  5586.2  5524.1  5479.6  5415.9  5431.8
 5658.2  5700.0  5727.3  5721.2  5680.3  5618.9  5550.4  5510.8  5449.3  5469.7
 5702.0  5734.6  5752.7  5738.7  5700.8  5648.4  5579.3  5542.4  5494.2  5525.7
 5735.1  5759.8  5767.5  5751.1  5724.7  5677.6  5616.9  5575.2  5548.2  5595.4
 5760.2  5775.3  5778.7  5764.1  5750.0  5704.7  5654.9  5612.4  5598.4  5659.6
 5781.6  5785.5  5791.5  5776.7  5766.1  5730.8  5687.3  5654.8  5652.7  5711.2
 5800.1  5795.5  5803.2  5791.7  5782.3  5751.7  5716.9  5693.8  5701.6  5753.8
 5810.5  5805.7  5814.2  5804.3  5794.8  5770.1  5741.8  5725.6  5742.3  5784.8
 5815.5  5810.9  5818.4  5815.5  5806.5  5786.1  5759.2  5756.9  5778.2  5806.0
 5818.8  5811.6  5814.3  5818.6  5816.0  5800.2  5777.4  5787.6  5803.1  5823.9
 5819.6  5811.9  5806.8  5822.0  5827.3  5815.6  5799.0  5811.2  5820.0  5834.6
 5818.3  5808.4  5800.6  5823.8  5839.8  5831.1  5824.5  5828.2  5829.1  5842.9
 5816.9  5804.4  5804.0  5830.6  5852.1  5845.6  5842.0  5839.2  5837.7  5852.4
 5818.0  5805.0  5815.1  5840.1  5859.6  5855.1  5851.5  5847.4  5848.4  5858.4
 5819.6  5812.1  5828.0  5852.3  5866.5  5863.6  5856.5  5852.9  5855.2  5862.1
 5826.0  5824.4  5841.8  5861.3  5872.0  5870.5  5862.7  5857.4  5857.1  5863.1
 UW
   24.4    19.3    16.8    17.1    14.3    15.5    10.7    11.6     9.6    22.0
   20.3    15.2    14.0    13.4    11.4    12.2    12.0    10.0    13.0    27.2
   16.2    11.1     9.2     6.5    10.4    10.8    14.2    11.2    19.0    30.9
   12.7     5.9     3.8     4.3    10.8    11.7    16.7    13.1    21.0    31.5
   10.9     3.3     2.7     3.5    11.6    13.7    17.3    17.4    24.2    29.6
   11.3     3.5     4.3     6.0     9.7    11.8    18.0    20.3    22.8    26.9
   10.9     5.2     3.1     5.9     8.7    12.0    17.6    14.3    19.4    21.7
    5.8     3.5     1.3     4.8     9.6    10.6    12.8    12.3    20.9    15.0
    2.7    -0.2    -1.9     3.9     8.1     7.1    12.0    14.2    16.6    15.4
    0.7     0.3    -1.4     1.5     3.3     6.4    10.5    14.2    11.4    10.1
   -0.5     1.3    -1.2     3.1     5.5    10.5    15.5    15.7     7.7     7.2
   -0.9     0.2     1.1     5.4     6.9     8.2    15.1    12.0     7.2     4.8
    1.2     2.5     5.6     5.3     8.1     5.6     9.8     5.4     5.3     3.2
    0.5     2.8     7.3     5.4     6.9     7.1     7.0     4.6     6.5     1.9
   -1.8     6.6     8.4     6.9     6.9     9.7    11.0     7.7     5.3     1.9
    5.4    13.2     8.4     6.5     6.4    10.7     9.2 TILES TO GRIB
    7.5     5.1     1.3
 VW
   27.8    17.2     5.2    -5.4   -15.5   -17.6   -10.9   -11.3   -13.6    13.4
   20.9    12.9     4.6    -5.6   -13.5   -19.1   -10.0   -11.0   -11.0    15.8
   14.2     9.2     2.7    -8.2   -13.1   -17.2   -11.9    -9.6   -10.5    17.0
    6.6     7.8    -0.5    -7.2   -10.8   -13.5   -12.8    -9.6    -6.3    16.8
    2.6     5.8    -2.8    -4.6    -7.0   -13.1   -10.2   -11.1    -2.8    15.3
    0.8     3.3    -2.1    -5.7    -7.0   -11.9   -10.4    -9.7    -0.8    14.0
    0.2     1.3    -0.9    -6.1    -5.1   -10.7    -9.7    -6.4     3.1    10.8
   -2.0    -1.7    -2.8    -4.2    -2.7    -7.7    -7.4    -2.6     7.3     6.7
   -1.6    -3.7    -3.8    -1.3    -0.6    -5.2    -8.7    -0.3     6.1    14.0
   -2.3    -3.4    -1.1     0.4     2.1    -6.4    -8.5     2.8     4.4    11.3
   -2.8    -3.1     0.9     5.7    -0.9    -8.5    -5.8     0.8     1.3     9.5
   -2.7    -4.7     0.6     9.8     0.2    -5.9    -3.2    -0.8     0.6     8.0
   -3.3    -4.2     3.3    11.9    -1.0    -3.9    -1.1    -1.0    -1.0     6.0
   -3.3    -3.8     6.9    10.6    -0.3    -3.3    -2.3    -0.4     2.2     3.2
   -2.9    -1.0     7.7     9.2     0.9    -3.0    -4.5    -2.8     2.1     2.7
    0.4     2.8     8.0     5.7     0.7    -4.0    -5.3    -2.4     0.4     3.0
 TH
  310.7   310.8   310.8   311.3   308.5   302.9   299.5   298.1   297.7   307.4
  311.9   311.3   311.1   311.9   309.8   304.7   300.7   299.4   297.8   307.4
  313.0   312.2   311.9   312.0   310.8   306.5   302.0   300.6   300.6   308.1
  314.0   313.3   314.0   312.8   310.8   307.3   303.3   301.7   303.8   309.9
  314.8   315.1   316.2   313.6   311.0   307.4   303.5   302.6   305.8   313.4
  316.5   316.8   316.9   314.2   313.3   309.1   305.3   305.2   308.8   314.9
  318.1   317.5   318.0   315.7   314.9   312.2   308.1   307.9   312.2   316.0
  318.3   317.8   318.8   317.2   317.2   313.5   309.3   309.7   314.3   316.3
  317.8   318.1   319.2   318.6   318.6   313.9   309.3   311.5   316.0   317.1
  317.8   317.7   318.8   319.2   319.5   314.5   311.3   314.7   317.3   317.9
  317.8   317.5   317.5   318.3   318.9   316.8   314.1   317.3   318.2   317.9
  318.3   317.8   317.7   318.4   318.8   316.5   317.4   318.2   318.6   318.3
  319.4   318.4   318.4   318.1   319.5   316.6   317.7   318.9   319.5   319.4
  320.6   319.1   317.7   318.9   320.3   318.8   318.0   319.8   320.0   321.1
  321.3   319.5   318.3   319.8   321.0   321.2   319.8   320.6   321.4   322.3
  322.0   320.3   320.7   321.3   321.8   321.7   320.8   321.8   322.9   323.0
 field, value             1    1.000000    
 field, value             2    102773.1    
 field, value             3    80175.69    
 field, value             4    2074.750    
 field, value             5    274.7209    
 field, value             6   0.2688458    
 field, value             7    278.1235    
 field, value             8   0.2854275    
 field, value             9    277.9170    
 field, value            10   0.3050920    
 field, value            11    275.4182    
 field, value            12   0.3141860    
 gds in get_gds:            59           47        21617      -122746
 gds in get_gds:            59           47        23155      -105995
 gds in get_gds:            59           47        34077      -126088
 gds in get_gds:            59           47        36084      -105773
            1  eta.t00z.awip3218.09     
 gds in get_gds:            59           47        21617      -122746
 gds in get_gds:            59           47        21617      -122746
            2  eta.t00z.awip3218.10     
 gds in get_gds:            59           47        23155      -105995
 gds in get_gds:            59           47        23155      -105995
            3  eta.t00z.awip3218.15     
 gds in get_gds:            59           47        34077      -126088
 gds in get_gds:            59           47        34077      -126088
            4  eta.t00z.awip3218.16     
 gds in get_gds:            59           47        36084      -105773
 gds in get_gds:            59           47        36084      -105773
  
 WRITING THE DATA TO FILE
 gds based sw values     21.61700       -122.7460    
 gds based ne corner     46.19131       -80.57285    
 leaving get_fullgds
 writing kgds             3          118           94        21617      -122746
             8      -107000        32463        32463            0           64
         50000        50000            0
 level 20          118           94
 mixr * 1000.
    1.5     1.4     0.5     1.2     0.8     0.6     0.4     0.3     0.1     0.6
    1.6     0.6     1.2     1.2     0.7     0.7     0.4     0.1     0.1     0.1
    1.2     0.1     1.3     1.0     0.6     0.6     0.4     0.2     0.0     0.0
    0.8     0.6     1.0     0.7     0.6     0.5     0.4     0.5     0.0     0.1
    0.6     0.9     0.9     0.9     1.0     0.8     0.6     0.6     0.2     0.1
    0.5     0.5     0.7     1.0     1.0     1.0     0.8     0.6     0.3     0.3
    0.4     0.3     0.4     1.0     0.8     0.8     0.7     0.5     0.1     0.3
    0.1     0.3     0.3     0.9     0.4     0.5     0.4     0.3     0.5     2.0
    0.4     0.5     0.5     0.5     0.2     0.3     0.2     0.3     0.2     2.2
    0.4     0.8     0.4     0.4     0.1     0.2     0.3     0.5     0.3     1.7
    0.6     1.0     1.1     1.3     0.5     0.1     0.2     0.4     1.6     1.4
    0.7     0.9     1.3     2.0     1.0     0.3     0.4     0.5     2.4     1.1
    0.3     0.8     1.7     1.4     1.7     0.5     0.3     1.4     2.2     0.8
    0.3     0.6     1.4     1.2     1.6     0.5     0.4     2.6     1.6     0.5
    0.5     0.8     1.3     0.8     1.0     0.2     0.7     2.7     0.9     0.2
    0.4     0.6     1.3     0.6     0.8     0.8     0.7     2.7     0.8     0.3
 HT
 5596.9  5665.1  5698.4  5703.2  5669.4  5595.8  5531.9  5491.8  5448.1  5419.5
 5659.3  5707.9  5735.4  5735.6  5699.1  5633.5  5560.4  5526.0  5485.9  5460.0
 5707.4  5741.3  5764.7  5759.7  5721.1  5665.3  5589.1  5557.6  5527.9  5531.9
 5744.6  5765.6  5782.6  5770.4  5741.8  5692.3  5621.9  5587.9  5572.6  5603.6
 5772.9  5781.3  5792.2  5777.7  5757.7  5715.0  5658.8  5622.8  5613.8  5658.8
 5793.9  5793.6  5802.7  5786.4  5773.2  5741.3  5693.4  5662.5  5661.3  5700.9
 5811.2  5807.6  5813.8  5802.6  5792.2  5763.8  5723.4  5701.1  5698.0  5738.6
 5823.6  5820.1  5825.6  5815.7  5807.7  5784.3  5751.6  5730.6  5734.4  5770.8
 5831.0  5826.5  5828.6  5823.9  5821.4  5800.1  5770.4  5751.9  5768.3  5793.3
 5834.4  5824.9  5821.5  5826.4  5830.6  5810.9  5783.4  5775.2  5794.8  5813.7
 5834.1  5822.2  5814.0  5828.2  5841.2  5827.1  5800.4  5801.3  5815.2  5826.6
 5832.1  5819.6  5811.6  5829.7  5854.6  5843.4  5824.1  5825.9  5826.6  5835.9
 5831.7  5817.5  5815.6  5837.0  5863.6  5857.8  5843.8  5839.6  5838.8  5844.8
 5833.1  5818.5  5822.4  5845.7  5868.4  5864.7  5852.4  5845.1  5848.2  5851.6
 5832.5  5823.1  5832.7  5853.6  5873.9  5868.1  5858.3  5852.3  5855.6  5857.9
 5836.7  5833.5  5846.4  5863.9  5877.2  5874.6  5866.8  5860.3  5860.1  5862.7
 UW
   24.3    21.5    17.3    15.4    14.7    15.4    13.1    14.4    11.3    15.4
   20.3    15.9    15.0    14.6    11.3    15.3    13.4    12.6    10.9    24.3
   16.8     9.6     9.7     8.5     8.4    11.6    13.9    12.7    16.0    31.8
   13.1     6.2     4.8     3.8     7.6     9.8    14.8    15.1    17.4    29.8
   11.4     4.4     3.5     2.9     9.9    12.3    16.2    17.6    20.7    28.4
   10.7     4.7     4.4     4.0     8.0    12.6    16.0    16.9    21.9    26.4
    9.0     5.1     3.3     3.7     6.8    11.5    14.9    14.8    18.1    22.7
    4.1     2.7     0.5     2.6     7.8    12.0    15.0    11.9    20.7    15.0
    1.1    -1.3    -3.6     3.5     8.0    11.6     9.6    13.2    17.1    13.9
   -0.7    -1.3    -3.4     0.9     4.8     9.2     8.1    15.2    14.5    11.3
   -1.2     0.6    -1.7     1.2     6.8     6.5    11.9    15.3    11.2     9.0
   -0.9    -0.3     0.4     3.9     6.3     6.7    13.5    13.8     9.0     6.7
    2.3     1.3     3.5     5.8     5.1     6.2    11.0     7.8     6.6     4.3
    2.1     3.2     5.8     6.5     3.6     5.9     7.7     5.1     8.0     2.2
   -0.8     5.3     9.1     6.1     3.1     6.8    10.0     6.9     6.7     1.6
    5.3    10.6     8.7     5.0     2.2     8.0     9.6 TILES TO GRIB
    5.5     5.9     0.9
 VW
   27.3    17.7     9.6    -2.4   -13.2   -17.4   -11.7   -10.1   -15.3     2.1
   22.1    13.4     8.6    -1.5   -13.3   -17.1   -13.6    -7.6   -14.5     2.0
   16.0    11.0     6.5    -3.8   -13.4   -15.6   -15.7    -6.6   -12.9     7.7
   10.7     9.3     3.4    -4.8   -10.1   -12.2   -15.4    -8.8    -6.9    10.2
    5.5     7.4     1.1    -2.7    -7.6   -13.4   -13.8   -12.6    -3.0    11.1
    1.3     4.3     1.3    -2.8    -6.4   -12.9   -12.3   -11.4    -1.0    11.7
   -0.3     1.1     2.0    -3.5    -3.4   -10.4   -10.7    -8.1     3.4    10.5
   -1.7    -0.1     0.2    -3.2    -1.8    -8.1    -9.5    -6.1     7.4     7.2
   -2.0    -3.0    -2.5     0.1    -0.2    -5.6   -10.5    -3.4     7.8     9.4
   -2.6    -3.9    -1.4     1.4     2.7    -4.8   -12.0     2.3     6.3    10.4
   -2.5    -4.3    -1.8     4.8     1.3    -5.4   -11.1     1.4     1.7     9.7
   -2.5    -5.5    -0.2    10.1     1.6    -6.3    -6.6    -1.1    -1.4     8.9
   -2.8    -5.3     2.4    10.5    -0.9    -3.8    -4.2    -2.2     0.4     7.4
   -2.7    -4.2     7.0     9.1    -0.7    -4.6    -3.9    -1.0     3.0     5.3
   -1.7    -2.2     7.5     7.8     0.7    -4.8    -5.8    -4.5     1.3     4.6
    1.2     2.4     8.6     6.0     0.3    -4.0    -6.8    -5.3    -0.3     4.5
 TH
  310.6   310.5   310.6   311.7   309.7   304.8   298.7   299.0   297.2   303.6
  312.0   311.6   310.9   311.7   310.5   305.7   300.9   299.8   298.6   303.6
  313.4   312.8   312.0   312.0   311.4   306.8   302.8   300.9   301.2   307.0
  314.6   313.8   314.0   312.8   312.5   308.5   304.2   301.0   303.1   309.1
  315.7   315.7   315.7   314.1   312.0   309.8   305.1   302.1   305.1   312.0
  316.9   317.6   316.6   314.9   313.7   309.8   306.5   304.2   307.7   313.8
  318.0   318.4   317.5   315.8   314.6   312.3   308.3   307.0   310.9   315.3
  318.3   318.1   318.7   317.3   316.9   314.3   310.2   309.1   313.4   315.6
  317.8   318.1   319.1   318.8   318.1   315.1   311.9   311.4   315.3   316.8
  318.0   317.8   318.6   319.1   319.5   316.8   312.1   313.7   316.8   317.1
  318.1   317.7   317.8   318.3   318.8   318.3   313.7   316.3   317.7   317.8
  318.6   318.0   317.8   317.7   318.0   318.2   317.1   318.2   318.3   318.3
  320.1   318.6   318.8   317.8   317.7   318.3   318.0   318.9   319.2   318.8
  321.6   319.5   317.8   318.3   318.3   318.2   317.7   319.7   319.4   320.3
  322.0   320.4   318.6   319.4   320.0   319.7   319.2   320.7   320.4   322.0
  322.1   320.3   320.6   320.9   321.0   320.3   321.0   321.5   322.1   323.0
 field, value             1    1.000000    
 field, value             2    102617.7    
 field, value             3    80190.25    
 field, value             4    2074.750    
 field, value             5    282.9878    
 field, value             6   0.2614556    
 field, value             7    278.1567    
 field, value             8   0.2855708    
 field, value             9    277.9238    
 field, value            10   0.3048965    
 field, value            11    275.4255    
 field, value            12   0.3141860    
 gds in get_gds:            59           47        21617      -122746
 gds in get_gds:            59           47        23155      -105995
 gds in get_gds:            59           47        34077      -126088
 gds in get_gds:            59           47        36084      -105773
            1  eta.t00z.awip3221.09     
 gds in get_gds:            59           47        21617      -122746
 gds in get_gds:            59           47        21617      -122746
            2  eta.t00z.awip3221.10     
 gds in get_gds:            59           47        23155      -105995
 gds in get_gds:            59           47        23155      -105995
            3  eta.t00z.awip3221.15     
 gds in get_gds:            59           47        34077      -126088
 gds in get_gds:            59           47        34077      -126088
            4  eta.t00z.awip3221.16     
 gds in get_gds:            59           47        36084      -105773
 gds in get_gds:            59           47        36084      -105773
  
 WRITING THE DATA TO FILE
 gds based sw values     21.61700       -122.7460    
 gds based ne corner     46.19131       -80.57285    
 leaving get_fullgds
 writing kgds             3          118           94        21617      -122746
             8      -107000        32463        32463            0           64
         50000        50000            0
 level 20          118           94
 mixr * 1000.
    1.5     1.5     0.2     1.2     1.0     0.6     0.5     0.4     0.1     0.3
    1.7     1.0     1.1     1.3     1.1     0.6     0.5     0.3     0.1     0.2
    1.5     0.4     1.3     1.1     0.9     0.6     0.4     0.3     0.0     0.0
    1.4     0.1     1.1     0.8     0.5     0.5     0.4     0.5     0.1     0.1
    1.2     0.2     0.8     0.8     0.7     0.5     0.4     0.6     0.3     0.2
    0.9     0.1     0.6     0.9     1.0     0.8     0.7     0.6     0.4     0.3
    0.5     0.2     0.3     0.9     0.9     0.9     0.8     0.6     0.2     0.4
    0.1     0.3     0.3     0.9     0.4     0.6     0.6     0.4     0.4     1.0
    0.3     0.5     0.5     0.5     0.3     0.3     0.3     0.2     0.2     2.2
    0.3     0.6     0.4     0.5     0.3     0.2     0.2     0.4     0.3     2.3
    0.5     0.8     1.0     2.2     0.7     0.1     0.1     0.5     1.3     1.8
    0.5     0.8     1.3     2.3     1.2     0.2     0.1     0.4     2.3     1.2
    0.2     0.7     1.6     2.1     1.9     0.4     0.4     0.5     2.6     0.9
    0.2     0.4     1.0     1.8     1.7     0.6     0.2     2.4     2.2     0.6
    0.4     0.5     0.8     1.1     0.9     0.3     0.4     2.5     1.9     0.3
    0.4     0.6     1.4     0.9     0.6     0.6     0.6     2.6     1.5     0.3
 HT
 5605.0  5669.0  5703.2  5715.1  5689.1  5617.0  5544.0  5502.9  5470.9  5433.0
 5664.7  5715.8  5742.6  5747.8  5718.0  5650.8  5574.8  5535.0  5512.3  5478.8
 5714.7  5749.2  5772.0  5772.7  5740.6  5681.8  5605.9  5562.7  5548.5  5540.2
 5751.2  5770.6  5789.3  5783.8  5758.1  5707.9  5639.3  5592.0  5581.2  5597.0
 5778.1  5786.6  5799.5  5789.2  5768.6  5726.8  5670.3  5627.7  5613.7  5648.2
 5800.0  5801.0  5808.2  5796.2  5782.5  5749.9  5700.8  5662.5  5654.7  5687.8
 5816.1  5815.0  5815.7  5806.6  5795.8  5773.9  5729.8  5696.8  5692.0  5727.0
 5826.1  5822.3  5823.0  5814.3  5806.5  5792.7  5753.8  5727.4  5723.4  5757.8
 5830.6  5824.1  5823.0  5819.9  5820.5  5809.6  5777.2  5747.9  5753.2  5779.7
 5830.9  5820.4  5816.0  5822.1  5831.0  5824.1  5794.4  5765.8  5777.7  5795.1
 5830.4  5818.6  5811.6  5822.0  5840.1  5836.4  5805.2  5785.4  5798.9  5809.7
 5829.6  5819.4  5810.9  5824.0  5846.5  5840.9  5818.8  5809.4  5811.8  5821.3
 5831.4  5821.7  5814.7  5832.5  5853.5  5847.4  5833.9  5824.6  5822.8  5831.7
 5836.0  5827.0  5819.5  5840.4  5859.7  5852.2  5842.6  5833.1  5828.7  5836.7
 5840.0  5831.5  5829.7  5849.0  5864.9  5857.7  5845.9  5838.2  5835.9  5841.7
 5842.5  5839.0  5842.6  5856.2  5867.1  5864.1  5852.7  5845.9  5843.4  5845.8
 UW
   24.0    22.7    20.0    17.1    13.9    15.2    13.8    12.9    17.4    15.6
   22.6    17.3    16.9    16.9    14.1    13.3    11.7    12.4    13.6    19.7
   19.5    12.3    11.3    11.6     9.7    11.4    11.9    12.5    13.6    26.7
   15.4     8.6     6.6     4.3     5.9    10.1    12.4    14.3    13.9    29.6
   13.0     6.9     5.6     3.2     7.1    10.6    13.4    17.3    16.9    26.3
   11.1     7.3     5.5     5.8     5.7    11.9    13.2    14.9    21.7    24.0
    7.5     6.1     4.4     5.4     6.9    12.1    13.5    12.8    17.5    22.8
    2.7     3.1     0.9     2.8     7.5    12.5    14.1    14.7    19.3    16.8
   -0.3    -2.1    -3.7     2.4     7.7    13.1    12.7    10.3    18.8    12.0
   -1.5    -2.8    -5.0     0.4     6.9    11.6     8.0    13.2    16.5    11.1
   -1.1    -0.5    -3.8    -0.3     6.2     7.4     6.8    15.3    12.8    10.0
   -0.3    -0.4    -0.7     3.8     4.7     5.0    10.4    15.1     8.7     8.6
    3.3     0.6     1.8     4.5     2.2     6.2     9.4    10.3     5.3     6.6
    3.9     4.4     5.5     5.6     1.2     6.4     7.6     6.2     8.0     4.5
    0.6     4.4     9.5     6.0     0.8     5.0     8.3     7.4     7.2     3.7
    5.5     9.2    10.5     4.9    -0.3     6.3     9.1 TILES TO GRIB
    5.9     5.9     2.8
 VW
   25.7    18.2    11.7     0.1    -9.3   -20.4   -15.0   -12.2   -11.2    -9.5
   22.7    13.7    11.2    -0.6   -10.0   -18.8   -18.3    -8.5   -11.1    -7.1
   16.8    10.0     9.0    -1.5   -11.5   -16.4   -19.1    -8.0    -9.5     1.3
   10.5     8.3     5.4    -3.7    -8.5   -12.4   -18.1    -7.4    -6.1     6.6
    6.2     6.8     3.1    -2.8    -7.7   -12.3   -15.9   -11.3    -2.7     5.9
    3.2     4.3     3.0    -1.4    -4.2   -12.7   -14.8   -11.7    -1.0     8.3
    0.5     0.6     3.7    -1.5    -1.0   -10.4   -13.1    -9.3    -0.6     9.1
    0.1     0.5     2.8    -0.7     0.4    -7.3   -12.6    -8.1     4.4     6.9
   -0.4    -1.2    -0.6     1.2     1.4    -6.1   -11.3    -8.9     6.8     3.9
   -1.0    -2.9    -1.0     2.3     1.9    -5.4   -10.9    -3.7     5.9     6.3
   -0.9    -3.2    -1.4     5.1     1.4    -2.2   -13.2    -0.3     1.7     8.9
   -1.0    -3.9     0.3     9.9     2.5    -5.1   -11.2    -1.1    -2.1     8.8
   -1.5    -3.9     3.0     8.5     1.3    -4.6    -7.5    -2.9     0.0     6.6
   -2.7    -3.1     6.3     7.4     1.7    -5.7    -6.9    -3.5     1.3     5.4
   -1.6    -2.8     7.8     6.7     1.2    -5.4    -8.1    -4.5     0.5     5.8
    0.6     2.2     7.8     6.6     0.8    -3.4    -7.4    -5.7    -1.4     6.0
 TH
  311.0   311.3   310.8   311.6   310.4   307.3   299.7   298.5   297.4   298.6
  312.3   312.5   311.3   311.3   311.3   308.4   301.5   300.0   299.1   300.5
  312.8   313.9   313.0   311.6   312.3   309.0   303.8   300.6   301.2   304.7
  314.2   315.1   314.6   312.8   313.4   309.9   305.8   301.1   302.7   307.8
  315.5   316.3   316.2   314.3   313.7   311.7   306.9   302.1   304.3   310.4
  316.9   318.0   317.1   315.4   314.0   312.2   307.9   304.4   307.2   312.2
  317.8   319.2   318.1   316.5   315.2   313.4   309.5   306.9   309.6   314.3
  318.4   318.4   318.7   317.2   316.8   314.2   311.3   309.1   312.2   315.2
  318.2   318.1   319.0   318.2   317.9   315.8   313.4   311.5   314.6   316.6
  318.4   318.1   319.0   318.7   318.2   318.4   315.3   312.4   316.6   317.3
  318.7   318.1   318.1   318.2   318.2   319.4   316.6   314.7   317.3   317.8
  319.1   318.7   317.8   317.5   317.8   319.4   317.9   317.3   318.2   317.6
  320.5   319.5   318.4   317.3   317.3   319.0   318.4   318.4   318.7   318.5
  322.0   321.1   318.2   318.1   317.8   319.3   318.2   319.4   318.7   319.4
  322.2   321.6   318.8   318.1   319.0   319.9   319.1   320.7   319.6   321.4
  322.7   320.8   320.4   319.5   320.2   319.3   320.7   321.7   321.1   323.1
 field, value             1    1.000000    
 field, value             2    102314.4    
 field, value             3    80044.38    
 field, value             4    2074.750    
 field, value             5    288.4080    
 field, value             6   0.2536902    
 field, value             7    278.9434    
 field, value             8   0.2831877    
 field, value             9    277.9319    
 field, value            10   0.3050893    
 field, value            11    275.4324    
 field, value            12   0.3141860    
 gds in get_gds:            59           47        21617      -122746
 gds in get_gds:            59           47        23155      -105995
 gds in get_gds:            59           47        34077      -126088
 gds in get_gds:            59           47        36084      -105773
            1  eta.t00z.awip3224.09     
 gds in get_gds:            59           47        21617      -122746
 gds in get_gds:            59           47        21617      -122746
            2  eta.t00z.awip3224.10     
 gds in get_gds:            59           47        23155      -105995
 gds in get_gds:            59           47        23155      -105995
            3  eta.t00z.awip3224.15     
 gds in get_gds:            59           47        34077      -126088
 gds in get_gds:            59           47        34077      -126088
            4  eta.t00z.awip3224.16     
 gds in get_gds:            59           47        36084      -105773
 gds in get_gds:            59           47        36084      -105773
  
 WRITING THE DATA TO FILE
 gds based sw values     21.61700       -122.7460    
 gds based ne corner     46.19131       -80.57285    
 leaving get_fullgds
 writing kgds             3          118           94        21617      -122746
             8      -107000        32463        32463            0           64
         50000        50000            0
 level 20          118           94
 mixr * 1000.
    1.5     1.6     0.9     0.6     1.0     0.7     0.4     0.4     0.2     0.1
    1.6     1.4     0.5     1.1     1.2     0.7     0.4     0.4     0.2     0.1
    1.2     0.7     1.2     1.1     1.1     0.6     0.5     0.4     0.1     0.1
    1.2     0.5     0.9     0.8     0.7     0.6     0.6     0.4     0.1     0.2
    1.0     0.3     0.7     0.7     0.6     0.5     0.4     0.7     0.3     0.3
    0.5     0.3     0.6     0.8     0.9     0.6     0.4     0.6     0.4     0.2
    0.4     0.2     0.4     0.7     1.0     0.9     0.7     0.7     0.4     0.4
    0.1     0.3     0.3     0.8     0.5     0.6     0.8     0.6     0.2     0.3
    0.3     0.5     0.5     0.5     0.3     0.2     0.6     0.3     0.4     1.8
    0.3     0.5     0.4     0.7     0.5     0.1     0.3     0.2     0.3     2.4
    0.4     0.7     1.0     2.4     0.8     0.1     0.2     0.2     0.6     2.3
    0.5     0.7     1.2     2.4     1.8     0.2     0.1     0.3     2.2     1.8
    0.2     0.5     1.4     2.3     2.0     0.4     0.2     0.3     2.5     1.0
    0.2     0.4     1.3     2.1     1.5     0.7     0.3     1.4     2.5     0.6
    0.3     0.4     0.6     1.4     0.9     0.5     0.2     2.4     2.4     0.5
    0.3     0.6     1.3     1.3     0.5     2.5     1.2     2.6     2.4     0.4
 HT
 5603.7  5663.8  5695.8  5711.0  5698.0  5644.4  5559.5  5515.3  5479.1  5460.6
 5660.3  5712.2  5736.7  5745.2  5728.2  5674.9  5593.8  5541.9  5521.0  5505.1
 5712.3  5745.1  5765.3  5771.0  5753.5  5701.8  5625.3  5566.9  5553.4  5550.8
 5748.0  5767.0  5783.0  5784.7  5769.2  5723.0  5654.8  5594.8  5582.9  5593.1
 5776.5  5782.1  5794.8  5791.5  5775.1  5738.0  5682.3  5630.0  5610.6  5636.4
 5797.3  5796.3  5804.7  5796.6  5785.8  5755.3  5708.8  5661.1  5645.1  5674.8
 5812.3  5811.1  5814.5  5805.2  5795.3  5775.5  5732.0  5690.4  5681.4  5712.5
 5821.2  5819.1  5821.7  5812.6  5807.2  5792.4  5753.4  5717.4  5710.6  5743.1
 5825.5  5820.5  5819.3  5818.0  5819.5  5806.1  5776.1  5743.3  5738.5  5766.0
 5826.9  5816.6  5813.3  5819.5  5829.4  5823.9  5795.8  5764.3  5765.1  5780.4
 5826.9  5815.0  5809.1  5817.1  5836.9  5834.1  5808.8  5778.9  5788.0  5795.3
 5826.4  5814.8  5807.0  5818.1  5842.6  5838.3  5816.0  5797.4  5804.4  5809.4
 5827.6  5815.1  5808.6  5826.3  5849.4  5842.0  5825.8  5815.8  5812.1  5822.3
 5833.0  5819.8  5813.3  5832.8  5852.3  5843.8  5833.1  5826.3  5821.0  5830.5
 5834.8  5827.6  5824.4  5840.8  5854.0  5847.5  5837.9  5832.6  5829.6  5835.5
 5836.6  5836.6  5838.0  5846.9  5857.1  5852.5  5846.5  5841.0  5839.9  5839.6
 UW
   23.9    24.6    22.3    21.4    14.3    14.8    14.8    11.2    17.8    16.5
   26.9    19.6    18.1    19.3    15.0    11.5    12.5     8.5    14.2    16.0
   22.4    14.2    13.1    13.1    12.3     9.6    12.4    10.1    11.5    20.1
   16.7    10.9     9.1     5.5     4.7     9.1    12.5    11.9    11.1    22.9
   13.8     9.5     7.4     2.6     4.4     8.8    11.0    13.7    14.4    23.4
   11.1     8.8     6.9     6.4     5.5     9.4    11.1    13.8    17.7    21.1
    6.6     6.7     6.7     6.7     8.1    10.1    11.7    12.0    17.1    22.3
    1.5     3.0     2.9     4.1     9.2    10.3    13.5    14.1    15.4    17.4
   -0.5    -0.9    -3.2     2.2     8.2    13.2    12.1    13.1    18.1    13.9
   -0.9    -2.4    -5.3    -0.4     6.7    12.0    12.1     8.6    18.0     7.1
   -0.3    -0.4    -3.5    -0.6     4.8     7.9     9.0    12.2    14.0     9.7
    0.1     0.7     0.3     3.4     4.4     4.7     6.6    14.8     8.7    10.0
    3.4     2.1     2.8     5.0     2.1     5.3     6.5    12.3     5.3     7.9
    3.6     6.0     6.3     5.3     0.7     5.3     5.3     7.9     8.1     6.4
    0.5     4.9    10.5     7.3     0.3     5.3     5.1     7.1     7.3     6.6
    4.0     8.0    11.1     6.4    -0.7     2.7     6.1 TILES TO GRIB
    6.6     6.4     5.6
 VW
   22.1    18.0    10.8     2.4    -7.2   -20.7   -16.7   -16.1   -10.7   -11.8
   22.3    13.1     9.7     0.1    -9.0   -20.1   -18.6   -11.9    -8.9   -10.0
   15.6     7.9     7.8    -2.2   -10.5   -17.6   -19.1   -10.4    -7.1    -3.4
   10.7     4.0     5.3    -3.0    -9.1   -14.3   -18.8    -9.1    -4.8     1.8
    7.0     2.0     3.1    -3.4    -7.6   -13.5   -17.2    -7.7    -5.3     4.7
    4.2     1.7     2.6    -3.4    -3.2   -11.3   -15.3   -11.3    -3.7     5.8
    2.0     0.4     3.3    -3.3    -1.5    -9.9   -14.7   -11.3    -2.0     8.2
    1.5    -0.2     3.0    -0.8     1.1    -8.4   -15.5   -10.6    -2.2     7.1
    1.4    -0.4    -0.3     1.8     1.8    -7.2   -14.3    -9.6     1.3     4.4
    0.9    -1.4     0.0     2.3     1.0    -5.0   -12.3   -10.5     4.1     2.1
    0.3    -1.9     0.5     7.0     1.2    -3.8   -12.3    -7.1     2.5     6.8
   -0.4    -2.3     1.4     8.9     4.6    -4.3   -11.9    -3.9    -2.1     8.0
   -1.3    -2.0     3.0     7.7     4.0    -6.1    -8.9    -4.6    -1.2     5.1
   -2.3    -2.6     4.4     6.6     3.5    -6.6    -8.3    -4.9     0.3     4.3
   -2.2    -2.0     6.6     6.4     2.6    -5.9    -9.4    -5.3    -1.1     5.3
   -0.8     1.6     6.4     6.9     3.2     1.5    -8.3    -5.3    -2.2     5.6
 TH
  310.9   311.4   311.7   311.7   311.4   309.4   301.5   297.5   298.0   298.2
  312.0   312.5   312.2   312.2   312.5   310.0   303.2   299.1   299.5   300.4
  312.2   313.8   313.5   312.9   312.8   310.7   304.9   300.4   300.9   303.8
  313.7   315.4   315.2   314.3   313.5   311.4   306.1   301.7   301.7   306.2
  315.2   316.6   316.4   315.5   314.3   312.9   308.2   302.4   303.0   308.7
  317.0   318.0   317.3   316.1   314.9   313.5   310.0   304.6   305.9   311.0
  318.3   319.3   318.3   317.2   315.5   313.9   310.3   306.4   308.8   313.5
  319.0   318.7   319.0   317.6   316.3   315.1   311.9   309.0   311.3   315.1
  318.8   318.5   319.1   318.5   317.2   317.1   314.2   312.1   313.0   316.0
  318.9   318.6   319.2   318.3   317.7   319.2   316.5   313.1   315.3   317.1
  319.1   318.5   318.2   317.5   318.0   319.8   317.5   313.6   316.9   317.2
  319.4   318.9   318.2   317.5   317.7   319.4   318.6   316.2   317.8   317.1
  320.7   320.1   318.8   317.2   317.7   318.8   318.6   318.0   318.2   318.3
  322.3   321.4   319.1   317.9   318.5   320.7   319.1   319.2   318.5   319.1
  322.9   322.0   319.4   318.2   318.9   320.9   319.7   320.4   319.5   320.9
  323.0   321.5   320.0   319.1   320.0   320.0   320.4   321.2   320.9   322.6
 field, value             1    1.000000    
 field, value             2    102124.1    
 field, value             3    79933.25    
 field, value             4    2074.750    
 field, value             5    289.1511    
 field, value             6   0.2485732    
 field, value             7    279.3748    
 field, value             8   0.2829928    
 field, value             9    277.9412    
 field, value            10   0.3048502    
 field, value            11    275.4395    
 field, value            12   0.3141860    
