&MODEL_GRIDS
 TLM0D=-94.0
 TPH0D=41.7
 IM=75
 JM=121
 LM=45
 PTINP=2500.
 DLMD=0.098
 DPHD=0.098
 DT=30.
 IDTAD=2
 IMONTH=04
 IDATE=24
 IYEAR=2001
 ISTRTIM=00
 NSOIL=4
 NINIT=3
 INIT_IN(1)='/home/models/iowaeta/worketa/data/eta_prep/01042400000.ETA104'
 INIT_IN(2)='/home/models/iowaeta/worketa/data/eta_prep/01042400003.ETA104'
 INIT_IN(3)='/home/models/iowaeta/worketa/data/eta_prep/01042400006.ETA104'
 INIT_GDSDIR='/home/models/iowaeta/worketa/data/eta_prep/gdsinfo.ETA104'
 INIT_OUT='/home/models/iowaeta/worketa/run_time'
 TBOCO=3.0
 NHOUR=6
&END
 
&SURFACE
 TOPO_IN='/home/models/iowaeta/worketa/data/topo/'
 TOPO_OUT='/home/models/iowaeta/worketa/run_time/etatopo.dat'
 GRIBSOIL=.TRUE.
 seares=2.
&END
 
&INIT_DIAG
 SIGMA=.FALSE.
 HIRES=.TRUE.
&END
  
 ETA grid parameters:
    im   =           75  jm  =          121
    imt  =          149  jmt =           61
    imjm =         9015
  
 soil levels  in ecommons             4
  centered at     41.70000       -94.00000    
 seares in eta_commons:     2.000000    
  
 Ingesting data - file = 
 /home/models/iowaeta/worketa/data/eta_prep/01042400000.ETA104
         9015           39           75          121
 In getdata
    - data sector size:            147          110           39
 reading in getdata           147          110           39
 U,V,Z,Q :     17.91497       -3.324177        13623.66       1.5546319E-05
 trying to open /home/models/iowaeta/worketa/data/eta_prep/gdsinfo.ETA104
 gds(1-14):             5          147          110         -268      -139475 
            8      -105000        90755        90755            0           64 
            0            0            0
 Horizontally interpolate data to ETA grid....             1
 calling with gproj= PS
 Horizontally interpolate data to ETA grid....             2
 calling with gproj= PS
 checking mixing ratio for neg values
 calling wind interp
 Horizontally interpolate wind data to ETA grid.... 
 calling with gproj= PS
 Horizontally interpolate data to ETA grid....             6
 calling with gproj= PS
 calling coastal!!!!!!!
 KRADUL            1
 rawval land/sea mask 
0.0.0.1.1.1.0.0.0.0.0.0.
0.0.0.0.1.1.1.1.0.0.0.0.
0.0.0.0.1.1.1.1.0.0.0.0.
0.0.0.0.0.1.1.1.1.0.0.0.
0.0.0.0.0.1.1.1.0.0.0.0.
0.0.0.0.0.1.1.0.1.0.0.0.
0.0.0.0.0.1.1.1.1.0.0.0.
0.0.0.0.0.1.1.1.1.0.0.0.
0.0.0.0.0.0.1.0.0.1.0.0.
0.0.0.0.0.0.1.0.0.0.0.1.
0.0.0.0.0.0.0.0.1.0.1.1.
 replaced soil values at :           816  points
 return coastal
 Vertically interpolate data to ETA grid.
 input levels, output levels           39           45
 in interp....pt=     2500.000    
 in interp....ptinp=     2500.000    
 lowest zeta values
 zeta(l)...            16    6423.716    
 zeta(l)...            17    5907.813    
 zeta(l)...            18    5414.329    
 zeta(l)...            19    4942.593    
 zeta(l)...            20    4492.603    
 zeta(l)...            21    4062.741    
 zeta(l)...            22    3674.079    
 zeta(l)...            23    3309.066    
 zeta(l)...            24    2975.911    
 zeta(l)...            25    2681.332    
 zeta(l)...            26    2429.954    
 zeta(l)...            27    2212.945    
 zeta(l)...            28    2019.797    
 zeta(l)...            29    1839.494    
 zeta(l)...            30    1664.743    
 zeta(l)...            31    1499.496    
 zeta(l)...            32    1339.938    
 zeta(l)...            33    1194.111    
 zeta(l)...            34    1063.236    
 zeta(l)...            35    940.7650    
 zeta(l)...            36    821.1250    
 zeta(l)...            37    708.3012    
 zeta(l)...            38    596.7820    
 zeta(l)...            39    486.5544    
 zeta(l)...            40    378.8540    
 zeta(l)...            41    276.8581    
 zeta(l)...            42    185.8617    
 zeta(l)...            43    115.1003    
 zeta(l)...            44    63.30343    
 zeta(l)...            45    19.99987    
 zeta(l)...            46   0.0000000E+00
 small abs(c)....             5          105  -1.2398127431801784E-002
 special case....             5          105    99221.15    
 hldm,hgt,h,ref   141.66   940.77   353.13 0.89070
 .........................................
 in interp, pdmin (surface based)=     77402.20    
 in interp, pdmax (surface based)=     99701.09    
 past wind allocates
 past PDVP deallocate
 heta deallocated
 THE LARGEST TETA VALUE IS     460.3362    
 Writing to file: /home/models/iowaeta/worketa/run_time/preproc.init
 ueta, veta, level 20
    9.125181        14.07726        13.51900    
   -3.192536       -8.377026       -8.183464    
 in interp, pdb(1,1),pdb(1,2):     99519.11       0.0000000E+00
 took square of neg number at             0  points
  
 Ingesting data - file = 
 /home/models/iowaeta/worketa/data/eta_prep/01042400003.ETA104
         9015           39           75          121
 In getdata
    - data sector size:            147          110           39
 reading in getdata           147          110           39
 U,V,Z,Q :     16.65791       -15.27360        13636.29       1.8969296E-05
 trying to open /home/models/iowaeta/worketa/data/eta_prep/gdsinfo.ETA104
 gds(1-14):             5          147          110         -268      -139475 
            8      -105000        90755        90755            0           64 
            0            0            0
 Horizontally interpolate data to ETA grid....             1
 calling with gproj= PS
 Horizontally interpolate data to ETA grid....             2
 calling with gproj= PS
 checking mixing ratio for neg values
 calling wind interp
 Horizontally interpolate wind data to ETA grid.... 
 calling with gproj= PS
 Horizontally interpolate data to ETA grid....             6
 calling with gproj= PS
 Vertically interpolate data to ETA grid.
 input levels, output levels           39           45
 in interp....pt=     2500.000    
 in interp....ptinp=     2500.000    
 lowest zeta values
 zeta(l)...            16    6423.716    
 zeta(l)...            17    5907.813    
 zeta(l)...            18    5414.329    
 zeta(l)...            19    4942.593    
 zeta(l)...            20    4492.603    
 zeta(l)...            21    4062.741    
 zeta(l)...            22    3674.079    
 zeta(l)...            23    3309.066    
 zeta(l)...            24    2975.911    
 zeta(l)...            25    2681.332    
 zeta(l)...            26    2429.954    
 zeta(l)...            27    2212.945    
 zeta(l)...            28    2019.797    
 zeta(l)...            29    1839.494    
 zeta(l)...            30    1664.743    
 zeta(l)...            31    1499.496    
 zeta(l)...            32    1339.938    
 zeta(l)...            33    1194.111    
 zeta(l)...            34    1063.236    
 zeta(l)...            35    940.7650    
 zeta(l)...            36    821.1250    
 zeta(l)...            37    708.3012    
 zeta(l)...            38    596.7820    
 zeta(l)...            39    486.5544    
 zeta(l)...            40    378.8540    
 zeta(l)...            41    276.8581    
 zeta(l)...            42    185.8617    
 zeta(l)...            43    115.1003    
 zeta(l)...            44    63.30343    
 zeta(l)...            45    19.99987    
 zeta(l)...            46   0.0000000E+00
 small abs(c)....             9          120  -3.5579820990538802E-003
 special case....             9          120    99453.63    
 hldm,hgt,h,ref   160.57     0.00   370.69 1.00000
 .........................................
 in interp, pdmin (surface based)=     77437.13    
 in interp, pdmax (surface based)=     99961.19    
 past wind allocates
 past PDVP deallocate
 heta deallocated
 in interp, pdb(1,1),pdb(1,2):     99844.21       0.0000000E+00
 took square of neg number at             0  points
  
 Ingesting data - file = 
 /home/models/iowaeta/worketa/data/eta_prep/01042400006.ETA104
         9015           39           75          121
 In getdata
    - data sector size:            147          110           39
 reading in getdata           147          110           39
 U,V,Z,Q :     16.00981       -21.67148        13678.21       2.2257020E-05
 trying to open /home/models/iowaeta/worketa/data/eta_prep/gdsinfo.ETA104
 gds(1-14):             5          147          110         -268      -139475 
            8      -105000        90755        90755            0           64 
            0            0            0
 Horizontally interpolate data to ETA grid....             1
 calling with gproj= PS
 Horizontally interpolate data to ETA grid....             2
 calling with gproj= PS
 checking mixing ratio for neg values
 calling wind interp
 Horizontally interpolate wind data to ETA grid.... 
 calling with gproj= PS
 Horizontally interpolate data to ETA grid....             6
 calling with gproj= PS
 Vertically interpolate data to ETA grid.
 input levels, output levels           39           45
 in interp....pt=     2500.000    
 in interp....ptinp=     2500.000    
 lowest zeta values
 zeta(l)...            16    6423.716    
 zeta(l)...            17    5907.813    
 zeta(l)...            18    5414.329    
 zeta(l)...            19    4942.593    
 zeta(l)...            20    4492.603    
 zeta(l)...            21    4062.741    
 zeta(l)...            22    3674.079    
 zeta(l)...            23    3309.066    
 zeta(l)...            24    2975.911    
 zeta(l)...            25    2681.332    
 zeta(l)...            26    2429.954    
 zeta(l)...            27    2212.945    
 zeta(l)...            28    2019.797    
 zeta(l)...            29    1839.494    
 zeta(l)...            30    1664.743    
 zeta(l)...            31    1499.496    
 zeta(l)...            32    1339.938    
 zeta(l)...            33    1194.111    
 zeta(l)...            34    1063.236    
 zeta(l)...            35    940.7650    
 zeta(l)...            36    821.1250    
 zeta(l)...            37    708.3012    
 zeta(l)...            38    596.7820    
 zeta(l)...            39    486.5544    
 zeta(l)...            40    378.8540    
 zeta(l)...            41    276.8581    
 zeta(l)...            42    185.8617    
 zeta(l)...            43    115.1003    
 zeta(l)...            44    63.30343    
 zeta(l)...            45    19.99987    
 zeta(l)...            46   0.0000000E+00
 small abs(c)....            11          107   1.5409748541638677E-002
 special case....            11          107    99634.99    
 hldm,hgt,h,ref   180.16   708.30   390.61 0.91678
 .........................................
 in interp, pdmin (surface based)=     77651.65    
 in interp, pdmax (surface based)=     100276.8    
 past wind allocates
 past PDVP deallocate
 heta deallocated
 in interp, pdb(1,1),pdb(1,2):     99991.21       0.0000000E+00
 took square of neg number at             0  points
 im,jm=           75          121
 to preproc.init read
 middle of preproc.init read
 past preproc.init read
 some res values:     1.000000       0.8472707       0.8472707     
   0.8629382       0.8629382       0.8771925       0.8771925     
   0.8771925       0.8771925       0.8906987       0.8906987     
   0.8906987       0.8906987       0.8906987       0.9040500     
   0.9040500       0.9167848       0.9167848       0.9167848     
   0.9295108       0.9295108       0.9295108       0.9422259     
   0.9422259       0.9422259       0.9422259       0.9547811     
   0.9547811       0.9547811       0.9547811       0.9547811     
   0.9547811       0.9547811       0.9547811       0.9547811     
   0.9547811       0.9667932       0.9667932       0.9667932     
   0.9667932       0.9667932       0.9667932       0.9667932     
   0.9667932       0.9667932       0.9667932       0.9776099     
   0.9776099       0.9776099       0.9776099       0.9776099     
   0.9776099       0.9776099       0.9776099       0.9667932     
   0.9776099       0.9776099       0.9776099       0.9776099     
   0.9776099       0.9667932       0.9776099       0.9776099     
   0.9776099       0.9776099       0.9776099       0.9667932     
   0.9667932       0.9667932       0.9667932       0.9667932     
   0.9667932       0.9776099        1.000000        1.000000    
 executing cnsts....GRIBSOIL is:   T
 const believes there are             4  soil layers
 computed coac based on grid resolution...
 will use coac=    0.2000000    
 ja=          228  jam=          228
     33    33     1  0.27236219000E-01  0.96679318000E+00 -0.93955696000E+00
     33    33     2  0.56400463000E-01  0.96679318000E+00 -0.91039270000E+00
     33    33     3  0.85805289000E-01  0.96679318000E+00 -0.88098788000E+00
     33    33     4  0.11342551000E+00  0.96679318000E+00 -0.85336769000E+00
     33    33     5  0.14000371000E+00  0.96679318000E+00 -0.82678950000E+00
     33    33     6  0.16598503000E+00  0.96679318000E+00 -0.80080813000E+00
     33    33     7  0.19065215000E+00  0.96679318000E+00 -0.77614105000E+00
     33    33     8  0.21436466000E+00  0.96679318000E+00 -0.75242853000E+00
     33    33     9  0.23861428000E+00  0.96679318000E+00 -0.72817892000E+00
     33    33    10  0.26492003000E+00  0.96679318000E+00 -0.70187318000E+00
     33    33    11  0.29500484000E+00  0.96679318000E+00 -0.67178833000E+00
     33    33    12  0.32669237000E+00  0.96679318000E+00 -0.64010084000E+00
     33    33    13  0.35928181000E+00  0.96679318000E+00 -0.60751140000E+00
     33    33    14  0.39213842000E+00  0.96679318000E+00 -0.57465476000E+00
     33    33    15  0.42505515000E+00  0.96679318000E+00 -0.54173803000E+00
     33    33    16  0.45821509000E+00  0.96679318000E+00 -0.50857806000E+00
     33    33    17  0.49175730000E+00  0.96679318000E+00 -0.47503588000E+00
     33    33    18  0.52555847000E+00  0.96679318000E+00 -0.44123471000E+00
     33    33    19  0.55944741000E+00  0.96679318000E+00 -0.40734577000E+00
     33    33    20  0.59337789000E+00  0.96679318000E+00 -0.37341529000E+00
     33    33    21  0.62541199000E+00  0.96679318000E+00 -0.34138119000E+00
     33    33    22  0.65670717000E+00  0.96679318000E+00 -0.31008601000E+00
     33    33    23  0.68632412000E+00  0.96679318000E+00 -0.28046906000E+00
     33    33    24  0.71337098000E+00  0.96679318000E+00 -0.25342220000E+00
     33    33    25  0.73710424000E+00  0.96679318000E+00 -0.22968894000E+00
     33    33    26  0.75808567000E+00  0.96679318000E+00 -0.20870751000E+00
     33    33    27  0.77715093000E+00  0.96679318000E+00 -0.18964225000E+00
     33    33    28  0.79528582000E+00  0.96679318000E+00 -0.17150736000E+00
     33    33    29  0.81317747000E+00  0.96679318000E+00 -0.15361571000E+00
     33    33    30  0.83038503000E+00  0.96679318000E+00 -0.13640815000E+00
     33    33    31  0.84727067000E+00  0.96679318000E+00 -0.11952251000E+00
     33    33    32  0.86293823000E+00  0.96679318000E+00 -0.10385495000E+00
     33    33    33  0.87719250000E+00  0.96679318000E+00 -0.89600682000E-01
     33    33    34  0.89069867000E+00  0.96679318000E+00 -0.76094508000E-01
     33    33    35  0.90404999000E+00  0.96679318000E+00 -0.62743187000E-01
     33    33    36  0.91678482000E+00  0.96679318000E+00 -0.50008357000E-01
     33    33    37  0.92951083000E+00  0.96679318000E+00 -0.37282348000E-01
     33    33    38  0.94222587000E+00  0.96679318000E+00 -0.24567306000E-01
     33    33    39  0.95478112000E+00  0.96679318000E+00 -0.12012064000E-01
     33    33    40  0.96679318000E+00  0.96679318000E+00  0.00000000000E+00
     33    33    41  0.97760987000E+00  0.96679318000E+00  0.10816693000E-01
     33    33    42  0.98608708000E+00  0.96679318000E+00  0.19293904000E-01
     33    33    43  0.99232900000E+00  0.96679318000E+00  0.25535822000E-01
     33    33    44  0.99757141000E+00  0.96679318000E+00  0.30778229000E-01
     33    33    45  0.10000000000E+01  0.96679318000E+00  0.33206820000E-01
  
 CALLING HIRES SST ROUTINE
  
 back from baopen, IRET=             0
 flipping the data
 KPDS=             7           44          255          128           11 
            1            0            1            4           23            0 
            0
 KGDS=             0          720          360        89750          250 
          128       -89750         -250          500          500            0 
            0            0            0            0            0            0 
            0            0          255            0            0            0 
            0            0
 leaving GRIBST
 weights:    0.4053749       0.2748009       0.1292136       0.1906106    
 ILAT1,ILON1,ELAT,ELON:     127.2500        261.2500        127.5960     
    261.6802    
 ------------------------------------------
 weights:    0.4199837       0.1974174       0.1223381       0.2602608    
 ILAT1,ILON1,ELAT,ELON:     127.2500        266.2500        127.6802     
    266.6174    
 ------------------------------------------
 weights:    0.2975819       0.2535960       0.2065022       0.2423198    
 ILAT1,ILON1,ELAT,ELON:     127.2500        271.2500        127.5399     
    271.5512    
 ------------------------------------------
 weights:    0.3057344       0.2466948       0.1998689       0.2477019    
 ILAT1,ILON1,ELAT,ELON:     129.2500        261.2500        129.5534     
    261.5524    
 ------------------------------------------
 weights:    0.4072352       0.2288732       0.1309290       0.2329626    
 ILAT1,ILON1,ELAT,ELON:     129.2500        266.2500        129.6402     
    266.6361    
 ------------------------------------------
 weights:    0.3544476       0.3605793       0.1437085       0.1412647    
 ILAT1,ILON1,ELAT,ELON:     129.2500        271.2500        129.4957     
    271.7150    
 ------------------------------------------
 weights:    0.2131845       0.2042044       0.2850381       0.2975729    
 ILAT1,ILON1,ELAT,ELON:     131.2500        261.2500        131.5108     
    261.4174    
 ------------------------------------------
 weights:    0.3933946       0.2621230       0.1377488       0.2067336    
 ILAT1,ILON1,ELAT,ELON:     131.2500        266.2500        131.6001     
    266.6555    
 ------------------------------------------
 weights:    0.1752419       0.2130943       0.3356423       0.2760215    
 ILAT1,ILON1,ELAT,ELON:     131.2500        271.7500        131.4513     
    271.8883    
 ------------------------------------------
 weights:    0.1281401       0.1457247       0.3863798       0.3397554    
 ILAT1,ILON1,ELAT,ELON:     133.2500        261.2500        133.4679     
    261.2739    
 ------------------------------------------
 weights:    0.3786583       0.2974281       0.1424980       0.1814155    
 ILAT1,ILON1,ELAT,ELON:     133.2500        266.2500        133.5601     
    266.6761    
 ------------------------------------------
 weights:    0.2327196       0.3396986       0.2537462       0.1738356    
 ILAT1,ILON1,ELAT,ELON:     133.2500        271.7500        133.4066     
    272.0724    
 ------------------------------------------
 weights:    0.2637423       0.3570462       0.2181033       0.1611082    
 ILAT1,ILON1,ELAT,ELON:     135.2500        260.7500        135.4249     
    261.1208    
 ------------------------------------------
 weights:    0.3626763       0.3347724       0.1452233       0.1573280    
 ILAT1,ILON1,ELAT,ELON:     135.2500        266.2500        135.5200     
    266.6974    
 ------------------------------------------
 weights:    9.7155832E-02   0.1715820       0.4668916       0.2643707    
 ILAT1,ILON1,ELAT,ELON:     135.2500        272.2500        135.3615     
    272.2687    
 ------------------------------------------
 weights:    0.1742410       0.2823935       0.3360299       0.2073355    
 ILAT1,ILON1,ELAT,ELON:     137.2500        260.7500        137.3816     
    260.9566    
 ------------------------------------------
 weights:    0.3462676       0.3751985       0.1448516       0.1336824    
 ILAT1,ILON1,ELAT,ELON:     137.2500        266.2500        137.4799     
    266.7215    
 ------------------------------------------
 weights:    0.1514862       0.3277009       0.3561676       0.1646454    
 ILAT1,ILON1,ELAT,ELON:     137.2500        272.2500        137.3161     
    272.4792    
 ------------------------------------------
 back from SST RES call
 calling SNO16GET
 inside  SNO16GET
 AFTER GETGB FOR SAB ICE, IRET1=            0
 AFTER GETGB FOR SAB SNOW, IRET2=            0
 back from SNO16GET
  DAILY NESDIS SNOW READ IN VIA UNIT NO.= 45
  FOR VALID DATE OF Y-M-D =2001- 4-22
  WHICH IS JULIAN DAY =   2452022

 LAND-SEA MASK FOR NESDIS-IMS SNOW-ICE ANAL
    ( LAND=1, SEA/LAKE=0 )

  J=1024 9999999999999999999999999999999999999999999999999999999999999999
  J=1008 9999999999999999999999999990001100009999999999999999999999999999
  J= 992 9999999999999999999999111110001110000000099999999999999999999999
  J= 976 9999999999999999999910111000001011000000000999999999999999999999
  J= 960 9999999999999999900000010000000000000000000000999999999999999999
  J= 944 9999999999999999000000010000000000000000000000099999999999999999
  J= 928 9999999999999900000000000000110000000000100000000999999999999999
  J= 912 9999999999999000000010000001111000000000100000000099999999999999
  J= 896 9999999999900000000001000000111100000000110000000000999999999999
  J= 880 9999999999000000000000000000011111000000110000000000099999999999
  J= 864 9999999990000000000000000001011111000011110000000000009999999999
  J= 848 9999999900000000000000000001111111001111110000000000000999999999
  J= 832 9999999000000000000000000011111111111111110000000000000099999999
  J= 816 9999999000000000000000000111111111111111100000000000000099999999
  J= 800 9999990000000000000000000111111111111111110000000000000009999999
  J= 784 9999900000000000000000000111111111111111110000000001111111999999
  J= 768 9999900000000000000000000111111111111111111001111000111111999999
  J= 752 9999000000000000000000100011111111111111111111111110011111199999
  J= 736 9990000000000000000000000001111111111111111110111111011111119999
  J= 720 9990000000000000000001000111111111111111111111011111111111119999
  J= 704 9990000000000000000001001111111111111111111110111110111111119999
  J= 688 9900000000000000000000001111111111111111111111111100111111111999
  J= 672 9900000000000000000000101111111111111111110111111101111111111999
  J= 656 9000000000000000000000001111111111111111110111111011111111111199
  J= 640 9000000000000000000000000011111111111111101111111111111111111199
  J= 624 9000000000000000000000000011111111111111111011001111111111111199
  J= 608 9000000000000000000000100111111111111111111011001111111111111199
  J= 592 9000000000000000000000010111111111111111111001001111111111111199
  J= 576 0000000000000000000000001111000100001111111110001111111111111119
  J= 560 0000000000000000000000001110000000000011111111000111111111111119
  J= 544 0000000000000000000000001100000000000111111110000111111101111119
  J= 528 0000000000000000000000000100000000000111101101000111111111111119
  J= 512 0000000000000000000000000000000000000001011110011111111111111119
  J= 496 0000000000000000000000010100000000000000001110011111111111111009
  J= 480 0000000000000000000000111100000111100000111111011111111111111009
  J= 464 0000000000000000000000001110000111110100010001111111111111100009
  J= 448 0000000000000000000000001111101101110000000011111111111111100009
  J= 432 9000000000000000000000001111100100110000000000001111111111110099
  J= 416 9000000000000000000000001111111010010000000000001111111111110099
  J= 400 9000000000000000000000011111111010000000000000000111111111100099
  J= 384 9000000000000000000000011111100010000000000000000111111111100099
  J= 368 9000000000000000000000011111110011000000000000000011111111100099
  J= 352 9900000000000000000000111111111011110000000000000000111111000999
  J= 336 9900000000000000000001111111111011001000000000000000010000000999
  J= 320 9990000000000000000001111111101111100000000000000000000000009999
  J= 304 9990000000000000000001111111111011000000000000000000000000009999
  J= 288 9990000000000000000001111111111111000000000000000000000000009999
  J= 272 9999000000000000000000111111111100000000000000000000000000099999
  J= 256 9999900000000000000000111111111110000000000000000000000000999999
  J= 240 9999900000000000000000111111111100000000000000000000000000999999
  J= 224 9999990000000000000000111100001000000000000000000000000009999999
  J= 208 9999999000000000000000111100000000000000000000000000000099999999
  J= 192 9999999000000000000000111000000000000000000000000000000099999999
  J= 176 9999999900000000000000011000000100100000000000000000000999999999
  J= 160 9999999990000000000000001111100000110000000000000000009999999999
  J= 144 9999999999000000000000000011000000000000000000000000099999999999
  J= 128 9999999999900000000000000001110000000000000000000000999999999999
  J= 112 9999999999999000000000000000110000000000000000000099999999999999
  J=  96 9999999999999900000000000000010000101111111111000999999999999999
  J=  80 9999999999999999000000000000001111111111111111199999999999999999
  J=  64 9999999999999999900000000000000001111111111111999999999999999999
  J=  48 9999999999999999999900000000000001111111111999999999999999999999
  J=  32 9999999999999999999999000000000011111111199999999999999999999999
  J=  16 9999999999999999999999999990000011119999999999999999999999999999


 NESDIS-IMS SNOW-ICE ANAL: 
  (ICE-FREE SEA=0, SNOW-FREE LAND=1, ICE=2, SNOW=3)


  J=1024 9999999999999999999999999999999999999999999999999999999999999999
  J=1008 9999999999999999999999999990001100009999999999999999999999999999
  J= 992 9999999999999999999999111110001110000000099999999999999999999999
  J= 976 9999999999999999999910111000001011000000000999999999999999999999
  J= 960 9999999999999999900000010000000000000000000000999999999999999999
  J= 944 9999999999999999000000010000000000000000000000099999999999999999
  J= 928 9999999999999900000000000000110000000000100000000999999999999999
  J= 912 9999999999999000000010000001111000000000100000000099999999999999
  J= 896 9999999999900000000001000000111100000000110000000000999999999999
  J= 880 9999999999000000000000000000011111000000110000000000099999999999
  J= 864 9999999990000000000000000001011111000011110000000000009999999999
  J= 848 9999999900000000000000000001111111001111110000000000000999999999
  J= 832 9999999000000000000000000011111111111111110000000000000099999999
  J= 816 9999999000000000000000000111111111111111100000000000000099999999
  J= 800 9999990000000000000000000111111133113111110000000000000009999999
  J= 784 9999900000000000000000000111111111111311110000000001111111999999
  J= 768 9999900000000000000000000111111111111111111001111000111111999999
  J= 752 9999000000000000000000100011111111111131111111111110011111199999
  J= 736 9990000000000000000000000001111111111133111110111111011111119999
  J= 720 9990000000000000000001000111111111133131111111011111111111119999
  J= 704 9990000000000000000001001111111111111111111110111110111111119999
  J= 688 9900000000000000000000001111131111311111111111111100111111111999
  J= 672 9900000000000000000000301113333133111111110111111101111111111999
  J= 656 9000000000000000000000203333333331111111110111111011111111111199
  J= 640 9000000000000000000000022233333333311111101111111111111111111199
  J= 624 9000000000000000000000002233333333331131111011001111111111111199
  J= 608 9000000000000000000000302333333333333331111011001111111111111199
  J= 592 9000000000000000000000032333333333333311111001001111111111111199
  J= 576 0000000000000000000000003333222322221311111110001111111111111119
  J= 560 0000000000000000000000003332222222200231111113000111111111111119
  J= 544 0000000000000000000000003322222222200311111110000111111101111119
  J= 528 0000000000000000000000002322222222200331101101000111111111111119
  J= 512 0000000000000000000000022222222222000003011110011111111111111119
  J= 496 0000000000000000000000030322222222200000001110011111111111111009
  J= 480 0000000000000000000000333322222333320000111111011111111111111009
  J= 464 0000000000000000000000003332222333332300010001111111111111100009
  J= 448 0000000000000000000000003333323323332000000011111111111111100009
  J= 432 9000000000000000000000003333322322330000000000001111111111110099
  J= 416 9000000000000000000000003133333232030000000000001111111111110099
  J= 400 9000000000000000000000011133333232000000000000000111111111100099
  J= 384 9000000000000000000000011113322232000000000000000111111111100099
  J= 368 9000000000000000000000013113332233220000000000000011111111100099
  J= 352 9900000000000000000000133111133233330000000000000000111111000999
  J= 336 9900000000000000000001113111111233003000000000000000010000000999
  J= 320 9990000000000000000001311131101113320000000000000000000000009999
  J= 304 9990000000000000000001111111111013000000000000000000000000009999
  J= 288 9990000000000000000001111111111111000000000000000000000000009999
  J= 272 9999000000000000000000111111111100000000000000000000000000099999
  J= 256 9999900000000000000000111111111110000000000000000000000000999999
  J= 240 9999900000000000000000111111111100000000000000000000000000999999
  J= 224 9999990000000000000000111100001000000000000000000000000009999999
  J= 208 9999999000000000000000111100000000000000000000000000000099999999
  J= 192 9999999000000000000000111000000000000000000000000000000099999999
  J= 176 9999999900000000000000011000000100100000000000000000000999999999
  J= 160 9999999990000000000000001111100000110000000000000000009999999999
  J= 144 9999999999000000000000000011000000000000000000000000099999999999
  J= 128 9999999999900000000000000001110000000000000000000000999999999999
  J= 112 9999999999999000000000000000110000000000000000000099999999999999
  J=  96 9999999999999900000000000000010000101111111111000999999999999999
  J=  80 9999999999999999000000000000001111111111111111199999999999999999
  J=  64 9999999999999999900000000000000001111111111111999999999999999999
  J=  48 9999999999999999999900000000000001111111111999999999999999999999
  J=  32 9999999999999999999999000000000011111111199999999999999999999999
  J=  16 9999999999999999999999999990000011119999999999999999999999999999


      SUBROUTINE SNOHIRES                    
    WILL TRY TO PROCESS USAF SNOWCOVER: LUSAF =  T
 calling SNO8GET
 AFTER GETGB FOR AF ICE, IRET=            0
 AFTER GETGB FOR AF SNOW, IRET=            0
 LUSAF=  T
  DAILY USAF SNOW READ IN VIA UNIT NO.= 41
  FOR VALID DATE OF Y-M-D =2001- 4-22
  WHICH IS JULIAN DAY =   2452022
 

 USAF SNODEP ANAL WILL BE USED, LUSAF= T
                                    SNODEPTH THRESHOLD (TENTHS OF INCHES) = 15

 LAND-SEA MASK OF USAF GRID 
  ( SEA/LAKE=1, LAND=2, COASTAL-LAND=4, OFFWORLD=9 )

  J=512 99999999999999999999999999999999999999999999999999999999999999999999999999
  J=504 99999999999999999999999999914222441119999999999999999999999999999999999999
  J=496 99999999999999999999222244111244241111111119999999999999999999999999999999
  J=488 99999999999999991212222411411424124111111111111999999999999999999999999999
  J=480 99999999999991111111224111111112111111111111111111999999999999999999999999
  J=472 99999999999121111114241111111111211111111111111111111999999999999999999999
  J=464 99999999911111411111111111112411211111111112411111111119999999999999999999
  J=456 99999991111111142211411111422221211111111111141111111111199999999999999999
  J=448 99999111111111112241111111122222211111111111221111111111119999999999999999
  J=440 99991111111111111244111111112222222111111112221111111111111199999999999999
  J=432 99111111111111111111211111441222222111111222221111111111111119999999999999
  J=424 91111111111111111111411111442222222211422222221111111111111111199999999999
  J=416 11111111111111111111111142222222222222222222241111111111111111119999999999
  J=408 11111111111111111111114422222222222222222222211111111111111111111999999999
  J=400 11111111111111111111111222222222222222222222221111111111111111111199999999
  J=392 11111111111111111111111222222222222222222222221111111111112222222249999999
  J=384 11111111111111111111111142222222222222222222222111224211114222222222999999
  J=376 11111111111111111111111142222222222222222222222221222222241122222222999999
  J=368 11111111111111111114124144222222222222222222222221122222222422222222299999
  J=360 11111111111111111141111222222222222222222222222222442222222122222222229999
  J=352 11111111111111111121114222222222222222222222222222442222221422222222229999
  J=344 11111111111111111114112222222222222222222222222222222222214222222222242999
  J=336 11111111111111111112142222222422222222222241241122222222112222222222222999
  J=328 11111111111111111111412222222222222222222222211222222221122222222222222299
  J=320 11111111111111111111114122222222222222222222412222222244222222222222222299
  J=312 11111111111111111111111122222222222222222222222142211442222222222222222299
  J=304 11111111111111111114111122222222222222222222222112211122222222222222222229
  J=296 11111111111111111111244222222222222422222222222411221122222222222222222429
  J=288 11111111111111111111144222221112411114222222222222411122222222222222222229
  J=280 11111111111111111111112222114114114411124222222222221144222222222222222229
  J=272 11111111111111111111112241111111111111122221222222111112222222224222222229
  J=264 11111111111111111411111211111111111111122244122221214142222222222222222229
  J=256 11111111111111111111111111111111111111111421422224111222222222222222222229
  J=248 11111111111111111111121221111111114111111111112222114222222222222222221119
  J=240 11111111111111111114422221111111422241111111424222411222222222222222224119
  J=232 11111111111111111111142221114442422221111111214114221222222222222222211119
  J=224 11111111111111111111112222414144112222111111111112221222222222222222211119
  J=216 11111111111111111111112224242112411122111111111111441222222222222222211119
  J=208 11111111111111111111122222222224221122111111111111111142222222222222211119
  J=200 11111111111111111111122222222241224111111111111111111112222222222222211199
  J=192 11111111111111111111122222222111241111111111111111111114222222222222411199
  J=184 11111111111111111111222222222411422211111111111111111111422222222222111199
  J=176 11111111111111111112222222212221222222111111111111111111111222222241111999
  J=168 11111111111111111122222222222222222444211111111111111111111142211111111999
  J=160 11111111111111111122222222222142222244111111111111111111111111111111119999
  J=152 11111111111111111122222222222424222111111111111111111111111111111111119999
  J=144 11111111111111111122222222222424224111111111111111111111111111111111199999
  J=136 11111111111111111112222222222222241111111111111111111111111111111111999999
  J=128 11111111111111111112222222222222241111111111111111111111111111111111999999
  J=120 11111111111111111412222222222222111111111111111111111111111111111119999999
  J=112 11111111111111111114222211141421111111111111111111111111111111111199999999
  J=104 11111111111111111111222211111112111111111111111111111111111111111999999999
  J= 96 11111111111111111112222111111114141111111111111111111111111111119999999999
  J= 88 91111111111111111111422411141414211111111111111111111111111111199999999999
  J= 80 99111111111111111111142242221111111422441111111111111111111119999999999999
  J= 72 99991111111111111111111142241111111111111111111111111111111199999999999999
  J= 64 99999111111111111111111114222211111111111111111111111111119999999999999999
  J= 56 99999991111111111111111111112211111144114241111111111111199999999999999999
  J= 48 99999999911111111111111111112211114222222222222222211119999999999999999999
  J= 40 99999999999111111111111111111144422222222222222222222999999999999999999999
  J= 32 99999999999991111111111111111111142222222222222222999999999999999999999999
  J= 24 99999999999999991111111111111111142222222222222999999999999999999999999999
  J= 16 99999999999999999999111111111111122222222229999999999999999999999999999999
  J=  8 99999999999999999999999999911111222229999999999999999999999999999999999999

 SNOW/ICE ON USAF GRID
 (ICE-FREE SEA=0, SNOW-FREE LAND=1, SNOWDEPTH=2-8 IN., ICE=9 )
 *** SNOWDEPTH CAPPED HERE AT 8 INCHES FOR DISPLAY ONLY ***

  J=512 **************************************************************************
  J=504 ***************************0111111000*************************************
  J=496 ********************11111100011111000000000*******************************
  J=488 ****************0101111100100111011000000000000***************************
  J=480 *************0000000111000000001000000000000000000************************
  J=472 ***********010000001110000000000100000000000000000000*********************
  J=464 *********0000010000000000000110010000000000110000000000*******************
  J=456 *******00000000111001000001111101000000000000100000000000*****************
  J=448 *****00000000000111000000001111110000000000011000000000000****************
  J=440 ****00000000000001110000000011111110000000011100000000000000**************
  J=432 **00000000000000000010000011011111100000011111000000000000000*************
  J=424 *00000000000000000001000001111111111001111111100000000000000000***********
  J=416 0000000000000000000000001111111111111111111111000000000000000000**********
  J=408 00000000000000000000001111111111111111111111100000000000000000000*********
  J=400 000000000000000000000001111111112341111111111100000000000000000000********
  J=392 0000000000000000000000011111111422211128111111000000000000111111111*******
  J=384 00000000000000000000000011111111212132328111111000111100001111111111******
  J=376 00000000000000000000000011111111211241148111111110111111110011111111******
  J=368 000000000000000000010110111111111111111188831111100111111111111111111*****
  J=360 0000000000000000001000011111111111122388881111111111111111101111111111****
  J=352 0000000000000000001000111111111221811111111111111111111111011111111111****
  J=344 00000000000000000001001111111168118811111111111111111111101111111111111***
  J=336 00000000000000000001014111413211111111111110110011111111001111111111111***
  J=328 000000000000000000091018442168881111111111111001111111100111111111111111**
  J=320 000000000000000000009919888888888181185112111011111111111111111111111111**
  J=312 000000000000000000000099888888888888881188111110111001111111111111111111**
  J=304 0000000000000000000100998888888888888831881111100110001111111111111111111*
  J=296 0000000000000000000088188888888888888811111111110011001111111111111111111*
  J=288 0000000000000000000001888888999889999888741111111110001111111111111111111*
  J=280 0000000000000000000000888899799299180008112111111111001111111111111111111*
  J=272 0000000000000000000000888999999999090008811011111100000111111111111111111*
  J=264 0000000000000000010009989999999999999008881101111010101111111111111111111*
  J=256 0000000000000000000000999999999999900000088011128100011111111111111111111*
  J=248 0000000000000000000008988999999999199000000000111100111111111111111111000*
  J=240 0000000000000000000118888999999988888900000011111110011111111111111111100*
  J=232 0000000000000000000004888999114488888990000010100111011111111111111110000*
  J=224 0000000000000000000000818880898899888800000000000111011111111111111110000*
  J=216 0000000000000000000000878887899889908800000000000011011111111111111110000*
  J=208 0000000000000000000001883888888818908800000000000000001111111111111110000*
  J=200 000000000000000000000811188888898810000000000000000000011111111111111000**
  J=192 000000000000000000000814118889998899000000000000000000011111111111111000**
  J=184 000000000000000000001411118888996888900000000000000000001111111111110000**
  J=176 00000000000000000001111111194119688888000000000000000000000111111110000***
  J=168 00000000000000000011411111114186111161800000000000000000000011100000000***
  J=160 0000000000000000001111111111102111111100000000000000000000000000000000****
  J=152 0000000000000000001111111111111111100000000000000000000000000000000000****
  J=144 000000000000000000111161111111111110000000000000000000000000000000000*****
  J=136 00000000000000000001111111111111110000000000000000000000000000000000******
  J=128 00000000000000000001111111111111110000000000000000000000000000000000******
  J=120 0000000000000000010111111111111100000000000000000000000000000000000*******
  J=112 000000000000000000011111000101100000000000000000000000000000000000********
  J=104 00000000000000000000111100000001000000000000000000000000000000000*********
  J= 96 0000000000000000000111100000000101000000000000000000000000000000**********
  J= 88 *00000000000000000001111000101011000000000000000000000000000000***********
  J= 80 **00000000000000000001111111000000011111000000000000000000000*************
  J= 72 ****00000000000000000000111100000000000000000000000000000000**************
  J= 64 *****00000000000000000000111110000000000000000000000000000****************
  J= 56 *******00000000000000000000011000000110011100000000000000*****************
  J= 48 *********0000000000000000000110000111111111111111110000*******************
  J= 40 ***********000000000000000000011111111111111111111111*********************
  J= 32 *************0000000000000000000011111111111111111************************
  J= 24 ****************0000000000000000011111111111111***************************
  J= 16 ********************00000000000001111111111*******************************
  J=  8 ***************************0000011111*************************************
 **NO IMS MSK MATCH,ETA-I,J,ELAT,ELON,IMS-I,IMS-J,LND:     1     1  35.45 257.13413275 0
 **NO IMS MSK MATCH,ETA-I,J,ELAT,ELON,IMS-I,IMS-J,LND:     2     1  35.47 257.37414274 0
 **NO IMS MSK MATCH,ETA-I,J,ELAT,ELON,IMS-I,IMS-J,LND:     3     1  35.49 257.61415274 0
 **NO IMS MSK MATCH,ETA-I,J,ELAT,ELON,IMS-I,IMS-J,LND:     4     1  35.50 257.85416274 0
 **NO IMS MSK MATCH,ETA-I,J,ELAT,ELON,IMS-I,IMS-J,LND:     5     1  35.52 258.09417274 0
 **NO IMS MSK MATCH,ETA-I,J,ELAT,ELON,IMS-I,IMS-J,LND:     6     1  35.54 258.32418273 0
 **NO IMS MSK MATCH,ETA-I,J,ELAT,ELON,IMS-I,IMS-J,LND:     7     1  35.56 258.56419273 0
 **NO IMS MSK MATCH,ETA-I,J,ELAT,ELON,IMS-I,IMS-J,LND:     8     1  35.57 258.80420273 0
 **NO IMS MSK MATCH,ETA-I,J,ELAT,ELON,IMS-I,IMS-J,LND:     9     1  35.59 259.04421272 0
 **NO IMS MSK MATCH,ETA-I,J,ELAT,ELON,IMS-I,IMS-J,LND:    10     1  35.61 259.28422272 0
 **NO IMS MSK MATCH,ETA-I,J,ELAT,ELON,IMS-I,IMS-J,LND:    11     1  35.62 259.52423272 0
 **NO IMS MSK MATCH,ETA-I,J,ELAT,ELON,IMS-I,IMS-J,LND:    12     1  35.64 259.76424271 0
 **NO IMS MSK MATCH,ETA-I,J,ELAT,ELON,IMS-I,IMS-J,LND:    13     1  35.65 260.00425271 0
 **NO IMS MSK MATCH,ETA-I,J,ELAT,ELON,IMS-I,IMS-J,LND:    14     1  35.66 260.24426271 0
 **NO IMS MSK MATCH,ETA-I,J,ELAT,ELON,IMS-I,IMS-J,LND:    15     1  35.68 260.48427271 0
 **NO IMS MSK MATCH,ETA-I,J,ELAT,ELON,IMS-I,IMS-J,LND:    16     1  35.69 260.72428270 0
 **NO IMS MSK MATCH,ETA-I,J,ELAT,ELON,IMS-I,IMS-J,LND:    17     1  35.70 260.96429270 0
 **NO IMS MSK MATCH,ETA-I,J,ELAT,ELON,IMS-I,IMS-J,LND:    18     1  35.71 261.20430270 0
 **NO IMS MSK MATCH,ETA-I,J,ELAT,ELON,IMS-I,IMS-J,LND:    19     1  35.72 261.44432269 0
 **NO IMS MSK MATCH,ETA-I,J,ELAT,ELON,IMS-I,IMS-J,LND:    20     1  35.73 261.68433269 0
 **NO IMS MSK MATCH,ETA-I,J,ELAT,ELON,IMS-I,IMS-J,LND:    21     1  35.74 261.92434269 0
 **NO IMS MSK MATCH,ETA-I,J,ELAT,ELON,IMS-I,IMS-J,LND:    22     1  35.75 262.16435269 0
 **NO IMS MSK MATCH,ETA-I,J,ELAT,ELON,IMS-I,IMS-J,LND:    23     1  35.76 262.40436268 0
 **NO IMS MSK MATCH,ETA-I,J,ELAT,ELON,IMS-I,IMS-J,LND:    24     1  35.77 262.64437268 0
 **NO IMS MSK MATCH,ETA-I,J,ELAT,ELON,IMS-I,IMS-J,LND:    25     1  35.77 262.88438268 0
 **NO IMS MSK MATCH,ETA-I,J,ELAT,ELON,IMS-I,IMS-J,LND:    26     1  35.78 263.12439267 0
 **NO IMS MSK MATCH,ETA-I,J,ELAT,ELON,IMS-I,IMS-J,LND:    27     1  35.79 263.36440267 0
 **NO IMS MSK MATCH,ETA-I,J,ELAT,ELON,IMS-I,IMS-J,LND:    28     1  35.79 263.60441267 0
 **NO IMS MSK MATCH,ETA-I,J,ELAT,ELON,IMS-I,IMS-J,LND:    29     1  35.80 263.84442267 0
 **NO IMS MSK MATCH,ETA-I,J,ELAT,ELON,IMS-I,IMS-J,LND:    30     1  35.80 264.08443266 0
 **NO IMS MSK MATCH,ETA-I,J,ELAT,ELON,IMS-I,IMS-J,LND:    31     1  35.81 264.32444266 0
 **NO IMS MSK MATCH,ETA-I,J,ELAT,ELON,IMS-I,IMS-J,LND:    32     1  35.81 264.56445266 0
 **NO IMS MSK MATCH,ETA-I,J,ELAT,ELON,IMS-I,IMS-J,LND:    33     1  35.81 264.80446266 0
 **NO IMS MSK MATCH,ETA-I,J,ELAT,ELON,IMS-I,IMS-J,LND:    34     1  35.82 265.04447265 0
 **NO IMS MSK MATCH,ETA-I,J,ELAT,ELON,IMS-I,IMS-J,LND:    35     1  35.82 265.28448265 0
 **NO IMS MSK MATCH,ETA-I,J,ELAT,ELON,IMS-I,IMS-J,LND:    36     1  35.82 265.52449265 0
 **NO IMS MSK MATCH,ETA-I,J,ELAT,ELON,IMS-I,IMS-J,LND:    37     1  35.82 265.76450264 0
 **NO IMS MSK MATCH,ETA-I,J,ELAT,ELON,IMS-I,IMS-J,LND:    38     1  35.82 266.00451264 0
 **NO IMS MSK MATCH,ETA-I,J,ELAT,ELON,IMS-I,IMS-J,LND:    39     1  35.82 266.24452264 0
 **NO IMS MSK MATCH,ETA-I,J,ELAT,ELON,IMS-I,IMS-J,LND:    40     1  35.82 266.48453264 0
 **NO IMS MSK MATCH,ETA-I,J,ELAT,ELON,IMS-I,IMS-J,LND:    41     1  35.82 266.72454263 0
 **NO IMS MSK MATCH,ETA-I,J,ELAT,ELON,IMS-I,IMS-J,LND:    42     1  35.82 266.96455263 0
 **NO IMS MSK MATCH,ETA-I,J,ELAT,ELON,IMS-I,IMS-J,LND:    43     1  35.81 267.20456263 0
 **NO IMS MSK MATCH,ETA-I,J,ELAT,ELON,IMS-I,IMS-J,LND:    44     1  35.81 267.44457263 0
 **NO IMS MSK MATCH,ETA-I,J,ELAT,ELON,IMS-I,IMS-J,LND:    45     1  35.81 267.68459262 0
 **NO IMS MSK MATCH,ETA-I,J,ELAT,ELON,IMS-I,IMS-J,LND:    46     1  35.80 267.92460262 0
 **NO IMS MSK MATCH,ETA-I,J,ELAT,ELON,IMS-I,IMS-J,LND:    47     1  35.80 268.16461262 0
 **NO IMS MSK MATCH,ETA-I,J,ELAT,ELON,IMS-I,IMS-J,LND:    48     1  35.79 268.40462262 0
 **NO IMS MSK MATCH,ETA-I,J,ELAT,ELON,IMS-I,IMS-J,LND:    49     1  35.79 268.64463261 0
 **NO IMS MSK MATCH,ETA-I,J,ELAT,ELON,IMS-I,IMS-J,LND:    50     1  35.78 268.88464261 0
 **NO IMS MSK MATCH,ETA-I,J,ELAT,ELON,IMS-I,IMS-J,LND:    51     1  35.77 269.12465261 0
 **NO IMS MSK MATCH,ETA-I,J,ELAT,ELON,IMS-I,IMS-J,LND:    52     1  35.77 269.36466261 0
 **NO IMS MSK MATCH,ETA-I,J,ELAT,ELON,IMS-I,IMS-J,LND:    53     1  35.76 269.60467260 0
 **NO IMS MSK MATCH,ETA-I,J,ELAT,ELON,IMS-I,IMS-J,LND:    54     1  35.75 269.84468260 0
 **NO IMS MSK MATCH,ETA-I,J,ELAT,ELON,IMS-I,IMS-J,LND:    55     1  35.74 270.08469260 0
 **NO IMS MSK MATCH,ETA-I,J,ELAT,ELON,IMS-I,IMS-J,LND:    56     1  35.73 270.32470260 0
 **NO IMS MSK MATCH,ETA-I,J,ELAT,ELON,IMS-I,IMS-J,LND:    57     1  35.72 270.56471260 0
 **NO IMS MSK MATCH,ETA-I,J,ELAT,ELON,IMS-I,IMS-J,LND:    58     1  35.71 270.80472259 0
 **NO IMS MSK MATCH,ETA-I,J,ELAT,ELON,IMS-I,IMS-J,LND:    59     1  35.70 271.04473259 0
 **NO IMS MSK MATCH,ETA-I,J,ELAT,ELON,IMS-I,IMS-J,LND:    60     1  35.69 271.28474259 0
 **NO IMS MSK MATCH,ETA-I,J,ELAT,ELON,IMS-I,IMS-J,LND:    61     1  35.68 271.52475259 0
 **NO IMS MSK MATCH,ETA-I,J,ELAT,ELON,IMS-I,IMS-J,LND:    62     1  35.66 271.76476258 0
 **NO IMS MSK MATCH,ETA-I,J,ELAT,ELON,IMS-I,IMS-J,LND:    63     1  35.65 272.00477258 0
 **NO IMS MSK MATCH,ETA-I,J,ELAT,ELON,IMS-I,IMS-J,LND:    64     1  35.64 272.24478258 0
 **NO IMS MSK MATCH,ETA-I,J,ELAT,ELON,IMS-I,IMS-J,LND:    65     1  35.62 272.48479258 0
 **NO IMS MSK MATCH,ETA-I,J,ELAT,ELON,IMS-I,IMS-J,LND:    66     1  35.61 272.72480258 0
 **NO IMS MSK MATCH,ETA-I,J,ELAT,ELON,IMS-I,IMS-J,LND:    67     1  35.59 272.96482257 0
 **NO IMS MSK MATCH,ETA-I,J,ELAT,ELON,IMS-I,IMS-J,LND:    68     1  35.57 273.20483257 0
 **NO IMS MSK MATCH,ETA-I,J,ELAT,ELON,IMS-I,IMS-J,LND:    69     1  35.56 273.44484257 0
 **NO IMS MSK MATCH,ETA-I,J,ELAT,ELON,IMS-I,IMS-J,LND:    70     1  35.54 273.68485257 0
 **NO IMS MSK MATCH,ETA-I,J,ELAT,ELON,IMS-I,IMS-J,LND:    71     1  35.52 273.91486256 0
 **NO IMS MSK MATCH,ETA-I,J,ELAT,ELON,IMS-I,IMS-J,LND:    72     1  35.50 274.15487256 0
 **NO IMS MSK MATCH,ETA-I,J,ELAT,ELON,IMS-I,IMS-J,LND:    73     1  35.49 274.39488256 0
 **NO IMS MSK MATCH,ETA-I,J,ELAT,ELON,IMS-I,IMS-J,LND:    74     1  35.47 274.63489256 0
 **NO IMS MSK MATCH,ETA-I,J,ELAT,ELON,IMS-I,IMS-J,LND:    75     1  35.45 274.87490256 0
 **NO IMS MSK MATCH,ETA-I,J,ELAT,ELON,IMS-I,IMS-J,LND:     1     2  35.55 257.24414275 0
 **NO IMS MSK MATCH,ETA-I,J,ELAT,ELON,IMS-I,IMS-J,LND:     2     2  35.57 257.48415275 0
 **NO IMS MSK MATCH,ETA-I,J,ELAT,ELON,IMS-I,IMS-J,LND:     3     2  35.59 257.72416275 0
 **NO IMS MSK MATCH,ETA-I,J,ELAT,ELON,IMS-I,IMS-J,LND:     4     2  35.61 257.96417274 0
 **NO IMS MSK MATCH,ETA-I,J,ELAT,ELON,IMS-I,IMS-J,LND:     5     2  35.63 258.19418274 0
 **NO IMS MSK MATCH,ETA-I,J,ELAT,ELON,IMS-I,IMS-J,LND:     6     2  35.65 258.43419274 0
 **NO IMS MSK MATCH,ETA-I,J,ELAT,ELON,IMS-I,IMS-J,LND:     7     2  35.66 258.67420273 0
 **NO IMS MSK MATCH,ETA-I,J,ELAT,ELON,IMS-I,IMS-J,LND:     8     2  35.68 258.91421273 0
 **NO IMS MSK MATCH,ETA-I,J,ELAT,ELON,IMS-I,IMS-J,LND:     9     2  35.70 259.15422273 0
 **NO IMS MSK MATCH,ETA-I,J,ELAT,ELON,IMS-I,IMS-J,LND:    10     2  35.71 259.39423272 0
 **NO IMS MSK MATCH,ETA-I,J,ELAT,ELON,IMS-I,IMS-J,LND:    11     2  35.73 259.63424272 0
 **NO IMS MSK MATCH,ETA-I,J,ELAT,ELON,IMS-I,IMS-J,LND:    12     2  35.74 259.87425272 0
 **NO IMS MSK MATCH,ETA-I,J,ELAT,ELON,IMS-I,IMS-J,LND:    13     2  35.75 260.11426272 0
 **NO IMS MSK MATCH,ETA-I,J,ELAT,ELON,IMS-I,IMS-J,LND:    14     2  35.77 260.35427271 0
 **NO IMS MSK MATCH,ETA-I,J,ELAT,ELON,IMS-I,IMS-J,LND:    15     2  35.78 260.59428271 0
 **NO IMS MSK MATCH,ETA-I,J,ELAT,ELON,IMS-I,IMS-J,LND:    16     2  35.79 260.83429271 0
 **NO IMS MSK MATCH,ETA-I,J,ELAT,ELON,IMS-I,IMS-J,LND:    17     2  35.80 261.07430270 0
 **NO IMS MSK MATCH,ETA-I,J,ELAT,ELON,IMS-I,IMS-J,LND:    18     2  35.81 261.31431270 0
 **NO IMS MSK MATCH,ETA-I,J,ELAT,ELON,IMS-I,IMS-J,LND:    19     2  35.82 261.55432270 0
 **NO IMS MSK MATCH,ETA-I,J,ELAT,ELON,IMS-I,IMS-J,LND:    20     2  35.83 261.79433269 0
 **NO IMS MSK MATCH,ETA-I,J,ELAT,ELON,IMS-I,IMS-J,LND:    21     2  35.84 262.03434269 0
 **NO IMS MSK MATCH,ETA-I,J,ELAT,ELON,IMS-I,IMS-J,LND:    22     2  35.85 262.27435269 0
 **NO IMS MSK MATCH,ETA-I,J,ELAT,ELON,IMS-I,IMS-J,LND:    23     2  35.86 262.51436269 0
 **NO IMS MSK MATCH,ETA-I,J,ELAT,ELON,IMS-I,IMS-J,LND:    24     2  35.87 262.75437268 0
 **NO IMS MSK MATCH,ETA-I,J,ELAT,ELON,IMS-I,IMS-J,LND:    25     2  35.88 262.99438268 0
 **NO IMS MSK MATCH,ETA-I,J,ELAT,ELON,IMS-I,IMS-J,LND:    26     2  35.88 263.23439268 0
 **NO IMS MSK MATCH,ETA-I,J,ELAT,ELON,IMS-I,IMS-J,LND:    27     2  35.89 263.47440268 0
 **NO IMS MSK MATCH,ETA-I,J,ELAT,ELON,IMS-I,IMS-J,LND:    28     2  35.89 263.71441267 0
 **NO IMS MSK MATCH,ETA-I,J,ELAT,ELON,IMS-I,IMS-J,LND:    29     2  35.90 263.95443267 0
 **NO IMS MSK MATCH,ETA-I,J,ELAT,ELON,IMS-I,IMS-J,LND:    30     2  35.90 264.19444267 0
 **NO IMS MSK MATCH,ETA-I,J,ELAT,ELON,IMS-I,IMS-J,LND:    31     2  35.91 264.44445266 0
 **NO IMS MSK MATCH,ETA-I,J,ELAT,ELON,IMS-I,IMS-J,LND:    32     2  35.91 264.68446266 0
 **NO IMS MSK MATCH,ETA-I,J,ELAT,ELON,IMS-I,IMS-J,LND:    33     2  35.91 264.92447266 0
 **NO IMS MSK MATCH,ETA-I,J,ELAT,ELON,IMS-I,IMS-J,LND:    34     2  35.91 265.16448266 0
 **NO IMS MSK MATCH,ETA-I,J,ELAT,ELON,IMS-I,IMS-J,LND:    35     2  35.92 265.40449265 0
 **NO IMS MSK MATCH,ETA-I,J,ELAT,ELON,IMS-I,IMS-J,LND:    36     2  35.92 265.64450265 0
 **NO IMS MSK MATCH,ETA-I,J,ELAT,ELON,IMS-I,IMS-J,LND:    37     2  35.92 265.88451265 0
 **NO IMS MSK MATCH,ETA-I,J,ELAT,ELON,IMS-I,IMS-J,LND:    38     2  35.92 266.12452265 0
 **NO IMS MSK MATCH,ETA-I,J,ELAT,ELON,IMS-I,IMS-J,LND:    39     2  35.92 266.36453264 0
 **NO IMS MSK MATCH,ETA-I,J,ELAT,ELON,IMS-I,IMS-J,LND:    40     2  35.92 266.60454264 0
 **NO IMS MSK MATCH,ETA-I,J,ELAT,ELON,IMS-I,IMS-J,LND:    41     2  35.91 266.84455264 0
 **NO IMS MSK MATCH,ETA-I,J,ELAT,ELON,IMS-I,IMS-J,LND:    42     2  35.91 267.08456264 0
 **NO IMS MSK MATCH,ETA-I,J,ELAT,ELON,IMS-I,IMS-J,LND:    43     2  35.91 267.32457263 0
 **NO IMS MSK MATCH,ETA-I,J,ELAT,ELON,IMS-I,IMS-J,LND:    44     2  35.91 267.56458263 0
 **NO IMS MSK MATCH,ETA-I,J,ELAT,ELON,IMS-I,IMS-J,LND:    45     2  35.90 267.81459263 0
 **NO IMS MSK MATCH,ETA-I,J,ELAT,ELON,IMS-I,IMS-J,LND:    46     2  35.90 268.05460263 0
 **NO IMS MSK MATCH,ETA-I,J,ELAT,ELON,IMS-I,IMS-J,LND:    47     2  35.89 268.29461262 0
 **NO IMS MSK MATCH,ETA-I,J,ELAT,ELON,IMS-I,IMS-J,LND:    48     2  35.89 268.53462262 0
 **NO IMS MSK MATCH,ETA-I,J,ELAT,ELON,IMS-I,IMS-J,LND:    49     2  35.88 268.77463262 0
 **NO IMS MSK MATCH,ETA-I,J,ELAT,ELON,IMS-I,IMS-J,LND:    50     2  35.88 269.01464262 0
 **NO IMS MSK MATCH,ETA-I,J,ELAT,ELON,IMS-I,IMS-J,LND:    51     2  35.87 269.25465261 0
 **NO IMS MSK MATCH,ETA-I,J,ELAT,ELON,IMS-I,IMS-J,LND:    52     2  35.86 269.49466261 0
 **NO IMS MSK MATCH,ETA-I,J,ELAT,ELON,IMS-I,IMS-J,LND:    53     2  35.85 269.73468261 0
 **NO IMS MSK MATCH,ETA-I,J,ELAT,ELON,IMS-I,IMS-J,LND:    54     2  35.84 269.97469261 0
 **NO IMS MSK MATCH,ETA-I,J,ELAT,ELON,IMS-I,IMS-J,LND:    55     2  35.83 270.21470260 0
 **NO IMS MSK MATCH,ETA-I,J,ELAT,ELON,IMS-I,IMS-J,LND:    56     2  35.82 270.45471260 0
 **NO IMS MSK MATCH,ETA-I,J,ELAT,ELON,IMS-I,IMS-J,LND:    57     2  35.81 270.69472260 0
 **NO IMS MSK MATCH,ETA-I,J,ELAT,ELON,IMS-I,IMS-J,LND:    58     2  35.80 270.93473260 0
 **NO IMS MSK MATCH,ETA-I,J,ELAT,ELON,IMS-I,IMS-J,LND:    59     2  35.79 271.17474259 0
 **NO IMS MSK MATCH,ETA-I,J,ELAT,ELON,IMS-I,IMS-J,LND:    60     2  35.78 271.41475259 0
 **NO IMS MSK MATCH,ETA-I,J,ELAT,ELON,IMS-I,IMS-J,LND:    61     2  35.77 271.65476259 0
 **NO IMS MSK MATCH,ETA-I,J,ELAT,ELON,IMS-I,IMS-J,LND:    62     2  35.75 271.89477259 0
 **NO IMS MSK MATCH,ETA-I,J,ELAT,ELON,IMS-I,IMS-J,LND:    63     2  35.74 272.13478259 0
 **NO IMS MSK MATCH,ETA-I,J,ELAT,ELON,IMS-I,IMS-J,LND:    64     2  35.73 272.37479258 0
 **NO IMS MSK MATCH,ETA-I,J,ELAT,ELON,IMS-I,IMS-J,LND:    65     2  35.71 272.61480258 0
 **NO IMS MSK MATCH,ETA-I,J,ELAT,ELON,IMS-I,IMS-J,LND:    66     2  35.70 272.85481258 0
 **NO IMS MSK MATCH,ETA-I,J,ELAT,ELON,IMS-I,IMS-J,LND:    67     2  35.68 273.09482258 0
 **NO IMS MSK MATCH,ETA-I,J,ELAT,ELON,IMS-I,IMS-J,LND:    68     2  35.66 273.33483257 0
 **NO IMS MSK MATCH,ETA-I,J,ELAT,ELON,IMS-I,IMS-J,LND:    69     2  35.65 273.57484257 0
 **NO IMS MSK MATCH,ETA-I,J,ELAT,ELON,IMS-I,IMS-J,LND:    70     2  35.63 273.81485257 0
 **NO IMS MSK MATCH,ETA-I,J,ELAT,ELON,IMS-I,IMS-J,LND:    71     2  35.61 274.04486257 0
 **NO IMS MSK MATCH,ETA-I,J,ELAT,ELON,IMS-I,IMS-J,LND:    72     2  35.59 274.28487257 0
 **NO IMS MSK MATCH,ETA-I,J,ELAT,ELON,IMS-I,IMS-J,LND:    73     2  35.57 274.52488256 0
 **NO IMS MSK MATCH,ETA-I,J,ELAT,ELON,IMS-I,IMS-J,LND:    74     2  35.55 274.76490256 0
 **NO IMS MSK MATCH,ETA-I,J,ELAT,ELON,IMS-I,IMS-J,LND:    75     2  35.53 275.00491256 0
 **NO IMS MSK MATCH,ETA-I,J,ELAT,ELON,IMS-I,IMS-J,LND:     1     3  35.64 257.11413276 0
 **NO IMS MSK MATCH,ETA-I,J,ELAT,ELON,IMS-I,IMS-J,LND:    75     3  35.64 274.89490257 0
 **NO IMS MSK MATCH,ETA-I,J,ELAT,ELON,IMS-I,IMS-J,LND:     1     4  35.75 257.22414276 0
 **NO IMS MSK MATCH,ETA-I,J,ELAT,ELON,IMS-I,IMS-J,LND:    74     4  35.75 274.78490257 0
 **NO IMS MSK MATCH,ETA-I,J,ELAT,ELON,IMS-I,IMS-J,LND:    75     4  35.73 275.02491257 0
 **NO IMS MSK MATCH,ETA-I,J,ELAT,ELON,IMS-I,IMS-J,LND:     1     5  35.84 257.08414277 0
 **NO IMS MSK MATCH,ETA-I,J,ELAT,ELON,IMS-I,IMS-J,LND:    75     5  35.84 274.92490258 0
 **NO IMS MSK MATCH,ETA-I,J,ELAT,ELON,IMS-I,IMS-J,LND:     1     6  35.94 257.19414277 0
 **NO IMS MSK MATCH,ETA-I,J,ELAT,ELON,IMS-I,IMS-J,LND:    74     6  35.94 274.81490258 0
 **NO IMS MSK MATCH,ETA-I,J,ELAT,ELON,IMS-I,IMS-J,LND:    75     6  35.92 275.05491258 0
 **NO IMS MSK MATCH,ETA-I,J,ELAT,ELON,IMS-I,IMS-J,LND:     1     7  36.03 257.06414278 0
 **NO IMS MSK MATCH,ETA-I,J,ELAT,ELON,IMS-I,IMS-J,LND:    75     7  36.03 274.94491259 0
 **NO IMS MSK MATCH,ETA-I,J,ELAT,ELON,IMS-I,IMS-J,LND:     1     8  36.14 257.17415278 0
 **NO IMS MSK MATCH,ETA-I,J,ELAT,ELON,IMS-I,IMS-J,LND:    74     8  36.14 274.83490259 0
 **NO IMS MSK MATCH,ETA-I,J,ELAT,ELON,IMS-I,IMS-J,LND:    75     8  36.12 275.07491259 0
 **NO IMS MSK MATCH,ETA-I,J,ELAT,ELON,IMS-I,IMS-J,LND:     1     9  36.23 257.03414279 0
 **NO IMS MSK MATCH,ETA-I,J,ELAT,ELON,IMS-I,IMS-J,LND:    75     9  36.23 274.97491260 0
 **NO IMS MSK MATCH,ETA-I,J,ELAT,ELON,IMS-I,IMS-J,LND:     1    10  36.33 257.14415279 0
 **NO IMS MSK MATCH,ETA-I,J,ELAT,ELON,IMS-I,IMS-J,LND:    74    10  36.33 274.86490260 0
 **NO IMS MSK MATCH,ETA-I,J,ELAT,ELON,IMS-I,IMS-J,LND:    75    10  36.31 275.10491260 0
 **NO IMS MSK MATCH,ETA-I,J,ELAT,ELON,IMS-I,IMS-J,LND:     1    11  36.42 257.01415280 0
 **NO IMS MSK MATCH,ETA-I,J,ELAT,ELON,IMS-I,IMS-J,LND:    75    11  36.42 274.99491261 0
 **NO IMS MSK MATCH,ETA-I,J,ELAT,ELON,IMS-I,IMS-J,LND:     1    12  36.53 257.12415280 0
 **NO IMS MSK MATCH,ETA-I,J,ELAT,ELON,IMS-I,IMS-J,LND:    15    12  36.76 260.51430276 0
 **NO IMS MSK MATCH,ETA-I,J,ELAT,ELON,IMS-I,IMS-J,LND:    74    12  36.53 274.88491262 0
 **NO IMS MSK MATCH,ETA-I,J,ELAT,ELON,IMS-I,IMS-J,LND:    75    12  36.51 275.13492261 0
 **NO IMS MSK MATCH,ETA-I,J,ELAT,ELON,IMS-I,IMS-J,LND:     1    13  36.62 256.98415281 0
 **NO IMS MSK MATCH,ETA-I,J,ELAT,ELON,IMS-I,IMS-J,LND:    75    13  36.62 275.02491262 0
 **NO IMS MSK MATCH,ETA-I,J,ELAT,ELON,IMS-I,IMS-J,LND:     1    14  36.72 257.09416281 0
 **NO IMS MSK MATCH,ETA-I,J,ELAT,ELON,IMS-I,IMS-J,LND:    74    14  36.72 274.91491263 0
 **NO IMS MSK MATCH,ETA-I,J,ELAT,ELON,IMS-I,IMS-J,LND:    75    14  36.70 275.15492262 0
 **NO IMS MSK MATCH,ETA-I,J,ELAT,ELON,IMS-I,IMS-J,LND:     1    15  36.81 256.96415282 0
 **NO IMS MSK MATCH,ETA-I,J,ELAT,ELON,IMS-I,IMS-J,LND:    75    15  36.81 275.04491263 0
 **NO IMS MSK MATCH,ETA-I,J,ELAT,ELON,IMS-I,IMS-J,LND:     1    16  36.92 257.07416282 0
 **NO IMS MSK MATCH,ETA-I,J,ELAT,ELON,IMS-I,IMS-J,LND:    74    16  36.92 274.93491264 0
 **NO IMS MSK MATCH,ETA-I,J,ELAT,ELON,IMS-I,IMS-J,LND:    75    16  36.90 275.18492263 0
 **NO IMS MSK MATCH,ETA-I,J,ELAT,ELON,IMS-I,IMS-J,LND:     1    17  37.01 256.93415283 0
 **NO IMS MSK MATCH,ETA-I,J,ELAT,ELON,IMS-I,IMS-J,LND:    75    17  37.01 275.07492264 0
 **NO IMS MSK MATCH,ETA-I,J,ELAT,ELON,IMS-I,IMS-J,LND:     1    18  37.11 257.04416283 0
 **NO IMS MSK MATCH,ETA-I,J,ELAT,ELON,IMS-I,IMS-J,LND:    74    18  37.11 274.96491265 0
 **NO IMS MSK MATCH,ETA-I,J,ELAT,ELON,IMS-I,IMS-J,LND:    75    18  37.09 275.20492264 0
 **NO IMS MSK MATCH,ETA-I,J,ELAT,ELON,IMS-I,IMS-J,LND:     1    19  37.20 256.90416284 0
 **NO IMS MSK MATCH,ETA-I,J,ELAT,ELON,IMS-I,IMS-J,LND:    75    19  37.20 275.10492265 0
 **NO IMS MSK MATCH,ETA-I,J,ELAT,ELON,IMS-I,IMS-J,LND:     1    20  37.31 257.01416284 0
 **NO IMS MSK MATCH,ETA-I,J,ELAT,ELON,IMS-I,IMS-J,LND:    74    20  37.31 274.99491266 0
 **NO IMS MSK MATCH,ETA-I,J,ELAT,ELON,IMS-I,IMS-J,LND:    75    20  37.29 275.23492265 0
 **NO IMS MSK MATCH,ETA-I,J,ELAT,ELON,IMS-I,IMS-J,LND:     1    21  37.40 256.88416285 0
 **NO IMS MSK MATCH,ETA-I,J,ELAT,ELON,IMS-I,IMS-J,LND:    75    21  37.40 275.12492266 0
 **NO IMS MSK MATCH,ETA-I,J,ELAT,ELON,IMS-I,IMS-J,LND:     1    22  37.50 256.99417285 0
 **NO IMS MSK MATCH,ETA-I,J,ELAT,ELON,IMS-I,IMS-J,LND:    74    22  37.50 275.01492267 0
 **NO IMS MSK MATCH,ETA-I,J,ELAT,ELON,IMS-I,IMS-J,LND:    75    22  37.48 275.26493267 0
 **NO IMS MSK MATCH,ETA-I,J,ELAT,ELON,IMS-I,IMS-J,LND:     1    23  37.59 256.85416286 0
 **NO IMS MSK MATCH,ETA-I,J,ELAT,ELON,IMS-I,IMS-J,LND:    75    23  37.59 275.15492267 0
 **NO IMS MSK MATCH,ETA-I,J,ELAT,ELON,IMS-I,IMS-J,LND:     1    24  37.70 256.96417286 0
 **NO IMS MSK MATCH,ETA-I,J,ELAT,ELON,IMS-I,IMS-J,LND:    74    24  37.70 275.04492268 0
 **NO IMS MSK MATCH,ETA-I,J,ELAT,ELON,IMS-I,IMS-J,LND:    75    24  37.68 275.28493268 0
 **NO IMS MSK MATCH,ETA-I,J,ELAT,ELON,IMS-I,IMS-J,LND:     1    25  37.79 256.83417287 0
 **NO IMS MSK MATCH,ETA-I,J,ELAT,ELON,IMS-I,IMS-J,LND:    75    25  37.79 275.17492268 0
 **NO IMS MSK MATCH,ETA-I,J,ELAT,ELON,IMS-I,IMS-J,LND:     1    26  37.89 256.94417287 0
 **NO IMS MSK MATCH,ETA-I,J,ELAT,ELON,IMS-I,IMS-J,LND:    74    26  37.89 275.06492269 0
 **NO IMS MSK MATCH,ETA-I,J,ELAT,ELON,IMS-I,IMS-J,LND:    75    26  37.87 275.31493269 0
 **NO IMS MSK MATCH,ETA-I,J,ELAT,ELON,IMS-I,IMS-J,LND:     1    27  37.98 256.80417288 0
 **NO IMS MSK MATCH,ETA-I,J,ELAT,ELON,IMS-I,IMS-J,LND:    75    27  37.98 275.20493269 0
 **NO IMS MSK MATCH,ETA-I,J,ELAT,ELON,IMS-I,IMS-J,LND:     1    28  38.09 256.91418288 0
 **NO IMS MSK MATCH,ETA-I,J,ELAT,ELON,IMS-I,IMS-J,LND:    74    28  38.09 275.09492270 0
 **NO IMS MSK MATCH,ETA-I,J,ELAT,ELON,IMS-I,IMS-J,LND:    75    28  38.07 275.34493270 0
 **NO IMS MSK MATCH,ETA-I,J,ELAT,ELON,IMS-I,IMS-J,LND:     1    29  38.18 256.77417289 0
 **NO IMS MSK MATCH,ETA-I,J,ELAT,ELON,IMS-I,IMS-J,LND:    75    29  38.18 275.23493270 0
 **NO IMS MSK MATCH,ETA-I,J,ELAT,ELON,IMS-I,IMS-J,LND:     1    30  38.28 256.88418289 0
 **NO IMS MSK MATCH,ETA-I,J,ELAT,ELON,IMS-I,IMS-J,LND:    74    30  38.28 275.12492271 0
 **NO IMS MSK MATCH,ETA-I,J,ELAT,ELON,IMS-I,IMS-J,LND:    75    30  38.26 275.36493271 0
 **NO IMS MSK MATCH,ETA-I,J,ELAT,ELON,IMS-I,IMS-J,LND:     1    31  38.37 256.75418290 0
 **NO IMS MSK MATCH,ETA-I,J,ELAT,ELON,IMS-I,IMS-J,LND:    75    31  38.37 275.25493271 0
 **NO IMS MSK MATCH,ETA-I,J,ELAT,ELON,IMS-I,IMS-J,LND:     1    32  38.48 256.86418290 0
 **NO IMS MSK MATCH,ETA-I,J,ELAT,ELON,IMS-I,IMS-J,LND:    74    32  38.48 275.14493272 0
 **NO IMS MSK MATCH,ETA-I,J,ELAT,ELON,IMS-I,IMS-J,LND:    75    32  38.46 275.39494272 0
 **NO IMS MSK MATCH,ETA-I,J,ELAT,ELON,IMS-I,IMS-J,LND:     1    33  38.57 256.72418291 0
 **NO IMS MSK MATCH,ETA-I,J,ELAT,ELON,IMS-I,IMS-J,LND:    75    33  38.57 275.28493272 0
 **NO IMS MSK MATCH,ETA-I,J,ELAT,ELON,IMS-I,IMS-J,LND:     1    34  38.67 256.83419291 0
 **NO IMS MSK MATCH,ETA-I,J,ELAT,ELON,IMS-I,IMS-J,LND:    74    34  38.67 275.17493273 0
 **NO IMS MSK MATCH,ETA-I,J,ELAT,ELON,IMS-I,IMS-J,LND:    75    34  38.65 275.42494273 0
 **NO IMS MSK MATCH,ETA-I,J,ELAT,ELON,IMS-I,IMS-J,LND:     1    35  38.76 256.69418292 0
 **NO IMS MSK MATCH,ETA-I,J,ELAT,ELON,IMS-I,IMS-J,LND:    75    35  38.76 275.31493273 0
 **NO IMS MSK MATCH,ETA-I,J,ELAT,ELON,IMS-I,IMS-J,LND:     1    36  38.87 256.80419292 0
 **NO IMS MSK MATCH,ETA-I,J,ELAT,ELON,IMS-I,IMS-J,LND:    74    36  38.87 275.20493274 0
 **NO IMS MSK MATCH,ETA-I,J,ELAT,ELON,IMS-I,IMS-J,LND:    75    36  38.85 275.45494274 0
 **NO IMS MSK MATCH,ETA-I,J,ELAT,ELON,IMS-I,IMS-J,LND:     1    37  38.96 256.67419293 0
 **NO IMS MSK MATCH,ETA-I,J,ELAT,ELON,IMS-I,IMS-J,LND:    75    37  38.96 275.33494274 0
 **NO IMS MSK MATCH,ETA-I,J,ELAT,ELON,IMS-I,IMS-J,LND:     1    38  39.06 256.78419293 0
 **NO IMS MSK MATCH,ETA-I,J,ELAT,ELON,IMS-I,IMS-J,LND:    74    38  39.06 275.22493275 0
 **NO IMS MSK MATCH,ETA-I,J,ELAT,ELON,IMS-I,IMS-J,LND:    75    38  39.04 275.47494275 0
 **NO IMS MSK MATCH,ETA-I,J,ELAT,ELON,IMS-I,IMS-J,LND:     1    39  39.15 256.64419294 0
 **NO IMS MSK MATCH,ETA-I,J,ELAT,ELON,IMS-I,IMS-J,LND:    75    39  39.15 275.36494275 0
 **NO IMS MSK MATCH,ETA-I,J,ELAT,ELON,IMS-I,IMS-J,LND:     1    40  39.26 256.75420294 0
 **NO IMS MSK MATCH,ETA-I,J,ELAT,ELON,IMS-I,IMS-J,LND:    74    40  39.26 275.25493276 0
 **NO IMS MSK MATCH,ETA-I,J,ELAT,ELON,IMS-I,IMS-J,LND:    75    40  39.24 275.50494276 0
 **NO IMS MSK MATCH,ETA-I,J,ELAT,ELON,IMS-I,IMS-J,LND:     1    41  39.34 256.61419295 0
 **NO IMS MSK MATCH,ETA-I,J,ELAT,ELON,IMS-I,IMS-J,LND:    75    41  39.34 275.39494276 0
 **NO IMS MSK MATCH,ETA-I,J,ELAT,ELON,IMS-I,IMS-J,LND:     1    42  39.45 256.72420295 0
 **NO IMS MSK MATCH,ETA-I,J,ELAT,ELON,IMS-I,IMS-J,LND:    74    42  39.45 275.28494277 0
 **NO IMS MSK MATCH,ETA-I,J,ELAT,ELON,IMS-I,IMS-J,LND:    75    42  39.43 275.53495277 0
 **NO IMS MSK MATCH,ETA-I,J,ELAT,ELON,IMS-I,IMS-J,LND:     1    43  39.54 256.58420296 0
 **NO IMS MSK MATCH,ETA-I,J,ELAT,ELON,IMS-I,IMS-J,LND:    75    43  39.54 275.42494277 0
 **NO IMS MSK MATCH,ETA-I,J,ELAT,ELON,IMS-I,IMS-J,LND:     1    44  39.65 256.70420296 0
 **NO IMS MSK MATCH,ETA-I,J,ELAT,ELON,IMS-I,IMS-J,LND:    74    44  39.65 275.30494278 0
 **NO IMS MSK MATCH,ETA-I,J,ELAT,ELON,IMS-I,IMS-J,LND:    75    44  39.63 275.56495278 0
 **NO IMS MSK MATCH,ETA-I,J,ELAT,ELON,IMS-I,IMS-J,LND:     1    45  39.73 256.56420297 0
 **NO IMS MSK MATCH,ETA-I,J,ELAT,ELON,IMS-I,IMS-J,LND:    75    45  39.73 275.44494279 0
 **NO IMS MSK MATCH,ETA-I,J,ELAT,ELON,IMS-I,IMS-J,LND:     1    46  39.84 256.67420297 0
 **NO IMS MSK MATCH,ETA-I,J,ELAT,ELON,IMS-I,IMS-J,LND:    74    46  39.84 275.33494279 0
 **NO IMS MSK MATCH,ETA-I,J,ELAT,ELON,IMS-I,IMS-J,LND:    75    46  39.82 275.58495279 0
 **NO IMS MSK MATCH,ETA-I,J,ELAT,ELON,IMS-I,IMS-J,LND:     1    47  39.93 256.53420298 0
 **NO IMS MSK MATCH,ETA-I,J,ELAT,ELON,IMS-I,IMS-J,LND:    75    47  39.93 275.47495280 0
 **NO IMS MSK MATCH,ETA-I,J,ELAT,ELON,IMS-I,IMS-J,LND:     1    48  40.04 256.64421298 0
 **NO IMS MSK MATCH,ETA-I,J,ELAT,ELON,IMS-I,IMS-J,LND:    74    48  40.04 275.36494280 0
 **NO IMS MSK MATCH,ETA-I,J,ELAT,ELON,IMS-I,IMS-J,LND:    75    48  40.02 275.61495280 0
 **NO IMS MSK MATCH,ETA-I,J,ELAT,ELON,IMS-I,IMS-J,LND:     1    49  40.12 256.50420299 0
 **NO IMS MSK MATCH,ETA-I,J,ELAT,ELON,IMS-I,IMS-J,LND:    75    49  40.12 275.50495281 0
 **NO IMS MSK MATCH,ETA-I,J,ELAT,ELON,IMS-I,IMS-J,LND:     1    50  40.23 256.61421299 0
 **NO IMS MSK MATCH,ETA-I,J,ELAT,ELON,IMS-I,IMS-J,LND:    74    50  40.23 275.39494281 0
 **NO IMS MSK MATCH,ETA-I,J,ELAT,ELON,IMS-I,IMS-J,LND:    75    50  40.21 275.64495281 0
 **NO IMS MSK MATCH,ETA-I,J,ELAT,ELON,IMS-I,IMS-J,LND:     1    51  40.32 256.47421300 0
 **NO IMS MSK MATCH,ETA-I,J,ELAT,ELON,IMS-I,IMS-J,LND:    75    51  40.32 275.53495282 0
 **NO IMS MSK MATCH,ETA-I,J,ELAT,ELON,IMS-I,IMS-J,LND:     1    52  40.43 256.59421300 0
 **NO IMS MSK MATCH,ETA-I,J,ELAT,ELON,IMS-I,IMS-J,LND:    74    52  40.43 275.41495282 0
 **NO IMS MSK MATCH,ETA-I,J,ELAT,ELON,IMS-I,IMS-J,LND:    75    52  40.41 275.67496282 0
 **NO IMS MSK MATCH,ETA-I,J,ELAT,ELON,IMS-I,IMS-J,LND:     1    53  40.51 256.44421301 0
 **NO IMS MSK MATCH,ETA-I,J,ELAT,ELON,IMS-I,IMS-J,LND:    75    53  40.51 275.56495283 0
 **NO IMS MSK MATCH,ETA-I,J,ELAT,ELON,IMS-I,IMS-J,LND:     1    54  40.62 256.56422301 0
 **NO IMS MSK MATCH,ETA-I,J,ELAT,ELON,IMS-I,IMS-J,LND:    74    54  40.62 275.44495283 0
 **NO IMS MSK MATCH,ETA-I,J,ELAT,ELON,IMS-I,IMS-J,LND:    75    54  40.60 275.70496283 0
 **NO IMS MSK MATCH,ETA-I,J,ELAT,ELON,IMS-I,IMS-J,LND:     1    55  40.71 256.41421302 0
 **NO IMS MSK MATCH,ETA-I,J,ELAT,ELON,IMS-I,IMS-J,LND:     1    56  40.82 256.53422302 0
 **NO IMS MSK MATCH,ETA-I,J,ELAT,ELON,IMS-I,IMS-J,LND:     1    57  40.90 256.39422303 0
 **NO IMS MSK MATCH,ETA-I,J,ELAT,ELON,IMS-I,IMS-J,LND:     1    58  41.01 256.50422303 0
 **NO IMS MSK MATCH,ETA-I,J,ELAT,ELON,IMS-I,IMS-J,LND:     1    59  41.10 256.36422304 0
 **NO IMS MSK MATCH,ETA-I,J,ELAT,ELON,IMS-I,IMS-J,LND:     1    60  41.21 256.47423304 0
 **NO IMS MSK MATCH,ETA-I,J,ELAT,ELON,IMS-I,IMS-J,LND:     1    61  41.29 256.33422305 0
 **NO IMS MSK MATCH,ETA-I,J,ELAT,ELON,IMS-I,IMS-J,LND:     1    62  41.40 256.44423305 0
 **NO IMS MSK MATCH,ETA-I,J,ELAT,ELON,IMS-I,IMS-J,LND:     1    63  41.49 256.30423306 0
 **NO IMS MSK MATCH,ETA-I,J,ELAT,ELON,IMS-I,IMS-J,LND:     1    64  41.60 256.41423306 0
 **NO IMS MSK MATCH,ETA-I,J,ELAT,ELON,IMS-I,IMS-J,LND:     1    65  41.68 256.27423307 0
 **NO IMS MSK MATCH,ETA-I,J,ELAT,ELON,IMS-I,IMS-J,LND:     1    66  41.79 256.39424307 0
 **NO IMS MSK MATCH,ETA-I,J,ELAT,ELON,IMS-I,IMS-J,LND:     1    67  41.88 256.24423308 0
 **NO IMS MSK MATCH,ETA-I,J,ELAT,ELON,IMS-I,IMS-J,LND:     1    68  41.99 256.36424308 0
 **NO IMS MSK MATCH,ETA-I,J,ELAT,ELON,IMS-I,IMS-J,LND:     1    69  42.07 256.21423309 0
 **NO IMS MSK MATCH,ETA-I,J,ELAT,ELON,IMS-I,IMS-J,LND:     1    70  42.18 256.33424309 0
 **NO IMS MSK MATCH,ETA-I,J,ELAT,ELON,IMS-I,IMS-J,LND:     1    71  42.27 256.18424310 0
 **NO IMS MSK MATCH,ETA-I,J,ELAT,ELON,IMS-I,IMS-J,LND:     1    72  42.38 256.30424310 0
 **NO IMS MSK MATCH,ETA-I,J,ELAT,ELON,IMS-I,IMS-J,LND:     1    73  42.46 256.15424311 0
 **NO IMS MSK MATCH,ETA-I,J,ELAT,ELON,IMS-I,IMS-J,LND:     1    74  42.57 256.27425311 0
 **NO IMS MSK MATCH,ETA-I,J,ELAT,ELON,IMS-I,IMS-J,LND:     1    75  42.66 256.12424312 0
 **NO IMS MSK MATCH,ETA-I,J,ELAT,ELON,IMS-I,IMS-J,LND:    75    75  42.66 275.88497294 0
 **NO IMS MSK MATCH,ETA-I,J,ELAT,ELON,IMS-I,IMS-J,LND:     1    76  42.76 256.24425312 0
 **NO IMS MSK MATCH,ETA-I,J,ELAT,ELON,IMS-I,IMS-J,LND:    74    76  42.76 275.76497294 0
 **NO IMS MSK MATCH,ETA-I,J,ELAT,ELON,IMS-I,IMS-J,LND:     1    77  42.85 256.09425313 0
 **NO IMS MSK MATCH,ETA-I,J,ELAT,ELON,IMS-I,IMS-J,LND:     1    78  42.96 256.21425313 0
 **NO IMS MSK MATCH,ETA-I,J,ELAT,ELON,IMS-I,IMS-J,LND:     1    79  43.05 256.06425314 0
 **NO IMS MSK MATCH,ETA-I,J,ELAT,ELON,IMS-I,IMS-J,LND:     1    80  43.15 256.18426314 0
 **NO IMS MSK MATCH,ETA-I,J,ELAT,ELON,IMS-I,IMS-J,LND:     1    81  43.24 256.03425315 0
 **NO IMS MSK MATCH,ETA-I,J,ELAT,ELON,IMS-I,IMS-J,LND:     1    82  43.35 256.15426315 0
 **NO IMS MSK MATCH,ETA-I,J,ELAT,ELON,IMS-I,IMS-J,LND:     1    83  43.43 256.00426316 0
 **NO IMS MSK MATCH,ETA-I,J,ELAT,ELON,IMS-I,IMS-J,LND:     1    84  43.54 256.11426316 0
 **NO IMS MSK MATCH,ETA-I,J,ELAT,ELON,IMS-I,IMS-J,LND:     1    85  43.63 255.96426317 0
 **NO IMS MSK MATCH,ETA-I,J,ELAT,ELON,IMS-I,IMS-J,LND:     1    86  43.74 256.08427317 0
 **NO IMS MSK MATCH,ETA-I,J,ELAT,ELON,IMS-I,IMS-J,LND:     1    87  43.82 255.93426318 0
 **NO IMS MSK MATCH,ETA-I,J,ELAT,ELON,IMS-I,IMS-J,LND:     1    88  43.93 256.05427318 0
 **NO IMS MSK MATCH,ETA-I,J,ELAT,ELON,IMS-I,IMS-J,LND:     1    89  44.02 255.90427319 0
 **NO IMS MSK MATCH,ETA-I,J,ELAT,ELON,IMS-I,IMS-J,LND:     1    90  44.13 256.02427319 0
 **NO IMS MSK MATCH,ETA-I,J,ELAT,ELON,IMS-I,IMS-J,LND:     1    91  44.21 255.87427320 0
 **NO IMS MSK MATCH,ETA-I,J,ELAT,ELON,IMS-I,IMS-J,LND:     1    92  44.32 255.99427320 0
 **NO IMS MSK MATCH,ETA-I,J,ELAT,ELON,IMS-I,IMS-J,LND:     1    93  44.41 255.84427321 0
 **NO IMS MSK MATCH,ETA-I,J,ELAT,ELON,IMS-I,IMS-J,LND:     1    94  44.52 255.96428321 0
 **NO IMS MSK MATCH,ETA-I,J,ELAT,ELON,IMS-I,IMS-J,LND:     1    95  44.60 255.81427322 0
 **NO IMS MSK MATCH,ETA-I,J,ELAT,ELON,IMS-I,IMS-J,LND:     1    96  44.71 255.93428322 0
 **NO IMS MSK MATCH,ETA-I,J,ELAT,ELON,IMS-I,IMS-J,LND:     1    97  44.80 255.77428322 0
 **NO IMS MSK MATCH,ETA-I,J,ELAT,ELON,IMS-I,IMS-J,LND:     1    98  44.91 255.89428323 0
 **NO IMS MSK MATCH,ETA-I,J,ELAT,ELON,IMS-I,IMS-J,LND:     1    99  44.99 255.74428323 0
 **NO IMS MSK MATCH,ETA-I,J,ELAT,ELON,IMS-I,IMS-J,LND:     1   100  45.10 255.86429324 0
 **NO IMS MSK MATCH,ETA-I,J,ELAT,ELON,IMS-I,IMS-J,LND:     1   101  45.19 255.71428324 0
 **NO IMS MSK MATCH,ETA-I,J,ELAT,ELON,IMS-I,IMS-J,LND:     1   102  45.30 255.83429325 0
 **NO IMS MSK MATCH,ETA-I,J,ELAT,ELON,IMS-I,IMS-J,LND:     1   103  45.38 255.67429325 0
 **NO IMS MSK MATCH,ETA-I,J,ELAT,ELON,IMS-I,IMS-J,LND:     1   104  45.49 255.80429326 0
 **NO IMS MSK MATCH,ETA-I,J,ELAT,ELON,IMS-I,IMS-J,LND:     1   105  45.58 255.64429326 0
 **NO IMS MSK MATCH,ETA-I,J,ELAT,ELON,IMS-I,IMS-J,LND:     1   106  45.68 255.76430327 0
 **NO IMS MSK MATCH,ETA-I,J,ELAT,ELON,IMS-I,IMS-J,LND:     1   107  45.77 255.61429327 0
 **NO IMS MSK MATCH,ETA-I,J,ELAT,ELON,IMS-I,IMS-J,LND:    39   107  46.21 266.28465317 0
 **NO IMS MSK MATCH,ETA-I,J,ELAT,ELON,IMS-I,IMS-J,LND:     1   108  45.88 255.73430328 0
 **NO IMS MSK MATCH,ETA-I,J,ELAT,ELON,IMS-I,IMS-J,LND:    39   108  46.31 266.42466317 0
 **NO IMS MSK MATCH,ETA-I,J,ELAT,ELON,IMS-I,IMS-J,LND:     1   109  45.97 255.57430328 0
 **NO IMS MSK MATCH,ETA-I,J,ELAT,ELON,IMS-I,IMS-J,LND:     1   110  46.07 255.69430329 0
 **NO IMS MSK MATCH,ETA-I,J,ELAT,ELON,IMS-I,IMS-J,LND:     1   111  46.16 255.54430329 0
 **NO IMS MSK MATCH,ETA-I,J,ELAT,ELON,IMS-I,IMS-J,LND:     1   112  46.27 255.66430329 0
 **NO IMS MSK MATCH,ETA-I,J,ELAT,ELON,IMS-I,IMS-J,LND:     1   113  46.35 255.50430330 0
 **NO IMS MSK MATCH,ETA-I,J,ELAT,ELON,IMS-I,IMS-J,LND:     3   113  46.40 256.07432329 0
 **NO IMS MSK MATCH,ETA-I,J,ELAT,ELON,IMS-I,IMS-J,LND:     1   114  46.46 255.63431330 0
 **NO IMS MSK MATCH,ETA-I,J,ELAT,ELON,IMS-I,IMS-J,LND:     1   115  46.55 255.47430331 0
 **NO IMS MSK MATCH,ETA-I,J,ELAT,ELON,IMS-I,IMS-J,LND:     1   116  46.66 255.59431331 0
 **NO IMS MSK MATCH,ETA-I,J,ELAT,ELON,IMS-I,IMS-J,LND:     1   117  46.74 255.43431332 0
 **NO IMS MSK MATCH,ETA-I,J,ELAT,ELON,IMS-I,IMS-J,LND:     1   118  46.85 255.56431332 0
 **NO IMS MSK MATCH,ETA-I,J,ELAT,ELON,IMS-I,IMS-J,LND:    36   118  47.29 265.57464323 0
 **NO IMS MSK MATCH,ETA-I,J,ELAT,ELON,IMS-I,IMS-J,LND:     1   119  46.94 255.40431333 0
 **NO IMS MSK MATCH,ETA-I,J,ELAT,ELON,IMS-I,IMS-J,LND:    36   119  47.38 265.42464324 0
 **NO IMS MSK MATCH,ETA-I,J,ELAT,ELON,IMS-I,IMS-J,LND:    37   119  47.38 265.71465323 0
 **NO IMS MSK MATCH,ETA-I,J,ELAT,ELON,IMS-I,IMS-J,LND:     1   120  47.05 255.52432333 0
 **NO IMS MSK MATCH,ETA-I,J,ELAT,ELON,IMS-I,IMS-J,LND:     2   120  47.07 255.81433333 0
 **NO IMS MSK MATCH,ETA-I,J,ELAT,ELON,IMS-I,IMS-J,LND:     3   120  47.09 256.09433333 0
 **NO IMS MSK MATCH,ETA-I,J,ELAT,ELON,IMS-I,IMS-J,LND:     4   120  47.12 256.38434332 0
 **NO IMS MSK MATCH,ETA-I,J,ELAT,ELON,IMS-I,IMS-J,LND:     5   120  47.14 256.66435332 0
 **NO IMS MSK MATCH,ETA-I,J,ELAT,ELON,IMS-I,IMS-J,LND:     6   120  47.16 256.95436332 0
 **NO IMS MSK MATCH,ETA-I,J,ELAT,ELON,IMS-I,IMS-J,LND:     7   120  47.18 257.23437331 0
 **NO IMS MSK MATCH,ETA-I,J,ELAT,ELON,IMS-I,IMS-J,LND:     8   120  47.20 257.52438331 0
 **NO IMS MSK MATCH,ETA-I,J,ELAT,ELON,IMS-I,IMS-J,LND:     9   120  47.22 257.80439331 0
 **NO IMS MSK MATCH,ETA-I,J,ELAT,ELON,IMS-I,IMS-J,LND:    10   120  47.23 258.09440331 0
 **NO IMS MSK MATCH,ETA-I,J,ELAT,ELON,IMS-I,IMS-J,LND:    11   120  47.25 258.37441330 0
 **NO IMS MSK MATCH,ETA-I,J,ELAT,ELON,IMS-I,IMS-J,LND:    12   120  47.27 258.66442330 0
 **NO IMS MSK MATCH,ETA-I,J,ELAT,ELON,IMS-I,IMS-J,LND:    13   120  47.29 258.95443330 0
 **NO IMS MSK MATCH,ETA-I,J,ELAT,ELON,IMS-I,IMS-J,LND:    14   120  47.30 259.23444330 0
 **NO IMS MSK MATCH,ETA-I,J,ELAT,ELON,IMS-I,IMS-J,LND:    15   120  47.32 259.52445329 0
 **NO IMS MSK MATCH,ETA-I,J,ELAT,ELON,IMS-I,IMS-J,LND:    16   120  47.33 259.81446329 0
 **NO IMS MSK MATCH,ETA-I,J,ELAT,ELON,IMS-I,IMS-J,LND:    17   120  47.34 260.09447329 0
 **NO IMS MSK MATCH,ETA-I,J,ELAT,ELON,IMS-I,IMS-J,LND:    18   120  47.36 260.38448328 0
 **NO IMS MSK MATCH,ETA-I,J,ELAT,ELON,IMS-I,IMS-J,LND:    19   120  47.37 260.67449328 0
 **NO IMS MSK MATCH,ETA-I,J,ELAT,ELON,IMS-I,IMS-J,LND:    20   120  47.38 260.96449328 0
 **NO IMS MSK MATCH,ETA-I,J,ELAT,ELON,IMS-I,IMS-J,LND:    21   120  47.39 261.24450328 0
 **NO IMS MSK MATCH,ETA-I,J,ELAT,ELON,IMS-I,IMS-J,LND:    22   120  47.40 261.53451327 0
 **NO IMS MSK MATCH,ETA-I,J,ELAT,ELON,IMS-I,IMS-J,LND:    23   120  47.41 261.82452327 0
 **NO IMS MSK MATCH,ETA-I,J,ELAT,ELON,IMS-I,IMS-J,LND:    24   120  47.42 262.11453327 0
 **NO IMS MSK MATCH,ETA-I,J,ELAT,ELON,IMS-I,IMS-J,LND:    25   120  47.43 262.40454327 0
 **NO IMS MSK MATCH,ETA-I,J,ELAT,ELON,IMS-I,IMS-J,LND:    26   120  47.44 262.68455326 0
 **NO IMS MSK MATCH,ETA-I,J,ELAT,ELON,IMS-I,IMS-J,LND:    27   120  47.45 262.97456326 0
 **NO IMS MSK MATCH,ETA-I,J,ELAT,ELON,IMS-I,IMS-J,LND:    28   120  47.45 263.26457326 0
 **NO IMS MSK MATCH,ETA-I,J,ELAT,ELON,IMS-I,IMS-J,LND:    29   120  47.46 263.55458326 0
 **NO IMS MSK MATCH,ETA-I,J,ELAT,ELON,IMS-I,IMS-J,LND:    30   120  47.46 263.84459325 0
 **NO IMS MSK MATCH,ETA-I,J,ELAT,ELON,IMS-I,IMS-J,LND:    31   120  47.47 264.12460325 0
 **NO IMS MSK MATCH,ETA-I,J,ELAT,ELON,IMS-I,IMS-J,LND:    32   120  47.47 264.41461325 0
 **NO IMS MSK MATCH,ETA-I,J,ELAT,ELON,IMS-I,IMS-J,LND:    33   120  47.48 264.70462325 0
 **NO IMS MSK MATCH,ETA-I,J,ELAT,ELON,IMS-I,IMS-J,LND:    34   120  47.48 264.99463324 0
 **NO IMS MSK MATCH,ETA-I,J,ELAT,ELON,IMS-I,IMS-J,LND:    35   120  47.48 265.28464324 0
 **NO IMS MSK MATCH,ETA-I,J,ELAT,ELON,IMS-I,IMS-J,LND:    36   120  47.48 265.57465324 0
 **NO IMS MSK MATCH,ETA-I,J,ELAT,ELON,IMS-I,IMS-J,LND:    37   120  47.48 265.85466324 0
 **NO IMS MSK MATCH,ETA-I,J,ELAT,ELON,IMS-I,IMS-J,LND:    38   120  47.48 266.15466323 0
 **NO IMS MSK MATCH,ETA-I,J,ELAT,ELON,IMS-I,IMS-J,LND:    39   120  47.48 266.43467323 0
 **NO IMS MSK MATCH,ETA-I,J,ELAT,ELON,IMS-I,IMS-J,LND:    40   120  47.48 266.72468323 0
 **NO IMS MSK MATCH,ETA-I,J,ELAT,ELON,IMS-I,IMS-J,LND:    74   120  47.05 276.48501316 0
 **NO IMS MSK MATCH,ETA-I,J,ELAT,ELON,IMS-I,IMS-J,LND:    75   120  47.02 276.76502316 0
 **NO IMS MSK MATCH,ETA-I,J,ELAT,ELON,IMS-I,IMS-J,LND:     1   121  47.13 255.36431334 0
 **NO IMS MSK MATCH,ETA-I,J,ELAT,ELON,IMS-I,IMS-J,LND:     2   121  47.16 255.65432334 0
 **NO IMS MSK MATCH,ETA-I,J,ELAT,ELON,IMS-I,IMS-J,LND:     3   121  47.18 255.93433333 0
 **NO IMS MSK MATCH,ETA-I,J,ELAT,ELON,IMS-I,IMS-J,LND:     4   121  47.20 256.22434333 0
 **NO IMS MSK MATCH,ETA-I,J,ELAT,ELON,IMS-I,IMS-J,LND:     5   121  47.22 256.50435333 0
 **NO IMS MSK MATCH,ETA-I,J,ELAT,ELON,IMS-I,IMS-J,LND:     6   121  47.24 256.79436332 0
 **NO IMS MSK MATCH,ETA-I,J,ELAT,ELON,IMS-I,IMS-J,LND:     7   121  47.27 257.07437332 0
 **NO IMS MSK MATCH,ETA-I,J,ELAT,ELON,IMS-I,IMS-J,LND:     8   121  47.29 257.36438332 0
 **NO IMS MSK MATCH,ETA-I,J,ELAT,ELON,IMS-I,IMS-J,LND:     9   121  47.30 257.65439332 0
 **NO IMS MSK MATCH,ETA-I,J,ELAT,ELON,IMS-I,IMS-J,LND:    10   121  47.32 257.93440331 0
 **NO IMS MSK MATCH,ETA-I,J,ELAT,ELON,IMS-I,IMS-J,LND:    11   121  47.34 258.22441331 0
 **NO IMS MSK MATCH,ETA-I,J,ELAT,ELON,IMS-I,IMS-J,LND:    12   121  47.36 258.51442331 0
 **NO IMS MSK MATCH,ETA-I,J,ELAT,ELON,IMS-I,IMS-J,LND:    13   121  47.37 258.79443330 0
 **NO IMS MSK MATCH,ETA-I,J,ELAT,ELON,IMS-I,IMS-J,LND:    14   121  47.39 259.08443330 0
 **NO IMS MSK MATCH,ETA-I,J,ELAT,ELON,IMS-I,IMS-J,LND:    15   121  47.41 259.37444330 0
 **NO IMS MSK MATCH,ETA-I,J,ELAT,ELON,IMS-I,IMS-J,LND:    16   121  47.42 259.65445330 0
 **NO IMS MSK MATCH,ETA-I,J,ELAT,ELON,IMS-I,IMS-J,LND:    17   121  47.44 259.94446329 0
 **NO IMS MSK MATCH,ETA-I,J,ELAT,ELON,IMS-I,IMS-J,LND:    18   121  47.45 260.23447329 0
 **NO IMS MSK MATCH,ETA-I,J,ELAT,ELON,IMS-I,IMS-J,LND:    19   121  47.46 260.52448329 0
 **NO IMS MSK MATCH,ETA-I,J,ELAT,ELON,IMS-I,IMS-J,LND:    20   121  47.47 260.80449329 0
 **NO IMS MSK MATCH,ETA-I,J,ELAT,ELON,IMS-I,IMS-J,LND:    21   121  47.49 261.09450328 0
 **NO IMS MSK MATCH,ETA-I,J,ELAT,ELON,IMS-I,IMS-J,LND:    22   121  47.50 261.38451328 0
 **NO IMS MSK MATCH,ETA-I,J,ELAT,ELON,IMS-I,IMS-J,LND:    23   121  47.51 261.67452328 0
 **NO IMS MSK MATCH,ETA-I,J,ELAT,ELON,IMS-I,IMS-J,LND:    24   121  47.52 261.96453327 0
 **NO IMS MSK MATCH,ETA-I,J,ELAT,ELON,IMS-I,IMS-J,LND:    25   121  47.52 262.25454327 0
 **NO IMS MSK MATCH,ETA-I,J,ELAT,ELON,IMS-I,IMS-J,LND:    26   121  47.53 262.53455327 0
 **NO IMS MSK MATCH,ETA-I,J,ELAT,ELON,IMS-I,IMS-J,LND:    27   121  47.54 262.82456327 0
 **NO IMS MSK MATCH,ETA-I,J,ELAT,ELON,IMS-I,IMS-J,LND:    28   121  47.55 263.11457326 0
 **NO IMS MSK MATCH,ETA-I,J,ELAT,ELON,IMS-I,IMS-J,LND:    29   121  47.55 263.40458326 0
 **NO IMS MSK MATCH,ETA-I,J,ELAT,ELON,IMS-I,IMS-J,LND:    30   121  47.56 263.69459326 0
 **NO IMS MSK MATCH,ETA-I,J,ELAT,ELON,IMS-I,IMS-J,LND:    31   121  47.56 263.98459326 0
 **NO IMS MSK MATCH,ETA-I,J,ELAT,ELON,IMS-I,IMS-J,LND:    32   121  47.57 264.27460325 0
 **NO IMS MSK MATCH,ETA-I,J,ELAT,ELON,IMS-I,IMS-J,LND:    33   121  47.57 264.56461325 0
 **NO IMS MSK MATCH,ETA-I,J,ELAT,ELON,IMS-I,IMS-J,LND:    34   121  47.57 264.84462325 0
 **NO IMS MSK MATCH,ETA-I,J,ELAT,ELON,IMS-I,IMS-J,LND:    35   121  47.58 265.13463325 0
 **NO IMS MSK MATCH,ETA-I,J,ELAT,ELON,IMS-I,IMS-J,LND:    36   121  47.58 265.42464324 0
 **NO IMS MSK MATCH,ETA-I,J,ELAT,ELON,IMS-I,IMS-J,LND:    37   121  47.58 265.71465324 0
 **NO IMS MSK MATCH,ETA-I,J,ELAT,ELON,IMS-I,IMS-J,LND:    38   121  47.58 266.00466324 0
 **NO IMS MSK MATCH,ETA-I,J,ELAT,ELON,IMS-I,IMS-J,LND:    39   121  47.58 266.29467324 0
 **NO IMS MSK MATCH,ETA-I,J,ELAT,ELON,IMS-I,IMS-J,LND:    40   121  47.58 266.58468324 0
 **NO IMS MSK MATCH,ETA-I,J,ELAT,ELON,IMS-I,IMS-J,LND:    74   121  47.16 276.35501317 0
 **NO IMS MSK MATCH,ETA-I,J,ELAT,ELON,IMS-I,IMS-J,LND:    75   121  47.13 276.64502316 0




 LAND-SEA MASK OF ETA GRID ( SEA/LAKE=1, LAND=0 )

  J=121 11111111111111111111111111111111111111
  J=117 10000000000000000000000011110111111101
  J=113 11000000000000000000000001000011000001
  J=109 10000000000000000000000000000000000011
  J=105 10000000000000000000000000000000111111
  J=101 10000000000000000000000000000001111001
  J= 97 10000000000000000000000000000011111001
  J= 93 10000000000000000000000000000001100001
  J= 89 10000000000000000000000000000001100001
  J= 85 10000000000000000000000000000001100001
  J= 81 10000000000000000000000000000011100001
  J= 77 10000000000000000000000000000001110001
  J= 73 10000000000000000000000000000001110001
  J= 69 10000000000000000000000000000001100001
  J= 65 10000000000000000000000000000001100001
  J= 61 10000000000000000000000000000000000001
  J= 57 10000000000000000000000000000000000001
  J= 53 10000000000000000000000000000000000001
  J= 49 10000000000000000000000000000000000001
  J= 45 10000000000000000000000000000000000001
  J= 41 10000000000000000000000000000000000001
  J= 37 10000000000000000000000000000000000001
  J= 33 10000000000000000000000000000000000001
  J= 29 10000000000000000000000000000000000001
  J= 25 10000000000000000000000000000000000001
  J= 21 10000000000000000000000000000000000001
  J= 17 10000000000000000000000000000000000001
  J= 13 10000000000000000000000000000000000001
  J=  9 10000000000000000000000000000000000001
  J=  5 10000000000000000000000000000000000001
  J=  1 11111111111111111111111111111111111111

 SNOW/ICE ON ETA GRID 
          (ICE-FREE SEA=0, SNOW-FREE LAND=1, SNOW=2-8 IN., ICE=9)
 *** SNOWDEPTH CAPPED HERE AT 8 INCHES FOR DISPLAY ONLY ***

  J=121 00000000000000000000000000000000000000
  J=117 01111111111111111111111100001000000019
  J=113 00111111111111111111111110111200111110
  J=109 01111111111111111111111111111111111190
  J=105 01111111111111111111111111111111000000
  J=101 01111112221111111111111111111110000110
  J= 97 01112222221111111111111111111100000110
  J= 93 02222222211111111111111111111110011110
  J= 89 02222221111111111111111111111110011110
  J= 85 02221111111111111111111111111110011110
  J= 81 02211111111111111111111111111100011110
  J= 77 02211111111111111111111111111110001110
  J= 73 01111111111111111111111111111110001110
  J= 69 01111111111111111111111111111110011110
  J= 65 01111111111111111111111111111110011110
  J= 61 01111111111111111111111111111111111110
  J= 57 01111111111111111111111111111111111110
  J= 53 01111111111111111111111111111111111110
  J= 49 01111111111111111111111111111111111110
  J= 45 01111111111111111111111111111111111110
  J= 41 01111111111111111111111111111111111110
  J= 37 01111111111111111111111111111111111110
  J= 33 01111111111111111111111111111111111110
  J= 29 01111111111111111111111111111111111110
  J= 25 01111111111111111111111111111111111110
  J= 21 01111111111111111111111111111111111110
  J= 17 01111111111111111111111111111111111110
  J= 13 01111111111111111111111111111111111110
  J=  9 01111111111111111111111111111111111110
  J=  5 01111111111111111111111111111111111110
  J=  1 00000000000000000000000000000000000000
 back from SNOHIRES call
 sample SST values 
282. 282. 282. 281. 278. 279. 278. 277. 274. 274. 274. 275. 275.
282. 282. 282. 281. 279. 279. 278. 277. 274. 274. 274. 275. 275.
282. 283. 282. 282. 279. 279. 279. 278. 274. 274. 274. 275. 275.
283. 283. 283. 282. 279. 280. 279. 278. 275. 274. 274. 275. 276.
283. 283. 283. 282. 280. 280. 280. 279. 275. 274. 275. 276. 276.
283. 283. 283. 282. 280. 280. 280. 279. 276. 275. 275. 276. 276.
283. 283. 283. 283. 281. 281. 280. 280. 277. 275. 276. 276. 276.
284. 284. 284. 283. 281. 281. 281. 280. 277. 276. 276. 276. 276.
284. 284. 284. 283. 281. 282. 281. 280. 278. 276. 276. 276. 276.
284. 284. 284. 283. 282. 282. 281. 281. 278. 277. 276. 276. 276.
284. 284. 284. 283. 282. 282. 282. 281. 279. 277. 276. 276. 276.
284. 285. 285. 284. 282. 283. 282. 281. 279. 278. 276. 276. 276.
285. 285. 285. 284. 283. 283. 283. 282. 279. 278. 277. 276. 276.
285. 285. 285. 284. 283. 283. 283. 282. 280. 279. 277. 277. 276.
285. 285. 285. 284. 284. 284. 283. 283. 281. 279. 278. 277. 277.
285. 286. 286. 285. 284. 284. 284. 283. 281. 280. 279. 277. 277.
286. 286. 286. 285. 284. 284. 284. 283. 281. 280. 280. 278. 278.
286. 286. 286. 285. 285. 285. 285. 284. 282. 281. 280. 279. 278.
286. 286. 286. 286. 285. 285. 285. 284. 282. 281. 281. 279. 279.
286. 286. 287. 286. 285. 286. 285. 285. 283. 282. 281. 280. 279.
286. 287. 287. 286. 286. 286. 286. 285. 283. 282. 282. 280. 280.
287. 287. 287. 287. 286. 286. 286. 286. 284. 282. 283. 281. 281.
287. 287. 287. 287. 286. 287. 286. 286. 284. 283. 283. 282. 281.
287. 287. 288. 287. 287. 287. 287. 286. 285. 284. 284. 282. 282.
287. 288. 288. 287. 287. 287. 287. 287. 286. 284. 284. 283. 282.
288. 288. 288. 288. 288. 288. 287. 287. 286. 285. 285. 284. 283.
288. 288. 288. 288. 288. 288. 288. 288. 286. 285. 286. 284. 284.
288. 288. 289. 288. 288. 288. 288. 288. 287. 286. 286. 285. 285.
288. 289. 289. 289. 289. 289. 289. 289. 287. 286. 286. 285. 285.
289. 289. 289. 289. 289. 289. 289. 289. 288. 287. 287. 286. 286.
289. 289. 289. 289. 289. 290. 289. 289. 288. 287. 288. 287. 286.
 center hlat/hlon    41.60192        265.8688    
 writing vegetation type
 writing soil type
 writing slope type
 calling VFRAC
 AFTER GETGB FOR MONTH             4  IRET=            0
 AFTER GETGB FOR MONTH             5  IRET=            0
 lat and lon for PUTVEG     41.60192        94.13121    
 veg fracs    0.3890000       0.3030000    
 sample VEGFRC values (* 1000) 
  0.   0.   0.   0.   0.   0.   0.   0.   0.   0.   0.   0.   0.
  0. 201. 212. 245. 117. 203. 356. 392.   0.   0.   0.   0. 361.
  0. 187. 225. 251. 166. 277. 364. 394. 463. 460.   0. 455. 357.
  0. 230. 229. 234. 208. 232. 361. 413. 486. 470. 479. 475.   0.
  0. 256. 226. 248. 254. 125. 356. 391. 490. 475. 511.   0.   0.
  0. 226. 246. 271. 263. 132. 327. 405. 502. 490. 496.   0. 467.
  0. 263. 179. 317. 280. 162. 283. 408. 512. 496.   0.   0. 452.
  0. 256. 209. 370. 287. 159. 211. 399. 504. 488. 418. 468. 438.
  0. 243. 258. 381. 334. 202. 178. 386. 512. 427. 427. 457. 429.
  0. 152. 279. 355. 354. 199. 154. 321. 551. 427. 434. 467. 377.
  0. 227. 299. 384. 296. 164. 111. 263. 580. 427.   0. 471. 356.
  0. 307. 276. 384. 310. 149. 101. 276. 556. 480. 433.   0. 479.
  0. 241. 218. 349. 345. 195. 131. 297. 519. 517. 420.   0. 485.
  0. 205. 215. 349. 297. 267. 141. 254. 461. 416. 443. 512. 461.
  0. 195. 209. 310. 288. 283. 198. 316. 389. 315. 470. 470. 392.
  0. 281. 265. 377. 269. 270. 333. 346. 321. 279. 365. 364. 363.
  0. 342. 328. 385. 264. 321. 466. 421. 327. 305. 203. 311. 305.
  0. 303. 325. 297. 267. 305. 496. 523. 380. 400. 170. 298. 342.
  0. 263. 345. 303. 340. 351. 518. 563. 409. 302. 203. 270. 365.
  0. 370. 392. 426. 442. 435. 509. 523. 470. 312. 200. 417. 422.
  0. 393. 407. 460. 502. 538. 543. 518. 545. 309. 348. 553. 509.
  0. 333. 400. 436. 552. 538. 553. 518. 562. 419. 422. 671. 623.
  0. 354. 398. 491. 597. 490. 567. 552. 601. 491. 446. 636. 674.
  0. 338. 412. 488. 601. 483. 594. 619. 627. 508. 467. 661. 718.
  0. 328. 442. 475. 565. 520. 614. 605. 629. 572. 467. 651. 737.
  0. 339. 449. 488. 534. 567. 631. 682. 612. 653. 586. 598. 743.
  0. 299. 361. 515. 631. 615. 668. 714. 632. 614. 652. 630. 749.
  0. 332. 354. 565. 683. 624. 749. 703. 668. 412. 634. 653. 736.
  0. 383. 398. 552. 638. 627. 761. 686. 682. 337. 644. 682. 714.
  0. 298. 380. 593. 589. 614. 784. 741. 650. 286. 610. 735. 722.
  0.   0.   0.   0.   0.   0.   0.   0.   0.   0.   0.   0.   0.
  
 Creating eta initial condition file...
 Write to file : /home/models/iowaeta/worketa/run_time/init.file
 in CONST: pd values
 pdmin in CONST is:     273.0212    
 pdt:     99519.11        94020.18        97144.69    
 fist:    0.0000000E+00    4768.233       0.0000000E+00
 u:             1    2.468418        3.592140       0.3476514    
 u:             2    9.970530        11.09042        4.607541    
 u:             3    16.38484        16.69322        12.59132    
 u:             4    18.83378        18.95313        16.78045    
 u:             5    21.72094        17.62199        23.79545    
 u:             6    27.72361        20.00981        16.13798    
 u:             7    34.60191        23.82452        24.01846    
 u:             8    39.26828        26.73723        33.92846    
 u:             9    37.86098        27.08820        34.47107    
 u:            10    33.29920        24.12340        27.75504    
 u:            11    28.95985        19.83038        24.68172    
 u:            12    25.23543        16.88047        22.25046    
 u:            13    22.53137        16.65508        21.04159    
 u:            14    19.11431        18.41039        20.22518    
 u:            15    16.11464        20.37671        19.34756    
 u:            16    14.47591        21.79539        18.76855    
 u:            17    13.48244        22.75791        18.79960    
 u:            18    11.01293        23.09024        18.56486    
 u:            19    9.842194        22.58721        17.64773    
 u:            20    9.125181        21.49932        16.59005    
 u:            21    6.156174        20.25536        15.52683    
 u:            22    2.296104        19.25018        14.71980    
 u:            23   0.5063916        18.36329        14.42126    
 u:            24   0.2370003        17.80758        14.19036    
 u:            25   0.1219802        17.63715        14.04249    
 u:            26  -0.3209849        17.60844        14.11631    
 u:            27  -0.9290146        17.59273        14.12205    
 u:            28   -1.466737        17.58641        13.80927    
 u:            29   -1.860633        17.72536        13.16768    
 u:            30   -2.099780        17.73308        12.11386    
 u:            31   -2.142287        17.67067        10.68567    
 u:            32   -2.065234        17.87279        9.121723    
 u:            33   -2.096443        17.80487        7.410532    
 u:            34   -2.112249        17.50520        5.739477    
 u:            35   -2.104491        17.01129        4.086128    
 u:            36   -2.085795        16.44926        2.734453    
 u:            37   -2.055687        14.93936        1.516537    
 u:            38   -2.052319        13.15060       0.4823370    
 u:            39   -2.073727        11.43730      -0.4690738    
 u:            40   -2.084534        9.804666      -0.8784049    
 u:            41   -2.085963       0.0000000E+00   -1.038959    
 u:            42   -2.087157       0.0000000E+00   -1.132962    
 u:            43   -2.088061       0.0000000E+00   -1.155323    
 u:            44   -2.088762       0.0000000E+00   -1.172657    
 u:            45   -2.089228       0.0000000E+00   -1.184182    
 v:   -3.192536       -8.183464        27.91215    
 t:    262.5921        262.3069        266.0675    
 q:   1.3570359E-03   1.8365063E-04   5.3689739E-04
  soil tmps (layer 1) 
285. 285. 285. 283. 282. 280. 279. 277. 274. 275. 275. 278. 285.
285. 285. 285. 283. 282. 280. 279. 277. 275. 276. 277. 279. 283.
285. 285. 285. 283. 281. 280. 279. 277. 278. 281. 278. 281. 283.
285. 285. 285. 283. 281. 280. 279. 277. 278. 281. 281. 281. 282.
285. 285. 284. 283. 281. 280. 279. 278. 279. 282. 281. 280. 282.
284. 285. 284. 282. 281. 280. 279. 278. 280. 284. 282. 281. 283.
284. 285. 284. 282. 280. 280. 279. 279. 281. 284. 282. 281. 283.
284. 284. 283. 282. 280. 280. 280. 280. 282. 285. 283. 282. 285.
284. 284. 283. 281. 280. 280. 280. 280. 283. 285. 283. 283. 285.
284. 284. 282. 281. 280. 280. 280. 281. 283. 285. 283. 287. 287.
284. 283. 282. 281. 281. 280. 280. 281. 283. 285. 281. 288. 289.
284. 283. 282. 282. 281. 281. 281. 281. 283. 285. 283. 284. 289.
284. 283. 283. 282. 282. 282. 281. 282. 284. 285. 283. 284. 290.
284. 284. 283. 283. 282. 282. 282. 282. 284. 285. 285. 288. 291.
284. 284. 284. 284. 283. 283. 282. 282. 284. 285. 285. 288. 291.
284. 285. 285. 284. 284. 284. 283. 283. 284. 286. 287. 288. 292.
285. 285. 286. 285. 285. 284. 284. 284. 285. 286. 287. 289. 292.
285. 286. 286. 286. 286. 285. 284. 284. 285. 287. 288. 291. 293.
285. 286. 287. 287. 286. 286. 285. 285. 285. 287. 289. 292. 293.
285. 287. 288. 287. 287. 286. 285. 285. 286. 288. 291. 293. 294.
286. 287. 288. 288. 288. 287. 286. 286. 287. 289. 291. 294. 295.
286. 287. 288. 288. 288. 288. 287. 287. 288. 290. 292. 294. 295.
286. 287. 288. 289. 288. 288. 288. 288. 289. 291. 293. 295. 296.
287. 288. 289. 289. 289. 289. 289. 288. 289. 292. 294. 296. 297.
287. 288. 289. 289. 289. 290. 289. 289. 290. 292. 294. 296. 297.
287. 289. 290. 290. 290. 290. 290. 290. 291. 293. 295. 296. 297.
287. 289. 290. 290. 290. 291. 291. 291. 292. 293. 295. 296. 298.
288. 290. 291. 291. 291. 291. 291. 292. 292. 294. 295. 296. 297.
288. 290. 291. 291. 291. 292. 292. 292. 293. 294. 295. 297. 297.
289. 291. 291. 292. 292. 292. 292. 292. 293. 294. 295. 297. 297.
290. 291. 292. 292. 292. 292. 292. 293. 294. 294. 296. 297. 297.
  
 Creating eta boundary condition files...
 these are dimensioned as lb, which is=           268
 kb,im,jm,imjm,imt,jmt=           268           75          121         9015 
          149           61
 Open BC file  : /home/models/iowaeta/worketa/run_time/bndy.file
 Read from file: /home/models/iowaeta/worketa/run_time/preproc.bc.000
 done reading from file
 Read from file: /home/models/iowaeta/worketa/run_time/preproc.bc.003
 Write to file : /home/models/iowaeta/worketa/run_time/bndy.file
 pdb(1)     99519.11       3.0101996E-02
 pdb(lb/2)     97288.62       6.2050059E-02
 pdb(last)     97159.26       7.6041669E-03
 t(1,lm/2)     267.2950       7.3439987E-06
 t(lb,lm/2)     270.9080      -1.4997130E-04
 Read from file: /home/models/iowaeta/worketa/run_time/preproc.bc.006
 Write to file : /home/models/iowaeta/worketa/run_time/bndy.file
 pdb(1)     99844.21       1.3611111E-02
 pdb(lb/2)     97958.76       4.3140192E-02
 pdb(last)     97241.38       1.3964844E-02
 t(1,lm/2)     267.3743       1.1475457E-04
 t(lb,lm/2)     269.2883      -7.7147306E-05
 duping last tendency with some modification
 pdb(1)     99991.21       1.3611111E-02
 pdb(last)     97392.20       1.3964844E-02
 t(1,lm/2)     268.6137       1.1475457E-04
 t(lb,lm/2)     268.4551      -7.7147306E-05
 Close BC file : /home/models/iowaeta/worketa/run_time/bndy.fil
 STOP_PREP
